{
  "stats": {
    "suites": 38,
    "tests": 179,
    "passes": 115,
    "pending": 0,
    "failures": 64,
    "start": "2020-12-03T21:23:45.056Z",
    "end": "2020-12-03T21:23:45.207Z",
    "duration": 151,
    "testsRegistered": 179,
    "passPercent": 64.24581005586593,
    "pendingPercent": 0,
    "other": 0,
    "hasOther": false,
    "skipped": 0,
    "hasSkipped": false
  },
  "results": [
    {
      "uuid": "852b6464-df84-4dc8-8342-355bf6e3609a",
      "title": "",
      "fullFile": "",
      "file": "",
      "beforeHooks": [],
      "afterHooks": [],
      "tests": [],
      "suites": [
        {
          "uuid": "f16ad88b-cd26-477e-9f16-5408097cf7bb",
          "title": "add.js test",
          "fullFile": "/Users/nghi.thanh/tuni/COMP.SE.200-2020-2021-1-Software-Testing/tests/add.test.js",
          "file": "/tests/add.test.js",
          "beforeHooks": [],
          "afterHooks": [],
          "tests": [
            {
              "title": "1 + 2 should return 3",
              "fullTitle": "add.js test 1 + 2 should return 3",
              "timedOut": false,
              "duration": 1,
              "state": "passed",
              "speed": "fast",
              "pass": true,
              "fail": false,
              "pending": false,
              "context": null,
              "code": "expect((0, _add[\"default\"])(1, 2)).to.equal(3);",
              "err": {},
              "uuid": "3ca8c71e-1cce-47fe-bf06-ec45d45c58bb",
              "parentUUID": "f16ad88b-cd26-477e-9f16-5408097cf7bb",
              "isHook": false,
              "skipped": false
            },
            {
              "title": "'1' + 5 should return 6, number type",
              "fullTitle": "add.js test '1' + 5 should return 6, number type",
              "timedOut": false,
              "duration": 1,
              "state": "failed",
              "speed": null,
              "pass": false,
              "fail": true,
              "pending": false,
              "context": null,
              "code": "expect((0, _add[\"default\"])('1', 5)).to.equal(6);",
              "err": {
                "message": "AssertionError: expected '15' to equal 6",
                "estack": "AssertionError: expected '15' to equal 6\n    at Context.<anonymous> (tests/add.test.js:13:32)\n    at processImmediate (internal/timers.js:461:21)",
                "diff": null
              },
              "uuid": "39588c36-d21b-4235-8cf4-314abd3734fb",
              "parentUUID": "f16ad88b-cd26-477e-9f16-5408097cf7bb",
              "isHook": false,
              "skipped": false
            },
            {
              "title": "'1' + '5' should return 6, number type",
              "fullTitle": "add.js test '1' + '5' should return 6, number type",
              "timedOut": false,
              "duration": 0,
              "state": "failed",
              "speed": null,
              "pass": false,
              "fail": true,
              "pending": false,
              "context": null,
              "code": "expect((0, _add[\"default\"])('1', '5')).to.equal(6);",
              "err": {
                "message": "AssertionError: expected '15' to equal 6",
                "estack": "AssertionError: expected '15' to equal 6\n    at Context.<anonymous> (tests/add.test.js:18:34)\n    at processImmediate (internal/timers.js:461:21)",
                "diff": null
              },
              "uuid": "8b14b38f-bdd7-4b00-adab-ac0042018dcb",
              "parentUUID": "f16ad88b-cd26-477e-9f16-5408097cf7bb",
              "isHook": false,
              "skipped": false
            },
            {
              "title": "1 + '5' should return 6, number type",
              "fullTitle": "add.js test 1 + '5' should return 6, number type",
              "timedOut": false,
              "duration": 0,
              "state": "failed",
              "speed": null,
              "pass": false,
              "fail": true,
              "pending": false,
              "context": null,
              "code": "expect((0, _add[\"default\"])(1, '5')).to.equal(6);",
              "err": {
                "message": "AssertionError: expected '15' to equal 6",
                "estack": "AssertionError: expected '15' to equal 6\n    at Context.<anonymous> (tests/add.test.js:23:32)\n    at processImmediate (internal/timers.js:461:21)",
                "diff": null
              },
              "uuid": "962015f5-d1f3-4bee-b285-e372d89dbd2a",
              "parentUUID": "f16ad88b-cd26-477e-9f16-5408097cf7bb",
              "isHook": false,
              "skipped": false
            },
            {
              "title": "null + 5 should return 5",
              "fullTitle": "add.js test null + 5 should return 5",
              "timedOut": false,
              "duration": 0,
              "state": "passed",
              "speed": "fast",
              "pass": true,
              "fail": false,
              "pending": false,
              "context": null,
              "code": "expect((0, _add[\"default\"])(null, 5)).to.equal(5);",
              "err": {},
              "uuid": "edba7967-729c-48b7-84b7-6d1aa64ed709",
              "parentUUID": "f16ad88b-cd26-477e-9f16-5408097cf7bb",
              "isHook": false,
              "skipped": false
            },
            {
              "title": "5 + undefined should return 5",
              "fullTitle": "add.js test 5 + undefined should return 5",
              "timedOut": false,
              "duration": 0,
              "state": "passed",
              "speed": "fast",
              "pass": true,
              "fail": false,
              "pending": false,
              "context": null,
              "code": "expect((0, _add[\"default\"])(5, undefined)).to.equal(5);",
              "err": {},
              "uuid": "aef9a795-8c90-486e-9c18-e21c6444f7b3",
              "parentUUID": "f16ad88b-cd26-477e-9f16-5408097cf7bb",
              "isHook": false,
              "skipped": false
            },
            {
              "title": "null + undefined should return",
              "fullTitle": "add.js test null + undefined should return",
              "timedOut": false,
              "duration": 0,
              "state": "failed",
              "speed": null,
              "pass": false,
              "fail": true,
              "pending": false,
              "context": null,
              "code": "expect((0, _add[\"default\"])(null, undefined)).to.equal(0);",
              "err": {
                "message": "AssertionError: expected null to equal 0",
                "estack": "AssertionError: expected null to equal 0\n    at Context.<anonymous> (tests/add.test.js:36:41)\n    at processImmediate (internal/timers.js:461:21)",
                "diff": null
              },
              "uuid": "eb44c787-d6e7-43ea-aff3-2bb6a3db4f59",
              "parentUUID": "f16ad88b-cd26-477e-9f16-5408097cf7bb",
              "isHook": false,
              "skipped": false
            }
          ],
          "suites": [],
          "passes": [
            "3ca8c71e-1cce-47fe-bf06-ec45d45c58bb",
            "edba7967-729c-48b7-84b7-6d1aa64ed709",
            "aef9a795-8c90-486e-9c18-e21c6444f7b3"
          ],
          "failures": [
            "39588c36-d21b-4235-8cf4-314abd3734fb",
            "8b14b38f-bdd7-4b00-adab-ac0042018dcb",
            "962015f5-d1f3-4bee-b285-e372d89dbd2a",
            "eb44c787-d6e7-43ea-aff3-2bb6a3db4f59"
          ],
          "pending": [],
          "skipped": [],
          "duration": 2,
          "root": false,
          "rootEmpty": false,
          "_timeout": 2000
        },
        {
          "uuid": "d4bf450e-b47e-4621-9c3e-26cb00fbeed8",
          "title": "Test at.js function",
          "fullFile": "/Users/nghi.thanh/tuni/COMP.SE.200-2020-2021-1-Software-Testing/tests/at.test.js",
          "file": "/tests/at.test.js",
          "beforeHooks": [],
          "afterHooks": [],
          "tests": [
            {
              "title": "Give null to method, return empty array",
              "fullTitle": "Test at.js function Give null to method, return empty array",
              "timedOut": false,
              "duration": 1,
              "state": "passed",
              "speed": "fast",
              "pass": true,
              "fail": false,
              "pending": false,
              "context": null,
              "code": "expect((0, _at[\"default\"])(null)).to.be.instanceOf(Array).that.eql([]);",
              "err": {},
              "uuid": "508e3284-fdcb-451e-a30b-72fcbc475c27",
              "parentUUID": "d4bf450e-b47e-4621-9c3e-26cb00fbeed8",
              "isHook": false,
              "skipped": false
            },
            {
              "title": "Give undefined to method with correct path, return empty array",
              "fullTitle": "Test at.js function Give undefined to method with correct path, return empty array",
              "timedOut": false,
              "duration": 1,
              "state": "failed",
              "speed": null,
              "pass": false,
              "fail": true,
              "pending": false,
              "context": null,
              "code": "expect((0, _at[\"default\"])(undefined, ['title'])).to.be.instanceOf(Array).that.eql([]);",
              "err": {
                "message": "AssertionError: expected [ undefined ] to deeply equal []",
                "estack": "AssertionError: expected [ undefined ] to deeply equal []\n    at Context.<anonymous> (tests/at.test.js:24:71)\n    at processImmediate (internal/timers.js:461:21)",
                "diff": "- [\n-   [undefined]\n- ]\n+ []\n"
              },
              "uuid": "e401e690-d6da-4923-8c3d-c7da2ac7a4d0",
              "parentUUID": "d4bf450e-b47e-4621-9c3e-26cb00fbeed8",
              "isHook": false,
              "skipped": false
            },
            {
              "title": "Give valid to method, return empty array",
              "fullTitle": "Test at.js function Give valid to method, return empty array",
              "timedOut": false,
              "duration": 0,
              "state": "passed",
              "speed": "fast",
              "pass": true,
              "fail": false,
              "pending": false,
              "context": null,
              "code": "expect((0, _at[\"default\"])(VALID_OBJECT)).to.be.instanceOf(Array).that.eql([]);",
              "err": {},
              "uuid": "98508295-c960-4c76-956d-541d822bf91b",
              "parentUUID": "d4bf450e-b47e-4621-9c3e-26cb00fbeed8",
              "isHook": false,
              "skipped": false
            },
            {
              "title": "Give valid to method, with correct path. Return valid result",
              "fullTitle": "Test at.js function Give valid to method, with correct path. Return valid result",
              "timedOut": false,
              "duration": 1,
              "state": "passed",
              "speed": "fast",
              "pass": true,
              "fail": false,
              "pending": false,
              "context": null,
              "code": "expect((0, _at[\"default\"])(VALID_OBJECT, ['title'])).to.be.instanceOf(Array).that.eql([VALID_OBJECT.title]);",
              "err": {},
              "uuid": "5ed8c785-4eb2-425e-962e-0940025e9309",
              "parentUUID": "d4bf450e-b47e-4621-9c3e-26cb00fbeed8",
              "isHook": false,
              "skipped": false
            },
            {
              "title": "Give valid to method, with correct paths. Return valid results",
              "fullTitle": "Test at.js function Give valid to method, with correct paths. Return valid results",
              "timedOut": false,
              "duration": 1,
              "state": "passed",
              "speed": "fast",
              "pass": true,
              "fail": false,
              "pending": false,
              "context": null,
              "code": "expect((0, _at[\"default\"])(VALID_OBJECT, ['title', 'tags[0]'])).to.be.instanceOf(Array).that.eql([VALID_OBJECT.title, VALID_OBJECT.tags[0]]);",
              "err": {},
              "uuid": "5e4b92cd-8b7d-4f9c-b910-d3cec0ba75ec",
              "parentUUID": "d4bf450e-b47e-4621-9c3e-26cb00fbeed8",
              "isHook": false,
              "skipped": false
            }
          ],
          "suites": [],
          "passes": [
            "508e3284-fdcb-451e-a30b-72fcbc475c27",
            "98508295-c960-4c76-956d-541d822bf91b",
            "5ed8c785-4eb2-425e-962e-0940025e9309",
            "5e4b92cd-8b7d-4f9c-b910-d3cec0ba75ec"
          ],
          "failures": [
            "e401e690-d6da-4923-8c3d-c7da2ac7a4d0"
          ],
          "pending": [],
          "skipped": [],
          "duration": 4,
          "root": false,
          "rootEmpty": false,
          "_timeout": 2000
        },
        {
          "uuid": "0b10a44c-524e-45c3-8da6-123b9d8f53f1",
          "title": "camelCase.js test",
          "fullFile": "/Users/nghi.thanh/tuni/COMP.SE.200-2020-2021-1-Software-Testing/tests/camelCase.test.js",
          "file": "/tests/camelCase.test.js",
          "beforeHooks": [],
          "afterHooks": [],
          "tests": [
            {
              "title": "Test assigning an object to the method. Expect an empty string",
              "fullTitle": "camelCase.js test Test assigning an object to the method. Expect an empty string",
              "timedOut": false,
              "duration": 1,
              "state": "failed",
              "speed": null,
              "pass": false,
              "fail": true,
              "pending": false,
              "context": null,
              "code": "assert.strictEqual((0, _camelCase[\"default\"])({\n  foo: 'bar'\n}), '');",
              "err": {
                "message": "AssertionError: expected ' objectObject' to equal ''",
                "estack": "AssertionError: expected ' objectObject' to equal ''\n    at Context.<anonymous> (tests/camelCase.test.js:9:16)\n    at processImmediate (internal/timers.js:461:21)",
                "diff": "-  objectObject\n"
              },
              "uuid": "f1dd8bef-1efc-42bf-94b5-0daeb741974f",
              "parentUUID": "0b10a44c-524e-45c3-8da6-123b9d8f53f1",
              "isHook": false,
              "skipped": false
            },
            {
              "title": "Test assigning null to the method. Expect an empty string",
              "fullTitle": "camelCase.js test Test assigning null to the method. Expect an empty string",
              "timedOut": false,
              "duration": 0,
              "state": "failed",
              "speed": null,
              "pass": false,
              "fail": true,
              "pending": false,
              "context": null,
              "code": "assert.strictEqual((0, _camelCase[\"default\"])(null), '');",
              "err": {
                "message": "AssertionError: expected ' null' to equal ''",
                "estack": "AssertionError: expected ' null' to equal ''\n    at Context.<anonymous> (tests/camelCase.test.js:14:16)\n    at processImmediate (internal/timers.js:461:21)",
                "diff": "-  null\n"
              },
              "uuid": "01510a40-ced3-4a65-8000-b41c409b205a",
              "parentUUID": "0b10a44c-524e-45c3-8da6-123b9d8f53f1",
              "isHook": false,
              "skipped": false
            },
            {
              "title": "Test assigning undefined to the method. Expect an empty string",
              "fullTitle": "camelCase.js test Test assigning undefined to the method. Expect an empty string",
              "timedOut": false,
              "duration": 0,
              "state": "failed",
              "speed": null,
              "pass": false,
              "fail": true,
              "pending": false,
              "context": null,
              "code": "assert.strictEqual((0, _camelCase[\"default\"])(undefined), '');",
              "err": {
                "message": "AssertionError: expected ' undefined' to equal ''",
                "estack": "AssertionError: expected ' undefined' to equal ''\n    at Context.<anonymous> (tests/camelCase.test.js:19:16)\n    at processImmediate (internal/timers.js:461:21)",
                "diff": "-  undefined\n"
              },
              "uuid": "5e4b4b54-968d-4f58-a716-35f1911b8d18",
              "parentUUID": "0b10a44c-524e-45c3-8da6-123b9d8f53f1",
              "isHook": false,
              "skipped": false
            },
            {
              "title": "Test assigning true to the method. Expect boolean in lowercase",
              "fullTitle": "camelCase.js test Test assigning true to the method. Expect boolean in lowercase",
              "timedOut": false,
              "duration": 0,
              "state": "failed",
              "speed": null,
              "pass": false,
              "fail": true,
              "pending": false,
              "context": null,
              "code": "assert.strictEqual((0, _camelCase[\"default\"])(true), 'true');",
              "err": {
                "message": "AssertionError: expected ' true' to equal 'true'",
                "estack": "AssertionError: expected ' true' to equal 'true'\n    at Context.<anonymous> (tests/camelCase.test.js:24:16)\n    at processImmediate (internal/timers.js:461:21)",
                "diff": "-  true\n+ true\n"
              },
              "uuid": "66d21849-2f9d-45e7-b6bf-bc49098acac5",
              "parentUUID": "0b10a44c-524e-45c3-8da6-123b9d8f53f1",
              "isHook": false,
              "skipped": false
            },
            {
              "title": "Test assigning valid string to the method. Expect correctly converted value",
              "fullTitle": "camelCase.js test Test assigning valid string to the method. Expect correctly converted value",
              "timedOut": false,
              "duration": 1,
              "state": "failed",
              "speed": null,
              "pass": false,
              "fail": true,
              "pending": false,
              "context": null,
              "code": "assert.strictEqual((0, _camelCase[\"default\"])('hello world'), 'helloWorld');",
              "err": {
                "message": "AssertionError: expected ' helloWorld' to equal 'helloWorld'",
                "estack": "AssertionError: expected ' helloWorld' to equal 'helloWorld'\n    at Context.<anonymous> (tests/camelCase.test.js:29:16)\n    at processImmediate (internal/timers.js:461:21)",
                "diff": "-  helloWorld\n+ helloWorld\n"
              },
              "uuid": "e6d9768c-f7f6-4696-904f-cdbe41eb8ee0",
              "parentUUID": "0b10a44c-524e-45c3-8da6-123b9d8f53f1",
              "isHook": false,
              "skipped": false
            },
            {
              "title": "Test assigning valid string with special chars to the method. Expect correctly converted value",
              "fullTitle": "camelCase.js test Test assigning valid string with special chars to the method. Expect correctly converted value",
              "timedOut": false,
              "duration": 0,
              "state": "failed",
              "speed": null,
              "pass": false,
              "fail": true,
              "pending": false,
              "context": null,
              "code": "assert.strictEqual((0, _camelCase[\"default\"])('___hello-world! assignment^'), 'helloWorldAssignment');",
              "err": {
                "message": "AssertionError: expected ' helloWorldAssignment' to equal 'helloWorldAssignment'",
                "estack": "AssertionError: expected ' helloWorldAssignment' to equal 'helloWorldAssignment'\n    at Context.<anonymous> (tests/camelCase.test.js:34:16)\n    at processImmediate (internal/timers.js:461:21)",
                "diff": "-  helloWorldAssignment\n+ helloWorldAssignment\n"
              },
              "uuid": "547c79e9-588f-4401-845e-d0e01defd3c9",
              "parentUUID": "0b10a44c-524e-45c3-8da6-123b9d8f53f1",
              "isHook": false,
              "skipped": false
            }
          ],
          "suites": [],
          "passes": [],
          "failures": [
            "f1dd8bef-1efc-42bf-94b5-0daeb741974f",
            "01510a40-ced3-4a65-8000-b41c409b205a",
            "5e4b4b54-968d-4f58-a716-35f1911b8d18",
            "66d21849-2f9d-45e7-b6bf-bc49098acac5",
            "e6d9768c-f7f6-4696-904f-cdbe41eb8ee0",
            "547c79e9-588f-4401-845e-d0e01defd3c9"
          ],
          "pending": [],
          "skipped": [],
          "duration": 2,
          "root": false,
          "rootEmpty": false,
          "_timeout": 2000
        },
        {
          "uuid": "b108884a-ee64-45fd-bd87-9c9ea307d6d7",
          "title": "capitalize test",
          "fullFile": "/Users/nghi.thanh/tuni/COMP.SE.200-2020-2021-1-Software-Testing/tests/capitalize.test.js",
          "file": "/tests/capitalize.test.js",
          "beforeHooks": [],
          "afterHooks": [],
          "tests": [
            {
              "title": "should convert FRED into Fred",
              "fullTitle": "capitalize test should convert FRED into Fred",
              "timedOut": false,
              "duration": 0,
              "state": "passed",
              "speed": "fast",
              "pass": true,
              "fail": false,
              "pending": false,
              "context": null,
              "code": "expect((0, _capitalize[\"default\"])('FRED')).to.equal('Fred');",
              "err": {},
              "uuid": "242111cd-ee0d-49d7-b59c-9c83d5440a1c",
              "parentUUID": "b108884a-ee64-45fd-bd87-9c9ea307d6d7",
              "isHook": false,
              "skipped": false
            },
            {
              "title": "capitalize should return string",
              "fullTitle": "capitalize test capitalize should return string",
              "timedOut": false,
              "duration": 0,
              "state": "passed",
              "speed": "fast",
              "pass": true,
              "fail": false,
              "pending": false,
              "context": null,
              "code": "var result = (0, _capitalize[\"default\"])('fred');\nexpect(result).to.be.a('string');",
              "err": {},
              "uuid": "2fbc1a45-cf77-45a7-92dd-04a5ec3040a8",
              "parentUUID": "b108884a-ee64-45fd-bd87-9c9ea307d6d7",
              "isHook": false,
              "skipped": false
            },
            {
              "title": "should not return string for null, boolean, undefined, number",
              "fullTitle": "capitalize test should not return string for null, boolean, undefined, number",
              "timedOut": false,
              "duration": 1,
              "state": "passed",
              "speed": "fast",
              "pass": true,
              "fail": false,
              "pending": false,
              "context": null,
              "code": "expect((0, _capitalize[\"default\"])(null)).to.not.equal('string');\nexpect((0, _capitalize[\"default\"])(true)).to.not.equal('string');\nexpect((0, _capitalize[\"default\"])(undefined)).to.not.equal('string');\nexpect((0, _capitalize[\"default\"])(123)).to.not.equal('string');",
              "err": {},
              "uuid": "e129f417-9367-4a88-870a-4d318b58933f",
              "parentUUID": "b108884a-ee64-45fd-bd87-9c9ea307d6d7",
              "isHook": false,
              "skipped": false
            }
          ],
          "suites": [],
          "passes": [
            "242111cd-ee0d-49d7-b59c-9c83d5440a1c",
            "2fbc1a45-cf77-45a7-92dd-04a5ec3040a8",
            "e129f417-9367-4a88-870a-4d318b58933f"
          ],
          "failures": [],
          "pending": [],
          "skipped": [],
          "duration": 1,
          "root": false,
          "rootEmpty": false,
          "_timeout": 2000
        },
        {
          "uuid": "c8ec45cd-58e0-4b77-9e48-5cfe823654c3",
          "title": "castArray.js test",
          "fullFile": "/Users/nghi.thanh/tuni/COMP.SE.200-2020-2021-1-Software-Testing/tests/castArray.test.js",
          "file": "/tests/castArray.test.js",
          "beforeHooks": [],
          "afterHooks": [],
          "tests": [
            {
              "title": "cast null should return array with null as first item",
              "fullTitle": "castArray.js test cast null should return array with null as first item",
              "timedOut": false,
              "duration": 0,
              "state": "passed",
              "speed": "fast",
              "pass": true,
              "fail": false,
              "pending": false,
              "context": null,
              "code": "assert.deepEqual([null], (0, _castArray[\"default\"])(null));",
              "err": {},
              "uuid": "eaffe8ee-5af2-438a-9f49-070268a6b406",
              "parentUUID": "c8ec45cd-58e0-4b77-9e48-5cfe823654c3",
              "isHook": false,
              "skipped": false
            },
            {
              "title": "cast undefined should return array with undefined as first item",
              "fullTitle": "castArray.js test cast undefined should return array with undefined as first item",
              "timedOut": false,
              "duration": 0,
              "state": "passed",
              "speed": "fast",
              "pass": true,
              "fail": false,
              "pending": false,
              "context": null,
              "code": "assert.deepEqual([undefined], (0, _castArray[\"default\"])(undefined));",
              "err": {},
              "uuid": "a4c175fe-43c6-451b-9555-ce7bbe4921fb",
              "parentUUID": "c8ec45cd-58e0-4b77-9e48-5cfe823654c3",
              "isHook": false,
              "skipped": false
            },
            {
              "title": "cast nothing should return an empty array",
              "fullTitle": "castArray.js test cast nothing should return an empty array",
              "timedOut": false,
              "duration": 0,
              "state": "failed",
              "speed": null,
              "pass": false,
              "fail": true,
              "pending": false,
              "context": null,
              "code": "assert.deepEqual([], (0, _castArray[\"default\"])());",
              "err": {
                "message": "AssertionError: expected [] to deeply equal [ undefined ]",
                "estack": "AssertionError: expected [] to deeply equal [ undefined ]\n    at Context.<anonymous> (tests/castArray.test.js:17:16)\n    at processImmediate (internal/timers.js:461:21)",
                "diff": "- []\n+ [\n+   [undefined]\n+ ]\n"
              },
              "uuid": "1566b5c0-d5c2-4643-b257-61c1c28a9fba",
              "parentUUID": "c8ec45cd-58e0-4b77-9e48-5cfe823654c3",
              "isHook": false,
              "skipped": false
            },
            {
              "title": "cast parameters 1, 'a', 5 should return an array [1, 'a', 5] ",
              "fullTitle": "castArray.js test cast parameters 1, 'a', 5 should return an array [1, 'a', 5] ",
              "timedOut": false,
              "duration": 1,
              "state": "failed",
              "speed": null,
              "pass": false,
              "fail": true,
              "pending": false,
              "context": null,
              "code": "assert.deepEqual((0, _castArray[\"default\"])(1, 'a', 5), [1, 'a', 5]);",
              "err": {
                "message": "AssertionError: expected [ 1 ] to deeply equal [ 1, 'a', 5 ]",
                "estack": "AssertionError: expected [ 1 ] to deeply equal [ 1, 'a', 5 ]\n    at Context.<anonymous> (tests/castArray.test.js:22:16)\n    at processImmediate (internal/timers.js:461:21)",
                "diff": " [\n   1\n+   \"a\"\n+   5\n ]\n"
              },
              "uuid": "59be86a9-110d-4c14-b0bc-590ed82ca464",
              "parentUUID": "c8ec45cd-58e0-4b77-9e48-5cfe823654c3",
              "isHook": false,
              "skipped": false
            },
            {
              "title": "cast a parameter 'abc' should return an array ['abc'] ",
              "fullTitle": "castArray.js test cast a parameter 'abc' should return an array ['abc'] ",
              "timedOut": false,
              "duration": 0,
              "state": "passed",
              "speed": "fast",
              "pass": true,
              "fail": false,
              "pending": false,
              "context": null,
              "code": "assert.deepEqual((0, _castArray[\"default\"])('abc'), ['abc']);",
              "err": {},
              "uuid": "d34ba7ca-f2ca-40eb-a059-5c51913be9b0",
              "parentUUID": "c8ec45cd-58e0-4b77-9e48-5cfe823654c3",
              "isHook": false,
              "skipped": false
            },
            {
              "title": "cast a parameter {foo: 'abc'} should return an array [{foo: 'abc'}] ",
              "fullTitle": "castArray.js test cast a parameter {foo: 'abc'} should return an array [{foo: 'abc'}] ",
              "timedOut": false,
              "duration": 0,
              "state": "passed",
              "speed": "fast",
              "pass": true,
              "fail": false,
              "pending": false,
              "context": null,
              "code": "assert.deepEqual((0, _castArray[\"default\"])({\n  foo: 'abc'\n}), [{\n  foo: 'abc'\n}]);",
              "err": {},
              "uuid": "901fac3b-21c4-42c0-889f-f97bcec6b58e",
              "parentUUID": "c8ec45cd-58e0-4b77-9e48-5cfe823654c3",
              "isHook": false,
              "skipped": false
            },
            {
              "title": "cast parameters (3, [2, 3]) should return an array [3, 2, 3]",
              "fullTitle": "castArray.js test cast parameters (3, [2, 3]) should return an array [3, 2, 3]",
              "timedOut": false,
              "duration": 0,
              "state": "failed",
              "speed": null,
              "pass": false,
              "fail": true,
              "pending": false,
              "context": null,
              "code": "assert.deepEqual((0, _castArray[\"default\"])(3, [2, 3]), [3, 2, 3]);",
              "err": {
                "message": "AssertionError: expected [ 3 ] to deeply equal [ 3, 2, 3 ]",
                "estack": "AssertionError: expected [ 3 ] to deeply equal [ 3, 2, 3 ]\n    at Context.<anonymous> (tests/castArray.test.js:35:16)\n    at processImmediate (internal/timers.js:461:21)",
                "diff": " [\n   3\n+   2\n+   3\n ]\n"
              },
              "uuid": "384fbb97-1a57-4bc8-8d02-34d972bf9d3c",
              "parentUUID": "c8ec45cd-58e0-4b77-9e48-5cfe823654c3",
              "isHook": false,
              "skipped": false
            },
            {
              "title": "cast a single paramter, return an array of that parameter",
              "fullTitle": "castArray.js test cast a single paramter, return an array of that parameter",
              "timedOut": false,
              "duration": 0,
              "state": "passed",
              "speed": "fast",
              "pass": true,
              "fail": false,
              "pending": false,
              "context": null,
              "code": "assert.deepEqual((0, _castArray[\"default\"])(1), [1]);",
              "err": {},
              "uuid": "db4be779-df79-45c0-b983-ae94e7a14d0a",
              "parentUUID": "c8ec45cd-58e0-4b77-9e48-5cfe823654c3",
              "isHook": false,
              "skipped": false
            },
            {
              "title": "cast an array, expect return the array",
              "fullTitle": "castArray.js test cast an array, expect return the array",
              "timedOut": false,
              "duration": 0,
              "state": "passed",
              "speed": "fast",
              "pass": true,
              "fail": false,
              "pending": false,
              "context": null,
              "code": "assert.deepEqual((0, _castArray[\"default\"])([1, 2, 3]), [1, 2, 3]);",
              "err": {},
              "uuid": "0557f952-66e7-4427-aba4-1069f6e96c1c",
              "parentUUID": "c8ec45cd-58e0-4b77-9e48-5cfe823654c3",
              "isHook": false,
              "skipped": false
            }
          ],
          "suites": [],
          "passes": [
            "eaffe8ee-5af2-438a-9f49-070268a6b406",
            "a4c175fe-43c6-451b-9555-ce7bbe4921fb",
            "d34ba7ca-f2ca-40eb-a059-5c51913be9b0",
            "901fac3b-21c4-42c0-889f-f97bcec6b58e",
            "db4be779-df79-45c0-b983-ae94e7a14d0a",
            "0557f952-66e7-4427-aba4-1069f6e96c1c"
          ],
          "failures": [
            "1566b5c0-d5c2-4643-b257-61c1c28a9fba",
            "59be86a9-110d-4c14-b0bc-590ed82ca464",
            "384fbb97-1a57-4bc8-8d02-34d972bf9d3c"
          ],
          "pending": [],
          "skipped": [],
          "duration": 1,
          "root": false,
          "rootEmpty": false,
          "_timeout": 2000
        },
        {
          "uuid": "59ebef0c-7460-444a-95f5-618f8e61fbb3",
          "title": "ceil test",
          "fullFile": "/Users/nghi.thanh/tuni/COMP.SE.200-2020-2021-1-Software-Testing/tests/ceil.test.js",
          "file": "/tests/ceil.test.js",
          "beforeHooks": [],
          "afterHooks": [],
          "tests": [
            {
              "title": "4.006 with precision 0 should return 5",
              "fullTitle": "ceil test 4.006 with precision 0 should return 5",
              "timedOut": false,
              "duration": 0,
              "state": "passed",
              "speed": "fast",
              "pass": true,
              "fail": false,
              "pending": false,
              "context": null,
              "code": "expect((0, _ceil[\"default\"])(4.006)).to.equal(5);",
              "err": {},
              "uuid": "ad24e06f-0d14-4467-9f0f-f324c702f95e",
              "parentUUID": "59ebef0c-7460-444a-95f5-618f8e61fbb3",
              "isHook": false,
              "skipped": false
            },
            {
              "title": "6.004 with precision 2 should return 6.01",
              "fullTitle": "ceil test 6.004 with precision 2 should return 6.01",
              "timedOut": false,
              "duration": 0,
              "state": "passed",
              "speed": "fast",
              "pass": true,
              "fail": false,
              "pending": false,
              "context": null,
              "code": "expect((0, _ceil[\"default\"])(6.004, 2)).to.equal(6.01);",
              "err": {},
              "uuid": "e68f68ce-8709-4529-960a-cc2bbd490e6e",
              "parentUUID": "59ebef0c-7460-444a-95f5-618f8e61fbb3",
              "isHook": false,
              "skipped": false
            },
            {
              "title": "6040 with precision -2 should return 6100",
              "fullTitle": "ceil test 6040 with precision -2 should return 6100",
              "timedOut": false,
              "duration": 0,
              "state": "passed",
              "speed": "fast",
              "pass": true,
              "fail": false,
              "pending": false,
              "context": null,
              "code": "expect((0, _ceil[\"default\"])(6040, -2)).to.equal(6100);",
              "err": {},
              "uuid": "c71b2af7-d4a4-4b17-9ea0-e96c33ba9374",
              "parentUUID": "59ebef0c-7460-444a-95f5-618f8e61fbb3",
              "isHook": false,
              "skipped": false
            },
            {
              "title": "passing null, undefined, NaN, string should not give results",
              "fullTitle": "ceil test passing null, undefined, NaN, string should not give results",
              "timedOut": false,
              "duration": 0,
              "state": "passed",
              "speed": "fast",
              "pass": true,
              "fail": false,
              "pending": false,
              "context": null,
              "code": "expect((0, _ceil[\"default\"])(null)).to.not.equal('number');\nexpect((0, _ceil[\"default\"])(undefined)).to.not.equal('number');\nexpect((0, _ceil[\"default\"])(NaN)).to.not.equal('number');\nexpect((0, _ceil[\"default\"])('abc')).to.not.equal('number');",
              "err": {},
              "uuid": "69326b29-fbf3-4f8d-b0a5-4f885424ec97",
              "parentUUID": "59ebef0c-7460-444a-95f5-618f8e61fbb3",
              "isHook": false,
              "skipped": false
            }
          ],
          "suites": [],
          "passes": [
            "ad24e06f-0d14-4467-9f0f-f324c702f95e",
            "e68f68ce-8709-4529-960a-cc2bbd490e6e",
            "c71b2af7-d4a4-4b17-9ea0-e96c33ba9374",
            "69326b29-fbf3-4f8d-b0a5-4f885424ec97"
          ],
          "failures": [],
          "pending": [],
          "skipped": [],
          "duration": 0,
          "root": false,
          "rootEmpty": false,
          "_timeout": 2000
        },
        {
          "uuid": "6694267c-a1fd-46ca-8e8b-ecc086012142",
          "title": "chunk.js test",
          "fullFile": "/Users/nghi.thanh/tuni/COMP.SE.200-2020-2021-1-Software-Testing/tests/chunk.test.js",
          "file": "/tests/chunk.test.js",
          "beforeHooks": [],
          "afterHooks": [],
          "tests": [
            {
              "title": "chunk a valid array with zero size, expect return unchanged array",
              "fullTitle": "chunk.js test chunk a valid array with zero size, expect return unchanged array",
              "timedOut": false,
              "duration": 1,
              "state": "failed",
              "speed": null,
              "pass": false,
              "fail": true,
              "pending": false,
              "context": null,
              "code": "assert.deepEqual((0, _chunk[\"default\"])([1, 2, 3], 0), [1, 2, 3]);",
              "err": {
                "message": "AssertionError: expected [] to deeply equal [ 1, 2, 3 ]",
                "estack": "AssertionError: expected [] to deeply equal [ 1, 2, 3 ]\n    at Context.<anonymous> (tests/chunk.test.js:10:16)\n    at processImmediate (internal/timers.js:461:21)",
                "diff": "- []\n+ [\n+   1\n+   2\n+   3\n+ ]\n"
              },
              "uuid": "071b7d64-a476-4f73-97ed-4ba9f87c63f1",
              "parentUUID": "6694267c-a1fd-46ca-8e8b-ecc086012142",
              "isHook": false,
              "skipped": false
            },
            {
              "title": "chunk a valid array with negavitve size, expect empty array",
              "fullTitle": "chunk.js test chunk a valid array with negavitve size, expect empty array",
              "timedOut": false,
              "duration": 0,
              "state": "passed",
              "speed": "fast",
              "pass": true,
              "fail": false,
              "pending": false,
              "context": null,
              "code": "assert.deepEqual((0, _chunk[\"default\"])([1, 2, 3], -100.55), []);",
              "err": {},
              "uuid": "83bbb0f3-e64d-4426-b215-689dd8dca426",
              "parentUUID": "6694267c-a1fd-46ca-8e8b-ecc086012142",
              "isHook": false,
              "skipped": false
            },
            {
              "title": "chunk an empty array with valid size, expect empty array",
              "fullTitle": "chunk.js test chunk an empty array with valid size, expect empty array",
              "timedOut": false,
              "duration": 0,
              "state": "passed",
              "speed": "fast",
              "pass": true,
              "fail": false,
              "pending": false,
              "context": null,
              "code": "assert.deepEqual((0, _chunk[\"default\"])([], 10), []);",
              "err": {},
              "uuid": "65d8ca4a-7604-4642-81f3-f4b5da76037f",
              "parentUUID": "6694267c-a1fd-46ca-8e8b-ecc086012142",
              "isHook": false,
              "skipped": false
            },
            {
              "title": "chunk an empty array with negative size, expect empty array",
              "fullTitle": "chunk.js test chunk an empty array with negative size, expect empty array",
              "timedOut": false,
              "duration": 0,
              "state": "passed",
              "speed": "fast",
              "pass": true,
              "fail": false,
              "pending": false,
              "context": null,
              "code": "assert.deepEqual((0, _chunk[\"default\"])([], -10), []);",
              "err": {},
              "uuid": "1ad05f0e-6603-42c3-966e-982834dd0ced",
              "parentUUID": "6694267c-a1fd-46ca-8e8b-ecc086012142",
              "isHook": false,
              "skipped": false
            },
            {
              "title": "chunk invalid type with valid size, expect thrown error",
              "fullTitle": "chunk.js test chunk invalid type with valid size, expect thrown error",
              "timedOut": false,
              "duration": 1,
              "state": "failed",
              "speed": null,
              "pass": false,
              "fail": true,
              "pending": false,
              "context": null,
              "code": "assert[\"throws\"](function () {\n  (0, _chunk[\"default\"])(\"hello world\", 2);\n}, 'Invalid input');",
              "err": {
                "message": "AssertionError: expected [Function] to throw an error",
                "estack": "AssertionError: expected [Function] to throw an error\n    at Context.<anonymous> (tests/chunk.test.js:28:9)\n    at processImmediate (internal/timers.js:461:21)",
                "diff": null
              },
              "uuid": "fe404669-cc5b-4f74-9fae-a9dc357f6f4e",
              "parentUUID": "6694267c-a1fd-46ca-8e8b-ecc086012142",
              "isHook": false,
              "skipped": false
            },
            {
              "title": "chunk valid type with valid size, expect valid sub arrays",
              "fullTitle": "chunk.js test chunk valid type with valid size, expect valid sub arrays",
              "timedOut": false,
              "duration": 0,
              "state": "failed",
              "speed": null,
              "pass": false,
              "fail": true,
              "pending": false,
              "context": null,
              "code": "assert.deepEqual((0, _chunk[\"default\"])(['foo', 'doctor', 'hello'], 2), [['foo', 'doctor'], ['hello']]);",
              "err": {
                "message": "AssertionError: expected [ [ 'hello', undefined ],  ] to deeply equal [ [ 'foo', 'doctor' ], [ 'hello' ] ]",
                "estack": "AssertionError: expected [ [ 'hello', undefined ],  ] to deeply equal [ [ 'foo', 'doctor' ], [ 'hello' ] ]\n    at Context.<anonymous> (tests/chunk.test.js:35:16)\n    at processImmediate (internal/timers.js:461:21)",
                "diff": " [\n   [\n+     \"foo\"\n+     \"doctor\"\n+   ]\n+   [\n     \"hello\"\n-     [undefined]\n   ]\n ]\n"
              },
              "uuid": "153e343e-4c5d-4207-b292-98de689627e5",
              "parentUUID": "6694267c-a1fd-46ca-8e8b-ecc086012142",
              "isHook": false,
              "skipped": false
            },
            {
              "title": "chunk an array without explicitly size, default size is 1",
              "fullTitle": "chunk.js test chunk an array without explicitly size, default size is 1",
              "timedOut": false,
              "duration": 0,
              "state": "failed",
              "speed": null,
              "pass": false,
              "fail": true,
              "pending": false,
              "context": null,
              "code": "assert.deepEqual((0, _chunk[\"default\"])(['a', 'b', 'c', 'd']), [['a'], ['b'], ['c'], ['d']]);",
              "err": {
                "message": "AssertionError: expected [ [ 'd' ], , ,  ] to deeply equal [ [ 'a' ], [ 'b' ], [ 'c' ], [ 'd' ] ]",
                "estack": "AssertionError: expected [ [ 'd' ], , ,  ] to deeply equal [ [ 'a' ], [ 'b' ], [ 'c' ], [ 'd' ] ]\n    at Context.<anonymous> (tests/chunk.test.js:39:16)\n    at processImmediate (internal/timers.js:461:21)",
                "diff": " [\n   [\n+     \"a\"\n+   ]\n+   [\n+     \"b\"\n+   ]\n+   [\n+     \"c\"\n+   ]\n+   [\n     \"d\"\n   ]\n ]\n"
              },
              "uuid": "38fa626a-5c64-4c1d-a6ee-b36897dfa929",
              "parentUUID": "6694267c-a1fd-46ca-8e8b-ecc086012142",
              "isHook": false,
              "skipped": false
            },
            {
              "title": "chunk a null, then expect return empty array, discard size",
              "fullTitle": "chunk.js test chunk a null, then expect return empty array, discard size",
              "timedOut": false,
              "duration": 0,
              "state": "passed",
              "speed": "fast",
              "pass": true,
              "fail": false,
              "pending": false,
              "context": null,
              "code": "assert.deepEqual((0, _chunk[\"default\"])(null, 2), []);",
              "err": {},
              "uuid": "35ed1e97-a7ee-4edb-86f9-8bd82ddee4dd",
              "parentUUID": "6694267c-a1fd-46ca-8e8b-ecc086012142",
              "isHook": false,
              "skipped": false
            }
          ],
          "suites": [],
          "passes": [
            "83bbb0f3-e64d-4426-b215-689dd8dca426",
            "65d8ca4a-7604-4642-81f3-f4b5da76037f",
            "1ad05f0e-6603-42c3-966e-982834dd0ced",
            "35ed1e97-a7ee-4edb-86f9-8bd82ddee4dd"
          ],
          "failures": [
            "071b7d64-a476-4f73-97ed-4ba9f87c63f1",
            "fe404669-cc5b-4f74-9fae-a9dc357f6f4e",
            "153e343e-4c5d-4207-b292-98de689627e5",
            "38fa626a-5c64-4c1d-a6ee-b36897dfa929"
          ],
          "pending": [],
          "skipped": [],
          "duration": 2,
          "root": false,
          "rootEmpty": false,
          "_timeout": 2000
        },
        {
          "uuid": "b447c075-2fe1-40af-9216-e6e475789e38",
          "title": "clamp.js test",
          "fullFile": "/Users/nghi.thanh/tuni/COMP.SE.200-2020-2021-1-Software-Testing/tests/clamp.test.js",
          "file": "/tests/clamp.test.js",
          "beforeHooks": [],
          "afterHooks": [],
          "tests": [
            {
              "title": "clamp null in range, should throw error",
              "fullTitle": "clamp.js test clamp null in range, should throw error",
              "timedOut": false,
              "duration": 0,
              "state": "failed",
              "speed": null,
              "pass": false,
              "fail": true,
              "pending": false,
              "context": null,
              "code": "assert[\"throws\"](function () {\n  (0, _clamp[\"default\"])(null, 1, 10);\n}, 'Invalid Argument');",
              "err": {
                "message": "AssertionError: expected [Function] to throw an error",
                "estack": "AssertionError: expected [Function] to throw an error\n    at Context.<anonymous> (tests/clamp.test.js:8:9)\n    at processImmediate (internal/timers.js:461:21)",
                "diff": null
              },
              "uuid": "a5e3151a-d969-434b-9daf-caeed408d510",
              "parentUUID": "b447c075-2fe1-40af-9216-e6e475789e38",
              "isHook": false,
              "skipped": false
            },
            {
              "title": "clamp undefined in range, should throw error",
              "fullTitle": "clamp.js test clamp undefined in range, should throw error",
              "timedOut": false,
              "duration": 0,
              "state": "failed",
              "speed": null,
              "pass": false,
              "fail": true,
              "pending": false,
              "context": null,
              "code": "assert[\"throws\"](function () {\n  (0, _clamp[\"default\"])(undefined, 1, 10);\n}, 'Invalid Argument');",
              "err": {
                "message": "AssertionError: expected [Function] to throw an error",
                "estack": "AssertionError: expected [Function] to throw an error\n    at Context.<anonymous> (tests/clamp.test.js:14:9)\n    at processImmediate (internal/timers.js:461:21)",
                "diff": null
              },
              "uuid": "a115e53f-9a63-4a0f-90ef-97a3df3f00b7",
              "parentUUID": "b447c075-2fe1-40af-9216-e6e475789e38",
              "isHook": false,
              "skipped": false
            },
            {
              "title": "clamp without parameters, should throw error",
              "fullTitle": "clamp.js test clamp without parameters, should throw error",
              "timedOut": false,
              "duration": 0,
              "state": "failed",
              "speed": null,
              "pass": false,
              "fail": true,
              "pending": false,
              "context": null,
              "code": "assert[\"throws\"](function () {\n  (0, _clamp[\"default\"])();\n}, 'Invalid Argument');",
              "err": {
                "message": "AssertionError: expected [Function] to throw an error",
                "estack": "AssertionError: expected [Function] to throw an error\n    at Context.<anonymous> (tests/clamp.test.js:20:9)\n    at processImmediate (internal/timers.js:461:21)",
                "diff": null
              },
              "uuid": "ec6fba0c-d468-4a9d-adac-b9b047305d74",
              "parentUUID": "b447c075-2fe1-40af-9216-e6e475789e38",
              "isHook": false,
              "skipped": false
            },
            {
              "title": "clamp number in incorrect range, should thrown error",
              "fullTitle": "clamp.js test clamp number in incorrect range, should thrown error",
              "timedOut": false,
              "duration": 0,
              "state": "failed",
              "speed": null,
              "pass": false,
              "fail": true,
              "pending": false,
              "context": null,
              "code": "assert[\"throws\"](function () {\n  (0, _clamp[\"default\"])(10, 100, 1);\n}, 'Invalid Range');",
              "err": {
                "message": "AssertionError: expected [Function] to throw an error",
                "estack": "AssertionError: expected [Function] to throw an error\n    at Context.<anonymous> (tests/clamp.test.js:26:9)\n    at processImmediate (internal/timers.js:461:21)",
                "diff": null
              },
              "uuid": "59458729-218c-49a3-a4e3-50ab9baee69b",
              "parentUUID": "b447c075-2fe1-40af-9216-e6e475789e38",
              "isHook": false,
              "skipped": false
            },
            {
              "title": "clamp number in range without lower, should thrown error",
              "fullTitle": "clamp.js test clamp number in range without lower, should thrown error",
              "timedOut": false,
              "duration": 0,
              "state": "failed",
              "speed": null,
              "pass": false,
              "fail": true,
              "pending": false,
              "context": null,
              "code": "assert[\"throws\"](function () {\n  (0, _clamp[\"default\"])(10, null, 1);\n}, 'Invalid Range');",
              "err": {
                "message": "AssertionError: expected [Function] to throw an error",
                "estack": "AssertionError: expected [Function] to throw an error\n    at Context.<anonymous> (tests/clamp.test.js:32:9)\n    at processImmediate (internal/timers.js:461:21)",
                "diff": null
              },
              "uuid": "c6668ca0-f22b-4452-ab71-0dcd9ad858de",
              "parentUUID": "b447c075-2fe1-40af-9216-e6e475789e38",
              "isHook": false,
              "skipped": false
            },
            {
              "title": "clamp number in range without upper, should thrown error",
              "fullTitle": "clamp.js test clamp number in range without upper, should thrown error",
              "timedOut": false,
              "duration": 1,
              "state": "failed",
              "speed": null,
              "pass": false,
              "fail": true,
              "pending": false,
              "context": null,
              "code": "assert[\"throws\"](function () {\n  (0, _clamp[\"default\"])(10, 1);\n}, 'Invalid Range');",
              "err": {
                "message": "AssertionError: expected [Function] to throw an error",
                "estack": "AssertionError: expected [Function] to throw an error\n    at Context.<anonymous> (tests/clamp.test.js:38:9)\n    at processImmediate (internal/timers.js:461:21)",
                "diff": null
              },
              "uuid": "e737f781-ce39-4d28-b1dc-a0203ede7337",
              "parentUUID": "b447c075-2fe1-40af-9216-e6e475789e38",
              "isHook": false,
              "skipped": false
            },
            {
              "title": "clamp number in range, return number itself",
              "fullTitle": "clamp.js test clamp number in range, return number itself",
              "timedOut": false,
              "duration": 1,
              "state": "failed",
              "speed": null,
              "pass": false,
              "fail": true,
              "pending": false,
              "context": null,
              "code": "assert.strictEqual((0, _clamp[\"default\"])(42, 0, 1337), 42);",
              "err": {
                "message": "AssertionError: expected 0 to equal 42",
                "estack": "AssertionError: expected 0 to equal 42\n    at Context.<anonymous> (tests/clamp.test.js:44:16)\n    at processImmediate (internal/timers.js:461:21)",
                "diff": "- 0\n+ 42\n"
              },
              "uuid": "cb52d9ee-2310-4f36-b65f-503cd9cb8b1f",
              "parentUUID": "b447c075-2fe1-40af-9216-e6e475789e38",
              "isHook": false,
              "skipped": false
            },
            {
              "title": "clamp number less than range, return range lowest number",
              "fullTitle": "clamp.js test clamp number less than range, return range lowest number",
              "timedOut": false,
              "duration": 1,
              "state": "passed",
              "speed": "fast",
              "pass": true,
              "fail": false,
              "pending": false,
              "context": null,
              "code": "assert.strictEqual((0, _clamp[\"default\"])(42, 1337, 9000), 1337);",
              "err": {},
              "uuid": "1c4b485c-4f2b-48f5-9206-73806f4e95c0",
              "parentUUID": "b447c075-2fe1-40af-9216-e6e475789e38",
              "isHook": false,
              "skipped": false
            },
            {
              "title": "clamp number greater than range, return range largest number",
              "fullTitle": "clamp.js test clamp number greater than range, return range largest number",
              "timedOut": false,
              "duration": 0,
              "state": "failed",
              "speed": null,
              "pass": false,
              "fail": true,
              "pending": false,
              "context": null,
              "code": "assert.strictEqual((0, _clamp[\"default\"])(42, 0, 10), 10);",
              "err": {
                "message": "AssertionError: expected 0 to equal 10",
                "estack": "AssertionError: expected 0 to equal 10\n    at Context.<anonymous> (tests/clamp.test.js:52:16)\n    at processImmediate (internal/timers.js:461:21)",
                "diff": "- 0\n+ 10\n"
              },
              "uuid": "084879cc-469b-4f07-8996-e4bb82d4f2a8",
              "parentUUID": "b447c075-2fe1-40af-9216-e6e475789e38",
              "isHook": false,
              "skipped": false
            }
          ],
          "suites": [],
          "passes": [
            "1c4b485c-4f2b-48f5-9206-73806f4e95c0"
          ],
          "failures": [
            "a5e3151a-d969-434b-9daf-caeed408d510",
            "a115e53f-9a63-4a0f-90ef-97a3df3f00b7",
            "ec6fba0c-d468-4a9d-adac-b9b047305d74",
            "59458729-218c-49a3-a4e3-50ab9baee69b",
            "c6668ca0-f22b-4452-ab71-0dcd9ad858de",
            "e737f781-ce39-4d28-b1dc-a0203ede7337",
            "cb52d9ee-2310-4f36-b65f-503cd9cb8b1f",
            "084879cc-469b-4f07-8996-e4bb82d4f2a8"
          ],
          "pending": [],
          "skipped": [],
          "duration": 3,
          "root": false,
          "rootEmpty": false,
          "_timeout": 2000
        },
        {
          "uuid": "3c8cc2e6-5048-46d1-a194-20cd8408bfe2",
          "title": "compact.js test",
          "fullFile": "/Users/nghi.thanh/tuni/COMP.SE.200-2020-2021-1-Software-Testing/tests/compact.test.js",
          "file": "/tests/compact.test.js",
          "beforeHooks": [],
          "afterHooks": [],
          "tests": [
            {
              "title": "compact an empty array, return empty array",
              "fullTitle": "compact.js test compact an empty array, return empty array",
              "timedOut": false,
              "duration": 1,
              "state": "passed",
              "speed": "fast",
              "pass": true,
              "fail": false,
              "pending": false,
              "context": null,
              "code": "assert.deepEqual((0, _compact[\"default\"])([]), []);",
              "err": {},
              "uuid": "299954dc-309c-4e94-8498-6dd5b735822b",
              "parentUUID": "3c8cc2e6-5048-46d1-a194-20cd8408bfe2",
              "isHook": false,
              "skipped": false
            },
            {
              "title": "compact null, expect throws error",
              "fullTitle": "compact.js test compact null, expect throws error",
              "timedOut": false,
              "duration": 1,
              "state": "failed",
              "speed": null,
              "pass": false,
              "fail": true,
              "pending": false,
              "context": null,
              "code": "assert[\"throw\"](function () {\n  (0, _compact[\"default\"])(null);\n}, 'Invalid argument');",
              "err": {
                "message": "AssertionError: expected [Function] to throw error including 'Invalid argument' but got 'object null is not iterable (cannot read property Symbol(Symbol.iterator))'",
                "estack": "AssertionError: expected [Function] to throw error including 'Invalid argument' but got 'object null is not iterable (cannot read property Symbol(Symbol.iterator))'\n    at Context.<anonymous> (tests/compact.test.js:13:9)\n    at processImmediate (internal/timers.js:461:21)",
                "diff": "- object null is not iterable (cannot read property Symbol(Symbol.iterator))\n+ Invalid argument\n"
              },
              "uuid": "520986a3-9e32-4ba2-8b49-b0e06b6b58fb",
              "parentUUID": "3c8cc2e6-5048-46d1-a194-20cd8408bfe2",
              "isHook": false,
              "skipped": false
            },
            {
              "title": "compact undefined, expect throws error",
              "fullTitle": "compact.js test compact undefined, expect throws error",
              "timedOut": false,
              "duration": 0,
              "state": "failed",
              "speed": null,
              "pass": false,
              "fail": true,
              "pending": false,
              "context": null,
              "code": "assert[\"throw\"](function () {\n  (0, _compact[\"default\"])(undefined);\n}, 'Invalid argument');",
              "err": {
                "message": "AssertionError: expected [Function] to throw error including 'Invalid argument' but got 'undefined is not iterable (cannot read property Symbol(Symbol.iterator))'",
                "estack": "AssertionError: expected [Function] to throw error including 'Invalid argument' but got 'undefined is not iterable (cannot read property Symbol(Symbol.iterator))'\n    at Context.<anonymous> (tests/compact.test.js:19:9)\n    at processImmediate (internal/timers.js:461:21)",
                "diff": "- undefined is not iterable (cannot read property Symbol(Symbol.iterator))\n+ Invalid argument\n"
              },
              "uuid": "cbbb85f1-e287-4e42-9e35-f3d3ddbf99e3",
              "parentUUID": "3c8cc2e6-5048-46d1-a194-20cd8408bfe2",
              "isHook": false,
              "skipped": false
            },
            {
              "title": "compact string, expect throws error",
              "fullTitle": "compact.js test compact string, expect throws error",
              "timedOut": false,
              "duration": 0,
              "state": "failed",
              "speed": null,
              "pass": false,
              "fail": true,
              "pending": false,
              "context": null,
              "code": "assert[\"throw\"](function () {\n  (0, _compact[\"default\"])(\"Hello\");\n}, 'Invalid argument');",
              "err": {
                "message": "AssertionError: expected [Function] to throw an error",
                "estack": "AssertionError: expected [Function] to throw an error\n    at Context.<anonymous> (tests/compact.test.js:25:9)\n    at processImmediate (internal/timers.js:461:21)",
                "diff": null
              },
              "uuid": "15668096-7e1e-4e7a-b6b4-6c92193e6dbe",
              "parentUUID": "3c8cc2e6-5048-46d1-a194-20cd8408bfe2",
              "isHook": false,
              "skipped": false
            },
            {
              "title": "compact object, expect throws error",
              "fullTitle": "compact.js test compact object, expect throws error",
              "timedOut": false,
              "duration": 1,
              "state": "failed",
              "speed": null,
              "pass": false,
              "fail": true,
              "pending": false,
              "context": null,
              "code": "assert[\"throw\"](function () {\n  (0, _compact[\"default\"])({\n    foo: 'bar'\n  });\n}, 'Invalid argument');",
              "err": {
                "message": "AssertionError: expected [Function] to throw error including 'Invalid argument' but got 'Invalid attempt to iterate non-iterable instance.\\nIn order to be iterable, non-array objects must have a [Symbol.iterator]() method.'",
                "estack": "AssertionError: expected [Function] to throw error including 'Invalid argument' but got 'Invalid attempt to iterate non-iterable instance.\\nIn order to be iterable, non-array objects must have a [Symbol.iterator]() method.'\n    at Context.<anonymous> (tests/compact.test.js:31:9)\n    at processImmediate (internal/timers.js:461:21)",
                "diff": "- Invalid attempt to iterate non-iterable instance.\n- In order to be iterable, non-array objects must have a [Symbol.iterator]() method.\n+ Invalid argument\n"
              },
              "uuid": "52435fb0-dde9-479d-866b-dbe9c2c52d77",
              "parentUUID": "3c8cc2e6-5048-46d1-a194-20cd8408bfe2",
              "isHook": false,
              "skipped": false
            },
            {
              "title": "compact an array with valid and falsey values, return array with valid values",
              "fullTitle": "compact.js test compact an array with valid and falsey values, return array with valid values",
              "timedOut": false,
              "duration": 0,
              "state": "failed",
              "speed": null,
              "pass": false,
              "fail": true,
              "pending": false,
              "context": null,
              "code": "assert.deepEqual((0, _compact[\"default\"])([123, undefined, 'Hello', null, '', false, {\n  foo: 'bar'\n}, 0, 5.55]), [123, 'Hello', {\n  foo: 'bar'\n}, 5.55]);",
              "err": {
                "message": "AssertionError: expected [ Array(3) ] to deeply equal [ 123, 'Hello', { foo: 'bar' }, 5.55 ]",
                "estack": "AssertionError: expected [ Array(3) ] to deeply equal [ 123, 'Hello', { foo: 'bar' }, 5.55 ]\n    at Context.<anonymous> (tests/compact.test.js:37:16)\n    at processImmediate (internal/timers.js:461:21)",
                "diff": " [\n+   123\n   \"Hello\"\n   {\n     \"foo\": \"bar\"\n   }\n"
              },
              "uuid": "9bde17cc-fd0e-4d59-ada0-3fdff293264e",
              "parentUUID": "3c8cc2e6-5048-46d1-a194-20cd8408bfe2",
              "isHook": false,
              "skipped": false
            }
          ],
          "suites": [],
          "passes": [
            "299954dc-309c-4e94-8498-6dd5b735822b"
          ],
          "failures": [
            "520986a3-9e32-4ba2-8b49-b0e06b6b58fb",
            "cbbb85f1-e287-4e42-9e35-f3d3ddbf99e3",
            "15668096-7e1e-4e7a-b6b4-6c92193e6dbe",
            "52435fb0-dde9-479d-866b-dbe9c2c52d77",
            "9bde17cc-fd0e-4d59-ada0-3fdff293264e"
          ],
          "pending": [],
          "skipped": [],
          "duration": 3,
          "root": false,
          "rootEmpty": false,
          "_timeout": 2000
        },
        {
          "uuid": "eff63341-9f10-43af-98f2-d9e7b0b5f53b",
          "title": "countBy.js test",
          "fullFile": "/Users/nghi.thanh/tuni/COMP.SE.200-2020-2021-1-Software-Testing/tests/countBy.test.js",
          "file": "/tests/countBy.test.js",
          "beforeHooks": [],
          "afterHooks": [],
          "tests": [
            {
              "title": "countBy a valid array with valid iteratee, expect return compacted object",
              "fullTitle": "countBy.js test countBy a valid array with valid iteratee, expect return compacted object",
              "timedOut": false,
              "duration": 1,
              "state": "failed",
              "speed": null,
              "pass": false,
              "fail": true,
              "pending": false,
              "context": null,
              "code": "var countedObject = (0, _countBy[\"default\"])(USERS, function (user) {\n  return user.active;\n});\nassert.equal(countedObject[\"true\"], 2);\nassert.equal(countedObject[\"false\"], 1);",
              "err": {
                "message": "AssertionError: expected 1 to equal 2",
                "estack": "AssertionError: expected 1 to equal 2\n    at Context.<anonymous> (tests/countBy.test.js:15:16)\n    at processImmediate (internal/timers.js:461:21)",
                "diff": "- 1\n+ 2\n"
              },
              "uuid": "fcc6b8b5-b004-4227-b4b2-85ad7624a9aa",
              "parentUUID": "eff63341-9f10-43af-98f2-d9e7b0b5f53b",
              "isHook": false,
              "skipped": false
            },
            {
              "title": "countBy a valid array with invalid iteratee, expect return empty object",
              "fullTitle": "countBy.js test countBy a valid array with invalid iteratee, expect return empty object",
              "timedOut": false,
              "duration": 0,
              "state": "failed",
              "speed": null,
              "pass": false,
              "fail": true,
              "pending": false,
              "context": null,
              "code": "assert.deepEqual((0, _countBy[\"default\"])(USERS, function (user) {\n  return user.title;\n}), {});",
              "err": {
                "message": "AssertionError: expected { undefined: 2 } to deeply equal {}",
                "estack": "AssertionError: expected { undefined: 2 } to deeply equal {}\n    at Context.<anonymous> (tests/countBy.test.js:20:16)\n    at processImmediate (internal/timers.js:461:21)",
                "diff": "- {\n-   \"undefined\": 2\n- }\n+ {}\n"
              },
              "uuid": "1e5a4196-e75d-40eb-982e-6217fdf586c2",
              "parentUUID": "eff63341-9f10-43af-98f2-d9e7b0b5f53b",
              "isHook": false,
              "skipped": false
            },
            {
              "title": "countBy a valid array with void return iteratee, expect return empty object",
              "fullTitle": "countBy.js test countBy a valid array with void return iteratee, expect return empty object",
              "timedOut": false,
              "duration": 0,
              "state": "failed",
              "speed": null,
              "pass": false,
              "fail": true,
              "pending": false,
              "context": null,
              "code": "assert.deepEqual((0, _countBy[\"default\"])(USERS, function (user) {}), {});",
              "err": {
                "message": "AssertionError: expected { undefined: 2 } to deeply equal {}",
                "estack": "AssertionError: expected { undefined: 2 } to deeply equal {}\n    at Context.<anonymous> (tests/countBy.test.js:24:16)\n    at processImmediate (internal/timers.js:461:21)",
                "diff": "- {\n-   \"undefined\": 2\n- }\n+ {}\n"
              },
              "uuid": "70ea5213-b6bf-497c-8cad-ebcc81a60ded",
              "parentUUID": "eff63341-9f10-43af-98f2-d9e7b0b5f53b",
              "isHook": false,
              "skipped": false
            },
            {
              "title": "countBy a valid array without iterator, expect thrown message",
              "fullTitle": "countBy.js test countBy a valid array without iterator, expect thrown message",
              "timedOut": false,
              "duration": 0,
              "state": "failed",
              "speed": null,
              "pass": false,
              "fail": true,
              "pending": false,
              "context": null,
              "code": "assert[\"throws\"](function () {\n  (0, _countBy[\"default\"])(USERS);\n}, 'Invalid Iteratee');",
              "err": {
                "message": "AssertionError: expected [Function] to throw error including 'Invalid Iteratee' but got 'iteratee is not a function'",
                "estack": "AssertionError: expected [Function] to throw error including 'Invalid Iteratee' but got 'iteratee is not a function'\n    at Context.<anonymous> (tests/countBy.test.js:28:9)\n    at processImmediate (internal/timers.js:461:21)",
                "diff": "- iteratee is not a function\n+ Invalid Iteratee\n"
              },
              "uuid": "0ee169a3-900b-4673-bad9-6c7bbd050db8",
              "parentUUID": "eff63341-9f10-43af-98f2-d9e7b0b5f53b",
              "isHook": false,
              "skipped": false
            },
            {
              "title": "countBy invalid array with valid iterator, expect thrown message",
              "fullTitle": "countBy.js test countBy invalid array with valid iterator, expect thrown message",
              "timedOut": false,
              "duration": 0,
              "state": "failed",
              "speed": null,
              "pass": false,
              "fail": true,
              "pending": false,
              "context": null,
              "code": "assert[\"throws\"](function () {\n  (0, _countBy[\"default\"])(undefined, function (user) {\n    return user.active;\n  });\n}, 'Invalid Argument');",
              "err": {
                "message": "AssertionError: expected [Function] to throw an error",
                "estack": "AssertionError: expected [Function] to throw an error\n    at Context.<anonymous> (tests/countBy.test.js:34:9)\n    at processImmediate (internal/timers.js:461:21)",
                "diff": null
              },
              "uuid": "c2ffd27c-d39d-4ce8-8f51-7e48e61dfe95",
              "parentUUID": "eff63341-9f10-43af-98f2-d9e7b0b5f53b",
              "isHook": false,
              "skipped": false
            }
          ],
          "suites": [],
          "passes": [],
          "failures": [
            "fcc6b8b5-b004-4227-b4b2-85ad7624a9aa",
            "1e5a4196-e75d-40eb-982e-6217fdf586c2",
            "70ea5213-b6bf-497c-8cad-ebcc81a60ded",
            "0ee169a3-900b-4673-bad9-6c7bbd050db8",
            "c2ffd27c-d39d-4ce8-8f51-7e48e61dfe95"
          ],
          "pending": [],
          "skipped": [],
          "duration": 1,
          "root": false,
          "rootEmpty": false,
          "_timeout": 2000
        },
        {
          "uuid": "e9083ed0-956c-47bb-9dfd-cd679592d5ec",
          "title": "defaultTo.js test",
          "fullFile": "/Users/nghi.thanh/tuni/COMP.SE.200-2020-2021-1-Software-Testing/tests/defaultTo.test.js",
          "file": "/tests/defaultTo.test.js",
          "beforeHooks": [],
          "afterHooks": [],
          "tests": [
            {
              "title": "defaultTo null, expect return 2nd parameter",
              "fullTitle": "defaultTo.js test defaultTo null, expect return 2nd parameter",
              "timedOut": false,
              "duration": 0,
              "state": "passed",
              "speed": "fast",
              "pass": true,
              "fail": false,
              "pending": false,
              "context": null,
              "code": "assert.strictEqual((0, _defaultTo[\"default\"])(null, 100), 100);",
              "err": {},
              "uuid": "fbab80ae-320f-47ab-9723-0837de75e403",
              "parentUUID": "e9083ed0-956c-47bb-9dfd-cd679592d5ec",
              "isHook": false,
              "skipped": false
            },
            {
              "title": "defaultTo NaN, expect return 2nd parameter",
              "fullTitle": "defaultTo.js test defaultTo NaN, expect return 2nd parameter",
              "timedOut": false,
              "duration": 0,
              "state": "failed",
              "speed": null,
              "pass": false,
              "fail": true,
              "pending": false,
              "context": null,
              "code": "assert.strictEqual((0, _defaultTo[\"default\"])(NaN, 100), 100);",
              "err": {
                "message": "AssertionError: expected NaN to equal 100",
                "estack": "AssertionError: expected NaN to equal 100\n    at Context.<anonymous> (tests/defaultTo.test.js:12:16)\n    at processImmediate (internal/timers.js:461:21)",
                "diff": "- NaN\n+ 100\n"
              },
              "uuid": "024bc108-7cad-442c-ac1e-2ac140caa417",
              "parentUUID": "e9083ed0-956c-47bb-9dfd-cd679592d5ec",
              "isHook": false,
              "skipped": false
            },
            {
              "title": "defaultTo undefined, expect return 2nd parameter",
              "fullTitle": "defaultTo.js test defaultTo undefined, expect return 2nd parameter",
              "timedOut": false,
              "duration": 0,
              "state": "passed",
              "speed": "fast",
              "pass": true,
              "fail": false,
              "pending": false,
              "context": null,
              "code": "assert.strictEqual((0, _defaultTo[\"default\"])(undefined, 100), 100);",
              "err": {},
              "uuid": "c50bd252-99d8-42c8-b0d8-7bcde88378f0",
              "parentUUID": "e9083ed0-956c-47bb-9dfd-cd679592d5ec",
              "isHook": false,
              "skipped": false
            },
            {
              "title": "defaultTo valid 1st parameter , expect return 1st parameter",
              "fullTitle": "defaultTo.js test defaultTo valid 1st parameter , expect return 1st parameter",
              "timedOut": false,
              "duration": 0,
              "state": "passed",
              "speed": "fast",
              "pass": true,
              "fail": false,
              "pending": false,
              "context": null,
              "code": "assert.strictEqual((0, _defaultTo[\"default\"])('foo', 100), 'foo');",
              "err": {},
              "uuid": "2ee03fcc-d25a-4df4-b317-a74da667e1b4",
              "parentUUID": "e9083ed0-956c-47bb-9dfd-cd679592d5ec",
              "isHook": false,
              "skipped": false
            }
          ],
          "suites": [],
          "passes": [
            "fbab80ae-320f-47ab-9723-0837de75e403",
            "c50bd252-99d8-42c8-b0d8-7bcde88378f0",
            "2ee03fcc-d25a-4df4-b317-a74da667e1b4"
          ],
          "failures": [
            "024bc108-7cad-442c-ac1e-2ac140caa417"
          ],
          "pending": [],
          "skipped": [],
          "duration": 0,
          "root": false,
          "rootEmpty": false,
          "_timeout": 2000
        },
        {
          "uuid": "8580ac3f-50df-46e0-8cd2-e6c8631e825e",
          "title": "defaultToAny.js test",
          "fullFile": "/Users/nghi.thanh/tuni/COMP.SE.200-2020-2021-1-Software-Testing/tests/defaultToAny.test.js",
          "file": "/tests/defaultToAny.test.js",
          "beforeHooks": [],
          "afterHooks": [],
          "tests": [
            {
              "title": "defaultToAny null as 1st and 2nd parameters expect return last parameter",
              "fullTitle": "defaultToAny.js test defaultToAny null as 1st and 2nd parameters expect return last parameter",
              "timedOut": false,
              "duration": 0,
              "state": "passed",
              "speed": "fast",
              "pass": true,
              "fail": false,
              "pending": false,
              "context": null,
              "code": "assert.strictEqual((0, _defaultToAny[\"default\"])(null, null, 100), 100);",
              "err": {},
              "uuid": "c72b69b6-c861-478d-91ee-d3c544d5598f",
              "parentUUID": "8580ac3f-50df-46e0-8cd2-e6c8631e825e",
              "isHook": false,
              "skipped": false
            },
            {
              "title": "defaultToAny NaN, null as 2nd paramter, expect return last parameter",
              "fullTitle": "defaultToAny.js test defaultToAny NaN, null as 2nd paramter, expect return last parameter",
              "timedOut": false,
              "duration": 1,
              "state": "failed",
              "speed": null,
              "pass": false,
              "fail": true,
              "pending": false,
              "context": null,
              "code": "assert.strictEqual((0, _defaultToAny[\"default\"])(NaN, null, 100), 100);",
              "err": {
                "message": "AssertionError: expected NaN to equal 100",
                "estack": "AssertionError: expected NaN to equal 100\n    at Context.<anonymous> (tests/defaultToAny.test.js:12:16)\n    at processImmediate (internal/timers.js:461:21)",
                "diff": "- NaN\n+ 100\n"
              },
              "uuid": "c630d788-3f9a-47b8-b15f-aaf809ff5f13",
              "parentUUID": "8580ac3f-50df-46e0-8cd2-e6c8631e825e",
              "isHook": false,
              "skipped": false
            },
            {
              "title": "defaultToAny undefined as 1st parameter, null as 2nd paramter, NaN as 3rd parameter, expect return last parameter",
              "fullTitle": "defaultToAny.js test defaultToAny undefined as 1st parameter, null as 2nd paramter, NaN as 3rd parameter, expect return last parameter",
              "timedOut": false,
              "duration": 1,
              "state": "failed",
              "speed": null,
              "pass": false,
              "fail": true,
              "pending": false,
              "context": null,
              "code": "assert.strictEqual((0, _defaultToAny[\"default\"])(undefined, null, NaN, 100), 100);",
              "err": {
                "message": "AssertionError: expected NaN to equal 100",
                "estack": "AssertionError: expected NaN to equal 100\n    at Context.<anonymous> (tests/defaultToAny.test.js:16:16)\n    at processImmediate (internal/timers.js:461:21)",
                "diff": "- NaN\n+ 100\n"
              },
              "uuid": "20ef85e3-f6d4-40d2-9c75-40bd1b476cf6",
              "parentUUID": "8580ac3f-50df-46e0-8cd2-e6c8631e825e",
              "isHook": false,
              "skipped": false
            },
            {
              "title": "defaultToAny valid 1st parameter, return 1st parameter",
              "fullTitle": "defaultToAny.js test defaultToAny valid 1st parameter, return 1st parameter",
              "timedOut": false,
              "duration": 0,
              "state": "passed",
              "speed": "fast",
              "pass": true,
              "fail": false,
[...]
              "fail": false,
              "pending": false,
              "context": null,
              "code": "expect((0, _toNumber[\"default\"])(undefined)).to.be.NaN;",
              "err": {},
              "uuid": "1af63ae6-d24a-4c36-9b72-35aa9650e4d1",
              "parentUUID": "bacf1f29-345e-48ca-ac3f-1c8dd0becc7c",
              "isHook": false,
              "skipped": false
            },
            {
              "title": "Give an ojbect to method, return NaN",
              "fullTitle": "Test toNumber.js function Give an ojbect to method, return NaN",
              "timedOut": false,
              "duration": 1,
              "state": "passed",
              "speed": "fast",
              "pass": true,
              "fail": false,
              "pending": false,
              "context": null,
              "code": "expect((0, _toNumber[\"default\"])({\n  a: 'foo'\n})).to.be.NaN;",
              "err": {},
              "uuid": "3f7b56d6-2475-4bb9-bdba-842e76fb4db5",
              "parentUUID": "bacf1f29-345e-48ca-ac3f-1c8dd0becc7c",
              "isHook": false,
              "skipped": false
            },
            {
              "title": "Give invalid number string to method, return NaN",
              "fullTitle": "Test toNumber.js function Give invalid number string to method, return NaN",
              "timedOut": false,
              "duration": 0,
              "state": "passed",
              "speed": "fast",
              "pass": true,
              "fail": false,
              "pending": false,
              "context": null,
              "code": "expect((0, _toNumber[\"default\"])('Hello world!')).to.be.NaN;",
              "err": {},
              "uuid": "57501157-a139-44d1-9a7a-70310483d0c5",
              "parentUUID": "bacf1f29-345e-48ca-ac3f-1c8dd0becc7c",
              "isHook": false,
              "skipped": false
            },
            {
              "title": "Give Hexadecimals number string to method, return converted base 10",
              "fullTitle": "Test toNumber.js function Give Hexadecimals number string to method, return converted base 10",
              "timedOut": false,
              "duration": 0,
              "state": "passed",
              "speed": "fast",
              "pass": true,
              "fail": false,
              "pending": false,
              "context": null,
              "code": "assert.equal((0, _toNumber[\"default\"])('0xabcdef'), 11259375);",
              "err": {},
              "uuid": "24e4e919-213a-4a0b-ad55-666012755301",
              "parentUUID": "bacf1f29-345e-48ca-ac3f-1c8dd0becc7c",
              "isHook": false,
              "skipped": false
            },
            {
              "title": "Give bad Hexadecimals number, return NaN",
              "fullTitle": "Test toNumber.js function Give bad Hexadecimals number, return NaN",
              "timedOut": false,
              "duration": 1,
              "state": "passed",
              "speed": "fast",
              "pass": true,
              "fail": false,
              "pending": false,
              "context": null,
              "code": "expect((0, _toNumber[\"default\"])('-0xabcdef')).to.be.NaN;",
              "err": {},
              "uuid": "a52f7bfc-e221-434e-9cc7-700b1d5098bb",
              "parentUUID": "bacf1f29-345e-48ca-ac3f-1c8dd0becc7c",
              "isHook": false,
              "skipped": false
            },
            {
              "title": "Give binary number string to method, return converted base 10",
              "fullTitle": "Test toNumber.js function Give binary number string to method, return converted base 10",
              "timedOut": false,
              "duration": 0,
              "state": "failed",
              "speed": null,
              "pass": false,
              "fail": true,
              "pending": false,
              "context": null,
              "code": "assert.equal((0, _toNumber[\"default\"])('1010'), 10);",
              "err": {
                "message": "AssertionError: expected 1010 to equal 10",
                "estack": "AssertionError: expected 1010 to equal 10\n    at Context.<anonymous> (tests/toNumber.test.js:35:16)\n    at processImmediate (internal/timers.js:461:21)",
                "diff": "- 1010\n+ 10\n"
              },
              "uuid": "e78bec37-af17-495e-bb94-75f06400b157",
              "parentUUID": "bacf1f29-345e-48ca-ac3f-1c8dd0becc7c",
              "isHook": false,
              "skipped": false
            },
            {
              "title": "Give valid number string to method, return number type and same value",
              "fullTitle": "Test toNumber.js function Give valid number string to method, return number type and same value",
              "timedOut": false,
              "duration": 1,
              "state": "passed",
              "speed": "fast",
              "pass": true,
              "fail": false,
              "pending": false,
              "context": null,
              "code": "var convertedValue = (0, _toNumber[\"default\"])(500);\nassert.isNumber(convertedValue);\nassert.equal(convertedValue, 500);",
              "err": {},
              "uuid": "850f4eab-20fd-401d-836c-24051fd910a7",
              "parentUUID": "bacf1f29-345e-48ca-ac3f-1c8dd0becc7c",
              "isHook": false,
              "skipped": false
            }
          ],
          "suites": [],
          "passes": [
            "1af63ae6-d24a-4c36-9b72-35aa9650e4d1",
            "3f7b56d6-2475-4bb9-bdba-842e76fb4db5",
            "57501157-a139-44d1-9a7a-70310483d0c5",
            "24e4e919-213a-4a0b-ad55-666012755301",
            "a52f7bfc-e221-434e-9cc7-700b1d5098bb",
            "850f4eab-20fd-401d-836c-24051fd910a7"
          ],
          "failures": [
            "a01c1e73-c89e-4703-9eaf-9540d0c8f70f",
            "e78bec37-af17-495e-bb94-75f06400b157"
          ],
          "pending": [],
          "skipped": [],
          "duration": 3,
          "root": false,
          "rootEmpty": false,
          "_timeout": 2000
        },
        {
          "uuid": "df9c157e-4a77-434a-9a97-6328385422a9",
          "title": "toString test",
          "fullFile": "/Users/nghi.thanh/tuni/COMP.SE.200-2020-2021-1-Software-Testing/tests/toString.test.js",
          "file": "/tests/toString.test.js",
          "beforeHooks": [],
          "afterHooks": [],
          "tests": [
            {
              "title": "should preserved -0",
              "fullTitle": "toString test should preserved -0",
              "timedOut": false,
              "duration": 0,
              "state": "passed",
              "speed": "fast",
              "pass": true,
              "fail": false,
              "pending": false,
              "context": null,
              "code": "expect((0, _toString[\"default\"])(-0)).to.equal('-0');",
              "err": {},
              "uuid": "b0416555-dfbb-4d4b-b6c4-3163a91e086c",
              "parentUUID": "df9c157e-4a77-434a-9a97-6328385422a9",
              "isHook": false,
              "skipped": false
            },
            {
              "title": "should convert array into a string",
              "fullTitle": "toString test should convert array into a string",
              "timedOut": false,
              "duration": 1,
              "state": "passed",
              "speed": "fast",
              "pass": true,
              "fail": false,
              "pending": false,
              "context": null,
              "code": "expect((0, _toString[\"default\"])([1, 2, 3])).to.equal('1,2,3');",
              "err": {},
              "uuid": "c640f67e-497d-4c0a-a9ea-092faf5144e1",
              "parentUUID": "df9c157e-4a77-434a-9a97-6328385422a9",
              "isHook": false,
              "skipped": false
            },
            {
              "title": "should not return string for null, undefined, boolean, NaN",
              "fullTitle": "toString test should not return string for null, undefined, boolean, NaN",
              "timedOut": false,
              "duration": 0,
              "state": "passed",
              "speed": "fast",
              "pass": true,
              "fail": false,
              "pending": false,
              "context": null,
              "code": "expect((0, _toString[\"default\"])(null)).to.not.equal('string');\nexpect((0, _toString[\"default\"])(undefined)).to.not.equal('string');\nexpect((0, _toString[\"default\"])(true)).to.not.equal('string');\nexpect((0, _toString[\"default\"])(NaN)).to.not.equal('string');",
              "err": {},
              "uuid": "06b1ab3c-cd29-44d9-a313-a1758f529d5c",
              "parentUUID": "df9c157e-4a77-434a-9a97-6328385422a9",
              "isHook": false,
              "skipped": false
            },
            {
              "title": "should return string for number, object, string",
              "fullTitle": "toString test should return string for number, object, string",
              "timedOut": false,
              "duration": 0,
              "state": "passed",
              "speed": "fast",
              "pass": true,
              "fail": false,
              "pending": false,
              "context": null,
              "code": "expect((0, _toString[\"default\"])(123)).to.be.a('string');\nexpect((0, _toString[\"default\"])({\n  'a': 1\n})).to.be.a('string');\nexpect((0, _toString[\"default\"])('abc')).to.be.a('string');",
              "err": {},
              "uuid": "0386a94f-1d04-47a8-8263-f0d12615a9d1",
              "parentUUID": "df9c157e-4a77-434a-9a97-6328385422a9",
              "isHook": false,
              "skipped": false
            }
          ],
          "suites": [],
          "passes": [
            "b0416555-dfbb-4d4b-b6c4-3163a91e086c",
            "c640f67e-497d-4c0a-a9ea-092faf5144e1",
            "06b1ab3c-cd29-44d9-a313-a1758f529d5c",
            "0386a94f-1d04-47a8-8263-f0d12615a9d1"
          ],
          "failures": [],
          "pending": [],
          "skipped": [],
          "duration": 1,
          "root": false,
          "rootEmpty": false,
          "_timeout": 2000
        },
        {
          "uuid": "c9f254e9-69f1-4946-9431-d493c77a1a48",
          "title": "upperFirst test",
          "fullFile": "/Users/nghi.thanh/tuni/COMP.SE.200-2020-2021-1-Software-Testing/tests/upperFirst.test.js",
          "file": "/tests/upperFirst.test.js",
          "beforeHooks": [],
          "afterHooks": [],
          "tests": [
            {
              "title": "should convert fred into Fred",
              "fullTitle": "upperFirst test should convert fred into Fred",
              "timedOut": false,
              "duration": 0,
              "state": "passed",
              "speed": "fast",
              "pass": true,
              "fail": false,
              "pending": false,
              "context": null,
              "code": "expect((0, _upperFirst[\"default\"])('fred')).to.equal('Fred');",
              "err": {},
              "uuid": "269b5377-599d-456f-95e6-76d9a34511ae",
              "parentUUID": "c9f254e9-69f1-4946-9431-d493c77a1a48",
              "isHook": false,
              "skipped": false
            },
            {
              "title": "should convert FRED into FRED",
              "fullTitle": "upperFirst test should convert FRED into FRED",
              "timedOut": false,
              "duration": 0,
              "state": "passed",
              "speed": "fast",
              "pass": true,
              "fail": false,
              "pending": false,
              "context": null,
              "code": "expect((0, _upperFirst[\"default\"])('FRED')).to.equal('FRED');",
              "err": {},
              "uuid": "e75292aa-1cc6-4f5a-b868-30cda3849214",
              "parentUUID": "c9f254e9-69f1-4946-9431-d493c77a1a48",
              "isHook": false,
              "skipped": false
            },
            {
              "title": "upperFirst should return string",
              "fullTitle": "upperFirst test upperFirst should return string",
              "timedOut": false,
              "duration": 0,
              "state": "passed",
              "speed": "fast",
              "pass": true,
              "fail": false,
              "pending": false,
              "context": null,
              "code": "var result = (0, _upperFirst[\"default\"])('fred');\nexpect(result).to.be.a('string');",
              "err": {},
              "uuid": "df1a87e9-1b7a-4897-9f0c-549101df599c",
              "parentUUID": "c9f254e9-69f1-4946-9431-d493c77a1a48",
              "isHook": false,
              "skipped": false
            },
            {
              "title": "should not return string for null, undefined, NaN",
              "fullTitle": "upperFirst test should not return string for null, undefined, NaN",
              "timedOut": false,
              "duration": 0,
              "state": "passed",
              "speed": "fast",
              "pass": true,
              "fail": false,
              "pending": false,
              "context": null,
              "code": "expect((0, _upperFirst[\"default\"])(null)).to.not.equal('string');\nexpect((0, _upperFirst[\"default\"])(undefined)).to.not.equal('string');\nexpect((0, _upperFirst[\"default\"])(NaN)).to.not.equal('string');",
              "err": {},
              "uuid": "235884e1-f5ce-4b31-93fd-db35a841224b",
              "parentUUID": "c9f254e9-69f1-4946-9431-d493c77a1a48",
              "isHook": false,
              "skipped": false
            }
          ],
          "suites": [],
          "passes": [
            "269b5377-599d-456f-95e6-76d9a34511ae",
            "e75292aa-1cc6-4f5a-b868-30cda3849214",
            "df1a87e9-1b7a-4897-9f0c-549101df599c",
            "235884e1-f5ce-4b31-93fd-db35a841224b"
          ],
          "failures": [],
          "pending": [],
          "skipped": [],
          "duration": 0,
          "root": false,
          "rootEmpty": false,
          "_timeout": 2000
        },
        {
          "uuid": "e8c28bbe-5d9e-4285-89c8-8fe3e2f59cbf",
          "title": "Test word.js function",
          "fullFile": "/Users/nghi.thanh/tuni/COMP.SE.200-2020-2021-1-Software-Testing/tests/words.test.js",
          "file": "/tests/words.test.js",
          "beforeHooks": [],
          "afterHooks": [],
          "tests": [
            {
              "title": "Give null to method, method is failed because match method of String is missing",
              "fullTitle": "Test word.js function Give null to method, method is failed because match method of String is missing",
              "timedOut": false,
              "duration": 1,
              "state": "passed",
              "speed": "fast",
              "pass": true,
              "fail": false,
              "pending": false,
              "context": null,
              "code": "expect(function () {\n  (0, _words[\"default\"])(null, null);\n}).to[\"throw\"](TypeError);",
              "err": {},
              "uuid": "38c472dd-34cb-4a39-b714-9d8c9f02609e",
              "parentUUID": "e8c28bbe-5d9e-4285-89c8-8fe3e2f59cbf",
              "isHook": false,
              "skipped": false
            },
            {
              "title": "Give undefined to method, method is failed because match method of String is missing",
              "fullTitle": "Test word.js function Give undefined to method, method is failed because match method of String is missing",
              "timedOut": false,
              "duration": 0,
              "state": "passed",
              "speed": "fast",
              "pass": true,
              "fail": false,
              "pending": false,
              "context": null,
              "code": "expect(function () {\n  (0, _words[\"default\"])(undefined, null);\n}).to[\"throw\"](TypeError);",
              "err": {},
              "uuid": "8eabe300-d459-462a-99f9-32ef33c40a58",
              "parentUUID": "e8c28bbe-5d9e-4285-89c8-8fe3e2f59cbf",
              "isHook": false,
              "skipped": false
            },
            {
              "title": "Give empty string without pattern, return empty array",
              "fullTitle": "Test word.js function Give empty string without pattern, return empty array",
              "timedOut": false,
              "duration": 0,
              "state": "passed",
              "speed": "fast",
              "pass": true,
              "fail": false,
              "pending": false,
              "context": null,
              "code": "expect((0, _words[\"default\"])('')).to.be.instanceOf(Array).that.eql([]);",
              "err": {},
              "uuid": "42767718-d9f4-4207-98df-ac28fd53e5bd",
              "parentUUID": "e8c28bbe-5d9e-4285-89c8-8fe3e2f59cbf",
              "isHook": false,
              "skipped": false
            },
            {
              "title": "Give sample valid string, return array with splitted words and remove all special chars",
              "fullTitle": "Test word.js function Give sample valid string, return array with splitted words and remove all special chars",
              "timedOut": false,
              "duration": 0,
              "state": "passed",
              "speed": "fast",
              "pass": true,
              "fail": false,
              "pending": false,
              "context": null,
              "code": "expect((0, _words[\"default\"])('abc.a abc abb')).to.be.instanceOf(Array).that.eql(['abc', 'a', 'abc', 'abb']);\nexpect((0, _words[\"default\"])('abc.a a,bc ab|b')).to.be.instanceOf(Array).that.eql(['abc', 'a', 'a', 'bc', 'ab', 'b']);",
              "err": {},
              "uuid": "887ddd65-a2b9-47b4-92d8-477b757086ab",
              "parentUUID": "e8c28bbe-5d9e-4285-89c8-8fe3e2f59cbf",
              "isHook": false,
              "skipped": false
            },
            {
              "title": "Give sample valid string, return array with splitted words match patterns",
              "fullTitle": "Test word.js function Give sample valid string, return array with splitted words match patterns",
              "timedOut": false,
              "duration": 0,
              "state": "passed",
              "speed": "fast",
              "pass": true,
              "fail": false,
              "pending": false,
              "context": null,
              "code": "var SPLIT_WORDS_BY_SPACE_AND_COMMA = /[^, ]+/g;\nexpect((0, _words[\"default\"])('abc.a ab,c abb', SPLIT_WORDS_BY_SPACE_AND_COMMA)).to.be.instanceOf(Array).that.eql(['abc.a', 'ab', 'c', 'abb']);",
              "err": {},
              "uuid": "dc3f74a7-bad6-4ac3-8eba-056ee8f41117",
              "parentUUID": "e8c28bbe-5d9e-4285-89c8-8fe3e2f59cbf",
              "isHook": false,
              "skipped": false
            }
          ],
          "suites": [],
          "passes": [
            "38c472dd-34cb-4a39-b714-9d8c9f02609e",
            "8eabe300-d459-462a-99f9-32ef33c40a58",
            "42767718-d9f4-4207-98df-ac28fd53e5bd",
            "887ddd65-a2b9-47b4-92d8-477b757086ab",
            "dc3f74a7-bad6-4ac3-8eba-056ee8f41117"
          ],
          "failures": [],
          "pending": [],
          "skipped": [],
          "duration": 1,
          "root": false,
          "rootEmpty": false,
          "_timeout": 2000
        }
      ],
      "passes": [],
      "failures": [],
      "pending": [],
      "skipped": [],
      "duration": 0,
      "root": true,
      "rootEmpty": true,
      "_timeout": 2000
    }
  ],
  "meta": {
    "mocha": {
      "version": "8.2.1"
    },
    "mochawesome": {
      "options": {
        "quiet": false,
        "reportFilename": "index",
        "saveHtml": true,
        "saveJson": true,
        "consoleReporter": "spec",
        "useInlineDiffs": false,
        "code": true
      },
      "version": "6.2.1"
    },
    "marge": {
      "options": {
        "reportFilename": "index"
      },
      "version": "5.1.0"
    }
  }
}