{
  "stats": {
    "suites": 21,
    "tests": 100,
    "passes": 70,
    "pending": 0,
    "failures": 30,
    "start": "2020-12-01T14:23:10.456Z",
    "end": "2020-12-01T14:23:10.537Z",
    "duration": 81,
    "testsRegistered": 100,
    "passPercent": 70,
    "pendingPercent": 0,
    "other": 0,
    "hasOther": false,
    "skipped": 0,
    "hasSkipped": false
  },
  "results": [
    {
      "uuid": "74690746-cbf5-4a48-bc97-636f9ebcadb8",
      "title": "",
      "fullFile": "",
      "file": "",
      "beforeHooks": [],
      "afterHooks": [],
      "tests": [],
      "suites": [
        {
          "uuid": "44364399-a0ac-41dc-8591-9d14b1262a60",
          "title": "add.js test",
          "fullFile": "/home/lazymies/Desktop/tuni/software_test_assignment/COMP.SE.200-2020-2021-1-Software-Testing/tests/add.test.js",
          "file": "/tests/add.test.js",
          "beforeHooks": [],
          "afterHooks": [],
          "tests": [
            {
              "title": "1 + 2 should return 3",
              "fullTitle": "add.js test 1 + 2 should return 3",
              "timedOut": false,
              "duration": 1,
              "state": "passed",
              "speed": "fast",
              "pass": true,
              "fail": false,
              "pending": false,
              "context": null,
              "code": "expect((0, _add[\"default\"])(1, 2)).to.equal(3);",
              "err": {},
              "uuid": "f5811229-510c-449f-ab81-ac0f9c84f06f",
              "parentUUID": "44364399-a0ac-41dc-8591-9d14b1262a60",
              "isHook": false,
              "skipped": false
            },
            {
              "title": "'1' + 5 should return 6, number type",
              "fullTitle": "add.js test '1' + 5 should return 6, number type",
              "timedOut": false,
              "duration": 1,
              "state": "failed",
              "speed": null,
              "pass": false,
              "fail": true,
              "pending": false,
              "context": null,
              "code": "expect((0, _add[\"default\"])('1', 5)).to.equal(6);",
              "err": {
                "message": "AssertionError: expected '15' to equal 6",
                "estack": "AssertionError: expected '15' to equal 6\n    at Context.<anonymous> (tests/add.test.js:13:32)\n    at processImmediate (internal/timers.js:461:21)",
                "diff": null
              },
              "uuid": "2f55271a-88a6-43bc-b906-262fe8b3d3ae",
              "parentUUID": "44364399-a0ac-41dc-8591-9d14b1262a60",
              "isHook": false,
              "skipped": false
            },
            {
              "title": "'1' + '5' should return 6, number type",
              "fullTitle": "add.js test '1' + '5' should return 6, number type",
              "timedOut": false,
              "duration": 0,
              "state": "failed",
              "speed": null,
              "pass": false,
              "fail": true,
              "pending": false,
              "context": null,
              "code": "expect((0, _add[\"default\"])('1', '5')).to.equal(6);",
              "err": {
                "message": "AssertionError: expected '15' to equal 6",
                "estack": "AssertionError: expected '15' to equal 6\n    at Context.<anonymous> (tests/add.test.js:18:34)\n    at processImmediate (internal/timers.js:461:21)",
                "diff": null
              },
              "uuid": "60cadd32-0f95-46b6-a357-72112d7b4b98",
              "parentUUID": "44364399-a0ac-41dc-8591-9d14b1262a60",
              "isHook": false,
              "skipped": false
            },
            {
              "title": "1 + '5' should return 6, number type",
              "fullTitle": "add.js test 1 + '5' should return 6, number type",
              "timedOut": false,
              "duration": 0,
              "state": "failed",
              "speed": null,
              "pass": false,
              "fail": true,
              "pending": false,
              "context": null,
              "code": "expect((0, _add[\"default\"])(1, '5')).to.equal(6);",
              "err": {
                "message": "AssertionError: expected '15' to equal 6",
                "estack": "AssertionError: expected '15' to equal 6\n    at Context.<anonymous> (tests/add.test.js:23:32)\n    at processImmediate (internal/timers.js:461:21)",
                "diff": null
              },
              "uuid": "43367b50-2614-41b3-821b-dbbe6e12d442",
              "parentUUID": "44364399-a0ac-41dc-8591-9d14b1262a60",
              "isHook": false,
              "skipped": false
            },
            {
              "title": "null + 5 should return 5",
              "fullTitle": "add.js test null + 5 should return 5",
              "timedOut": false,
              "duration": 0,
              "state": "passed",
              "speed": "fast",
              "pass": true,
              "fail": false,
              "pending": false,
              "context": null,
              "code": "expect((0, _add[\"default\"])(null, 5)).to.equal(5);",
              "err": {},
              "uuid": "48ea131b-9424-49d3-b62a-205997d3e8be",
              "parentUUID": "44364399-a0ac-41dc-8591-9d14b1262a60",
              "isHook": false,
              "skipped": false
            },
            {
              "title": "5 + undefined should return 5",
              "fullTitle": "add.js test 5 + undefined should return 5",
              "timedOut": false,
              "duration": 0,
              "state": "passed",
              "speed": "fast",
              "pass": true,
              "fail": false,
              "pending": false,
              "context": null,
              "code": "expect((0, _add[\"default\"])(5, undefined)).to.equal(5);",
              "err": {},
              "uuid": "2d46de74-baa9-441d-9ce8-49e8064cafd3",
              "parentUUID": "44364399-a0ac-41dc-8591-9d14b1262a60",
              "isHook": false,
              "skipped": false
            },
            {
              "title": "null + undefined should return",
              "fullTitle": "add.js test null + undefined should return",
              "timedOut": false,
              "duration": 0,
              "state": "failed",
              "speed": null,
              "pass": false,
              "fail": true,
              "pending": false,
              "context": null,
              "code": "expect((0, _add[\"default\"])(null, undefined)).to.equal(0);",
              "err": {
                "message": "AssertionError: expected null to equal 0",
                "estack": "AssertionError: expected null to equal 0\n    at Context.<anonymous> (tests/add.test.js:36:41)\n    at processImmediate (internal/timers.js:461:21)",
                "diff": null
              },
              "uuid": "ffb05564-2722-45b9-8be8-aac9cb79c7c1",
              "parentUUID": "44364399-a0ac-41dc-8591-9d14b1262a60",
              "isHook": false,
              "skipped": false
            }
          ],
          "suites": [],
          "passes": [
            "f5811229-510c-449f-ab81-ac0f9c84f06f",
            "48ea131b-9424-49d3-b62a-205997d3e8be",
            "2d46de74-baa9-441d-9ce8-49e8064cafd3"
          ],
          "failures": [
            "2f55271a-88a6-43bc-b906-262fe8b3d3ae",
            "60cadd32-0f95-46b6-a357-72112d7b4b98",
            "43367b50-2614-41b3-821b-dbbe6e12d442",
            "ffb05564-2722-45b9-8be8-aac9cb79c7c1"
          ],
          "pending": [],
          "skipped": [],
          "duration": 2,
          "root": false,
          "rootEmpty": false,
          "_timeout": 2000
        },
        {
          "uuid": "d912bbab-21b8-426e-8d7d-53cd6de00842",
          "title": "Test at.js function",
          "fullFile": "/home/lazymies/Desktop/tuni/software_test_assignment/COMP.SE.200-2020-2021-1-Software-Testing/tests/at.test.js",
          "file": "/tests/at.test.js",
          "beforeHooks": [],
          "afterHooks": [],
          "tests": [
            {
              "title": "Give null to method, return empty array",
              "fullTitle": "Test at.js function Give null to method, return empty array",
              "timedOut": false,
              "duration": 1,
              "state": "passed",
              "speed": "fast",
              "pass": true,
              "fail": false,
              "pending": false,
              "context": null,
              "code": "expect((0, _at[\"default\"])(null)).to.be.instanceOf(Array).that.eql([]);",
              "err": {},
              "uuid": "06a326ab-2cce-4bed-acbb-102284ea29c5",
              "parentUUID": "d912bbab-21b8-426e-8d7d-53cd6de00842",
              "isHook": false,
              "skipped": false
            },
            {
              "title": "Give undefined to method with correct path, return empty array",
              "fullTitle": "Test at.js function Give undefined to method with correct path, return empty array",
              "timedOut": false,
              "duration": 1,
              "state": "failed",
              "speed": null,
              "pass": false,
              "fail": true,
              "pending": false,
              "context": null,
              "code": "expect((0, _at[\"default\"])(undefined, ['title'])).to.be.instanceOf(Array).that.eql([]);",
              "err": {
                "message": "AssertionError: expected [ undefined ] to deeply equal []",
                "estack": "AssertionError: expected [ undefined ] to deeply equal []\n    at Context.<anonymous> (tests/at.test.js:24:71)\n    at processImmediate (internal/timers.js:461:21)",
                "diff": "- [\n-   [undefined]\n- ]\n+ []\n"
              },
              "uuid": "4bfa2ca5-cd0c-4c0c-872f-df8440362d25",
              "parentUUID": "d912bbab-21b8-426e-8d7d-53cd6de00842",
              "isHook": false,
              "skipped": false
            },
            {
              "title": "Give valid to method, return empty array",
              "fullTitle": "Test at.js function Give valid to method, return empty array",
              "timedOut": false,
              "duration": 0,
              "state": "passed",
              "speed": "fast",
              "pass": true,
              "fail": false,
              "pending": false,
              "context": null,
              "code": "expect((0, _at[\"default\"])(VALID_OBJECT)).to.be.instanceOf(Array).that.eql([]);",
              "err": {},
              "uuid": "c88ea9e8-b6fe-4f24-98b8-22b4a35cc68a",
              "parentUUID": "d912bbab-21b8-426e-8d7d-53cd6de00842",
              "isHook": false,
              "skipped": false
            },
            {
              "title": "Give valid to method, with correct path. Return valid result",
              "fullTitle": "Test at.js function Give valid to method, with correct path. Return valid result",
              "timedOut": false,
              "duration": 1,
              "state": "passed",
              "speed": "fast",
              "pass": true,
              "fail": false,
              "pending": false,
              "context": null,
              "code": "expect((0, _at[\"default\"])(VALID_OBJECT, ['title'])).to.be.instanceOf(Array).that.eql([VALID_OBJECT.title]);",
              "err": {},
              "uuid": "7c9a5b89-b3ce-42bc-ba34-f98e6208af50",
              "parentUUID": "d912bbab-21b8-426e-8d7d-53cd6de00842",
              "isHook": false,
              "skipped": false
            },
            {
              "title": "Give valid to method, with correct paths. Return valid results",
              "fullTitle": "Test at.js function Give valid to method, with correct paths. Return valid results",
              "timedOut": false,
              "duration": 1,
              "state": "passed",
              "speed": "fast",
              "pass": true,
              "fail": false,
              "pending": false,
              "context": null,
              "code": "expect((0, _at[\"default\"])(VALID_OBJECT, ['title', 'tags[0]'])).to.be.instanceOf(Array).that.eql([VALID_OBJECT.title, VALID_OBJECT.tags[0]]);",
              "err": {},
              "uuid": "dd9bcf6f-7956-4940-9275-2526686dc116",
              "parentUUID": "d912bbab-21b8-426e-8d7d-53cd6de00842",
              "isHook": false,
              "skipped": false
            }
          ],
          "suites": [],
          "passes": [
            "06a326ab-2cce-4bed-acbb-102284ea29c5",
            "c88ea9e8-b6fe-4f24-98b8-22b4a35cc68a",
            "7c9a5b89-b3ce-42bc-ba34-f98e6208af50",
            "dd9bcf6f-7956-4940-9275-2526686dc116"
          ],
          "failures": [
            "4bfa2ca5-cd0c-4c0c-872f-df8440362d25"
          ],
          "pending": [],
          "skipped": [],
          "duration": 4,
          "root": false,
          "rootEmpty": false,
          "_timeout": 2000
        },
        {
          "uuid": "e57ac207-e87d-45e9-9d76-c45ecc1befce",
          "title": "camelCase.js test",
          "fullFile": "/home/lazymies/Desktop/tuni/software_test_assignment/COMP.SE.200-2020-2021-1-Software-Testing/tests/camelCase.test.js",
          "file": "/tests/camelCase.test.js",
          "beforeHooks": [],
          "afterHooks": [],
          "tests": [
            {
              "title": "Test assigning an object to the method. Expect an empty string",
              "fullTitle": "camelCase.js test Test assigning an object to the method. Expect an empty string",
              "timedOut": false,
              "duration": 1,
              "state": "failed",
              "speed": null,
              "pass": false,
              "fail": true,
              "pending": false,
              "context": null,
              "code": "assert.strictEqual((0, _camelCase[\"default\"])({\n  foo: 'bar'\n}), '');",
              "err": {
                "message": "AssertionError: expected ' objectObject' to equal ''",
                "estack": "AssertionError: expected ' objectObject' to equal ''\n    at Context.<anonymous> (tests/camelCase.test.js:9:16)\n    at processImmediate (internal/timers.js:461:21)",
                "diff": "-  objectObject\n"
              },
              "uuid": "703f3d07-3972-4e8c-9373-73954615dab3",
              "parentUUID": "e57ac207-e87d-45e9-9d76-c45ecc1befce",
              "isHook": false,
              "skipped": false
            },
            {
              "title": "Test assigning null to the method. Expect an empty string",
              "fullTitle": "camelCase.js test Test assigning null to the method. Expect an empty string",
              "timedOut": false,
              "duration": 0,
              "state": "failed",
              "speed": null,
              "pass": false,
              "fail": true,
              "pending": false,
              "context": null,
              "code": "assert.strictEqual((0, _camelCase[\"default\"])(null), '');",
              "err": {
                "message": "AssertionError: expected ' null' to equal ''",
                "estack": "AssertionError: expected ' null' to equal ''\n    at Context.<anonymous> (tests/camelCase.test.js:14:16)\n    at processImmediate (internal/timers.js:461:21)",
                "diff": "-  null\n"
              },
              "uuid": "fb094f19-5b7b-4f6b-871c-2dd49c47225b",
              "parentUUID": "e57ac207-e87d-45e9-9d76-c45ecc1befce",
              "isHook": false,
              "skipped": false
            },
            {
              "title": "Test assigning undefined to the method. Expect an empty string",
              "fullTitle": "camelCase.js test Test assigning undefined to the method. Expect an empty string",
              "timedOut": false,
              "duration": 1,
              "state": "failed",
              "speed": null,
              "pass": false,
              "fail": true,
              "pending": false,
              "context": null,
              "code": "assert.strictEqual((0, _camelCase[\"default\"])(undefined), '');",
              "err": {
                "message": "AssertionError: expected ' undefined' to equal ''",
                "estack": "AssertionError: expected ' undefined' to equal ''\n    at Context.<anonymous> (tests/camelCase.test.js:19:16)\n    at processImmediate (internal/timers.js:461:21)",
                "diff": "-  undefined\n"
              },
              "uuid": "fbc9a05a-16b6-4226-925a-8594a60a3c8c",
              "parentUUID": "e57ac207-e87d-45e9-9d76-c45ecc1befce",
              "isHook": false,
              "skipped": false
            },
            {
              "title": "Test assigning true to the method. Expect boolean in lowercase",
              "fullTitle": "camelCase.js test Test assigning true to the method. Expect boolean in lowercase",
              "timedOut": false,
              "duration": 0,
              "state": "failed",
              "speed": null,
              "pass": false,
              "fail": true,
              "pending": false,
              "context": null,
              "code": "assert.strictEqual((0, _camelCase[\"default\"])(true), 'true');",
              "err": {
                "message": "AssertionError: expected ' true' to equal 'true'",
                "estack": "AssertionError: expected ' true' to equal 'true'\n    at Context.<anonymous> (tests/camelCase.test.js:24:16)\n    at processImmediate (internal/timers.js:461:21)",
                "diff": "-  true\n+ true\n"
              },
              "uuid": "80b17cfe-32fe-4b1d-ba8f-dd397ea73ce6",
              "parentUUID": "e57ac207-e87d-45e9-9d76-c45ecc1befce",
              "isHook": false,
              "skipped": false
            },
            {
              "title": "Test assigning valid string to the method. Expect correctly converted value",
              "fullTitle": "camelCase.js test Test assigning valid string to the method. Expect correctly converted value",
              "timedOut": false,
              "duration": 0,
              "state": "failed",
              "speed": null,
              "pass": false,
              "fail": true,
              "pending": false,
              "context": null,
              "code": "assert.strictEqual((0, _camelCase[\"default\"])('hello world'), 'helloWorld');",
              "err": {
                "message": "AssertionError: expected ' helloWorld' to equal 'helloWorld'",
                "estack": "AssertionError: expected ' helloWorld' to equal 'helloWorld'\n    at Context.<anonymous> (tests/camelCase.test.js:29:16)\n    at processImmediate (internal/timers.js:461:21)",
                "diff": "-  helloWorld\n+ helloWorld\n"
              },
              "uuid": "16a71e63-725a-47e3-88fb-1282b88e0525",
              "parentUUID": "e57ac207-e87d-45e9-9d76-c45ecc1befce",
              "isHook": false,
              "skipped": false
            },
            {
              "title": "Test assigning valid string with special chars to the method. Expect correctly converted value",
              "fullTitle": "camelCase.js test Test assigning valid string with special chars to the method. Expect correctly converted value",
              "timedOut": false,
              "duration": 0,
              "state": "failed",
              "speed": null,
              "pass": false,
              "fail": true,
              "pending": false,
              "context": null,
              "code": "assert.strictEqual((0, _camelCase[\"default\"])('___hello-world! assignment^'), 'helloWorldAssignment');",
              "err": {
                "message": "AssertionError: expected ' helloWorldAssignment' to equal 'helloWorldAssignment'",
                "estack": "AssertionError: expected ' helloWorldAssignment' to equal 'helloWorldAssignment'\n    at Context.<anonymous> (tests/camelCase.test.js:34:16)\n    at processImmediate (internal/timers.js:461:21)",
                "diff": "-  helloWorldAssignment\n+ helloWorldAssignment\n"
              },
              "uuid": "80d65965-5928-4bbe-afd9-1611b31fdab8",
              "parentUUID": "e57ac207-e87d-45e9-9d76-c45ecc1befce",
              "isHook": false,
              "skipped": false
            }
          ],
          "suites": [],
          "passes": [],
          "failures": [
            "703f3d07-3972-4e8c-9373-73954615dab3",
            "fb094f19-5b7b-4f6b-871c-2dd49c47225b",
            "fbc9a05a-16b6-4226-925a-8594a60a3c8c",
            "80b17cfe-32fe-4b1d-ba8f-dd397ea73ce6",
            "16a71e63-725a-47e3-88fb-1282b88e0525",
            "80d65965-5928-4bbe-afd9-1611b31fdab8"
          ],
          "pending": [],
          "skipped": [],
          "duration": 2,
          "root": false,
          "rootEmpty": false,
          "_timeout": 2000
        },
        {
          "uuid": "5eb296c1-48af-42c4-aca6-d898602dbe23",
          "title": "capitalize test",
          "fullFile": "/home/lazymies/Desktop/tuni/software_test_assignment/COMP.SE.200-2020-2021-1-Software-Testing/tests/capitalize.test.js",
          "file": "/tests/capitalize.test.js",
          "beforeHooks": [],
          "afterHooks": [],
          "tests": [
            {
              "title": "should convert FRED into Fred",
              "fullTitle": "capitalize test should convert FRED into Fred",
              "timedOut": false,
              "duration": 0,
              "state": "passed",
              "speed": "fast",
              "pass": true,
              "fail": false,
              "pending": false,
              "context": null,
              "code": "expect((0, _capitalize[\"default\"])('FRED')).to.equal('Fred');",
              "err": {},
              "uuid": "e8b6b272-0fce-4e69-ac1d-11da30fe75de",
              "parentUUID": "5eb296c1-48af-42c4-aca6-d898602dbe23",
              "isHook": false,
              "skipped": false
            },
            {
              "title": "capitalize should return string",
              "fullTitle": "capitalize test capitalize should return string",
              "timedOut": false,
              "duration": 0,
              "state": "passed",
              "speed": "fast",
              "pass": true,
              "fail": false,
              "pending": false,
              "context": null,
              "code": "var result = (0, _capitalize[\"default\"])('fred');\nexpect(result).to.be.a('string');",
              "err": {},
              "uuid": "914de34b-b845-4029-856a-2bb45940ecec",
              "parentUUID": "5eb296c1-48af-42c4-aca6-d898602dbe23",
              "isHook": false,
              "skipped": false
            },
            {
              "title": "should not return string for null, boolean, undefined, number",
              "fullTitle": "capitalize test should not return string for null, boolean, undefined, number",
              "timedOut": false,
              "duration": 1,
              "state": "passed",
              "speed": "fast",
              "pass": true,
              "fail": false,
              "pending": false,
              "context": null,
              "code": "expect((0, _capitalize[\"default\"])(null)).to.not.equal('string');\nexpect((0, _capitalize[\"default\"])(true)).to.not.equal('string');\nexpect((0, _capitalize[\"default\"])(undefined)).to.not.equal('string');\nexpect((0, _capitalize[\"default\"])(123)).to.not.equal('string');",
              "err": {},
              "uuid": "f0d36052-6e1e-43ff-b7ef-d88fb690bdd0",
              "parentUUID": "5eb296c1-48af-42c4-aca6-d898602dbe23",
              "isHook": false,
              "skipped": false
            }
          ],
          "suites": [],
          "passes": [
            "e8b6b272-0fce-4e69-ac1d-11da30fe75de",
            "914de34b-b845-4029-856a-2bb45940ecec",
            "f0d36052-6e1e-43ff-b7ef-d88fb690bdd0"
          ],
          "failures": [],
          "pending": [],
          "skipped": [],
          "duration": 1,
          "root": false,
          "rootEmpty": false,
          "_timeout": 2000
        },
        {
          "uuid": "272810aa-f6c8-4b6c-9a59-e19a739a714a",
          "title": "castArray.js test",
          "fullFile": "/home/lazymies/Desktop/tuni/software_test_assignment/COMP.SE.200-2020-2021-1-Software-Testing/tests/castArray.test.js",
          "file": "/tests/castArray.test.js",
          "beforeHooks": [],
          "afterHooks": [],
          "tests": [
            {
              "title": "cast null should return array with null as first item",
              "fullTitle": "castArray.js test cast null should return array with null as first item",
              "timedOut": false,
              "duration": 0,
              "state": "passed",
              "speed": "fast",
              "pass": true,
              "fail": false,
              "pending": false,
              "context": null,
              "code": "assert.deepEqual([null], (0, _castArray[\"default\"])(null));",
              "err": {},
              "uuid": "bb40bb68-c19d-4701-80ce-5ffd8333dd8e",
              "parentUUID": "272810aa-f6c8-4b6c-9a59-e19a739a714a",
              "isHook": false,
              "skipped": false
            },
            {
              "title": "cast undefined should return array with undefined as first item",
              "fullTitle": "castArray.js test cast undefined should return array with undefined as first item",
              "timedOut": false,
              "duration": 0,
              "state": "passed",
              "speed": "fast",
              "pass": true,
              "fail": false,
              "pending": false,
              "context": null,
              "code": "assert.deepEqual([undefined], (0, _castArray[\"default\"])(undefined));",
              "err": {},
              "uuid": "03d42faa-7368-47a7-94b1-1f900a785403",
              "parentUUID": "272810aa-f6c8-4b6c-9a59-e19a739a714a",
              "isHook": false,
              "skipped": false
            },
            {
              "title": "cast nothing should return an empty array",
              "fullTitle": "castArray.js test cast nothing should return an empty array",
              "timedOut": false,
              "duration": 0,
              "state": "passed",
              "speed": "fast",
              "pass": true,
              "fail": false,
              "pending": false,
              "context": null,
              "code": "try {\n  assert.deepEqual([], (0, _castArray[\"default\"])());\n} catch (error) {\n  console.warn('Fail test cast nothing should return an empty array. Reason: ', error.message);\n}",
              "err": {},
              "uuid": "de64ab51-9191-44ef-94dd-99a320ac4fcf",
              "parentUUID": "272810aa-f6c8-4b6c-9a59-e19a739a714a",
              "isHook": false,
              "skipped": false
            },
            {
              "title": "cast parameters 1, 'a', 5 should return an array [1, 'a', 5] ",
              "fullTitle": "castArray.js test cast parameters 1, 'a', 5 should return an array [1, 'a', 5] ",
              "timedOut": false,
              "duration": 0,
              "state": "passed",
              "speed": "fast",
              "pass": true,
              "fail": false,
              "pending": false,
              "context": null,
              "code": "try {\n  assert.deepEqual((0, _castArray[\"default\"])(1, 'a', 5), [1, 'a', 5]);\n} catch (error) {\n  console.warn('Fail cast parameters 1, \\'a\\', 5 should return an array [1, \\'a\\', 5]. Reason: ', error.message);\n}",
              "err": {},
              "uuid": "598ca587-4d17-492e-8ce0-c77b93bba88f",
              "parentUUID": "272810aa-f6c8-4b6c-9a59-e19a739a714a",
              "isHook": false,
              "skipped": false
            },
            {
              "title": "cast a parameter 'abc' should return an array ['abc'] ",
              "fullTitle": "castArray.js test cast a parameter 'abc' should return an array ['abc'] ",
              "timedOut": false,
              "duration": 1,
              "state": "passed",
              "speed": "fast",
              "pass": true,
              "fail": false,
              "pending": false,
              "context": null,
              "code": "assert.deepEqual((0, _castArray[\"default\"])('abc'), ['abc']);",
              "err": {},
              "uuid": "825faa82-187f-4926-9f86-775e2287e09f",
              "parentUUID": "272810aa-f6c8-4b6c-9a59-e19a739a714a",
              "isHook": false,
              "skipped": false
            },
            {
              "title": "cast a parameter {foo: 'abc'} should return an array [{foo: 'abc'}] ",
              "fullTitle": "castArray.js test cast a parameter {foo: 'abc'} should return an array [{foo: 'abc'}] ",
              "timedOut": false,
              "duration": 0,
              "state": "passed",
              "speed": "fast",
              "pass": true,
              "fail": false,
              "pending": false,
              "context": null,
              "code": "assert.deepEqual((0, _castArray[\"default\"])({\n  foo: 'abc'\n}), [{\n  foo: 'abc'\n}]);",
              "err": {},
              "uuid": "c6b8fbe0-50f1-4bfc-a348-d0da0a5f0cdd",
              "parentUUID": "272810aa-f6c8-4b6c-9a59-e19a739a714a",
              "isHook": false,
              "skipped": false
            },
            {
              "title": "cast parameters (3, [2, 3]) should return an array [3, 2, 3]",
              "fullTitle": "castArray.js test cast parameters (3, [2, 3]) should return an array [3, 2, 3]",
              "timedOut": false,
              "duration": 0,
              "state": "passed",
              "speed": "fast",
              "pass": true,
              "fail": false,
              "pending": false,
              "context": null,
              "code": "try {\n  assert.deepEqual((0, _castArray[\"default\"])(3, [2, 3]), [3, 2, 3]);\n} catch (error) {\n  console.warn('Fail test cast parameters (3, [2, 3]) should return an array [3, 2, 3]. Reason: ', error.message);\n}",
              "err": {},
              "uuid": "4489b094-0d94-47d0-be88-f7a3eb22f419",
              "parentUUID": "272810aa-f6c8-4b6c-9a59-e19a739a714a",
              "isHook": false,
              "skipped": false
            }
          ],
          "suites": [],
          "passes": [
            "bb40bb68-c19d-4701-80ce-5ffd8333dd8e",
            "03d42faa-7368-47a7-94b1-1f900a785403",
            "de64ab51-9191-44ef-94dd-99a320ac4fcf",
            "598ca587-4d17-492e-8ce0-c77b93bba88f",
            "825faa82-187f-4926-9f86-775e2287e09f",
            "c6b8fbe0-50f1-4bfc-a348-d0da0a5f0cdd",
            "4489b094-0d94-47d0-be88-f7a3eb22f419"
          ],
          "failures": [],
          "pending": [],
          "skipped": [],
          "duration": 1,
          "root": false,
          "rootEmpty": false,
          "_timeout": 2000
        },
        {
          "uuid": "b9a360b9-17c7-4269-a242-fad852c427ae",
          "title": "ceil test",
          "fullFile": "/home/lazymies/Desktop/tuni/software_test_assignment/COMP.SE.200-2020-2021-1-Software-Testing/tests/ceil.test.js",
          "file": "/tests/ceil.test.js",
          "beforeHooks": [],
          "afterHooks": [],
          "tests": [
            {
              "title": "4.006 with precision 0 should return 5",
              "fullTitle": "ceil test 4.006 with precision 0 should return 5",
              "timedOut": false,
              "duration": 0,
              "state": "passed",
              "speed": "fast",
              "pass": true,
              "fail": false,
              "pending": false,
              "context": null,
              "code": "expect((0, _ceil[\"default\"])(4.006)).to.equal(5);",
              "err": {},
              "uuid": "17286afd-4c64-4b5e-aa4f-40e99ec585fe",
              "parentUUID": "b9a360b9-17c7-4269-a242-fad852c427ae",
              "isHook": false,
              "skipped": false
            },
            {
              "title": "6.004 with precision 2 should return 6.01",
              "fullTitle": "ceil test 6.004 with precision 2 should return 6.01",
              "timedOut": false,
              "duration": 0,
              "state": "passed",
              "speed": "fast",
              "pass": true,
              "fail": false,
              "pending": false,
              "context": null,
              "code": "expect((0, _ceil[\"default\"])(6.004, 2)).to.equal(6.01);",
              "err": {},
              "uuid": "9a23619e-885e-4367-896a-4638bcfee77c",
              "parentUUID": "b9a360b9-17c7-4269-a242-fad852c427ae",
              "isHook": false,
              "skipped": false
            },
            {
              "title": "6040 with precision -2 should return 6100",
              "fullTitle": "ceil test 6040 with precision -2 should return 6100",
              "timedOut": false,
              "duration": 0,
              "state": "passed",
              "speed": "fast",
              "pass": true,
              "fail": false,
              "pending": false,
              "context": null,
              "code": "expect((0, _ceil[\"default\"])(6040, -2)).to.equal(6100);",
              "err": {},
              "uuid": "44214e64-8fda-4629-8a38-2fed507ffecb",
              "parentUUID": "b9a360b9-17c7-4269-a242-fad852c427ae",
              "isHook": false,
              "skipped": false
            },
            {
              "title": "passing null, undefined, NaN, string should not give results",
              "fullTitle": "ceil test passing null, undefined, NaN, string should not give results",
              "timedOut": false,
              "duration": 1,
              "state": "passed",
              "speed": "fast",
              "pass": true,
              "fail": false,
              "pending": false,
              "context": null,
              "code": "expect((0, _ceil[\"default\"])(null)).to.not.equal('number');\nexpect((0, _ceil[\"default\"])(undefined)).to.not.equal('number');\nexpect((0, _ceil[\"default\"])(NaN)).to.not.equal('number');\nexpect((0, _ceil[\"default\"])('abc')).to.not.equal('number');",
              "err": {},
              "uuid": "00db0365-d2f1-49be-9c64-6f82c8b9568a",
              "parentUUID": "b9a360b9-17c7-4269-a242-fad852c427ae",
              "isHook": false,
              "skipped": false
            }
          ],
          "suites": [],
          "passes": [
            "17286afd-4c64-4b5e-aa4f-40e99ec585fe",
            "9a23619e-885e-4367-896a-4638bcfee77c",
            "44214e64-8fda-4629-8a38-2fed507ffecb",
            "00db0365-d2f1-49be-9c64-6f82c8b9568a"
          ],
          "failures": [],
          "pending": [],
          "skipped": [],
          "duration": 1,
          "root": false,
          "rootEmpty": false,
          "_timeout": 2000
        },
        {
          "uuid": "425741d4-9cee-4363-8e4e-ff124d59278f",
          "title": "chunk.js test",
          "fullFile": "/home/lazymies/Desktop/tuni/software_test_assignment/COMP.SE.200-2020-2021-1-Software-Testing/tests/chunk.test.js",
          "file": "/tests/chunk.test.js",
          "beforeHooks": [],
          "afterHooks": [],
          "tests": [
            {
              "title": "chunk a valid array with zero size, expect return unchanged array",
              "fullTitle": "chunk.js test chunk a valid array with zero size, expect return unchanged array",
              "timedOut": false,
              "duration": 0,
              "state": "passed",
              "speed": "fast",
              "pass": true,
              "fail": false,
              "pending": false,
              "context": null,
              "code": "try {\n  assert.deepEqual((0, _chunk[\"default\"])([1, 2, 3], 0), [1, 2, 3]);\n} catch (error) {\n  console.warn('Fail test chunk a valid array with zero size, expect return unchanged array. Reason: ', error.message);\n}",
              "err": {},
              "uuid": "f5e4a88e-aa08-4b64-b38a-510e4a9fcf62",
              "parentUUID": "425741d4-9cee-4363-8e4e-ff124d59278f",
              "isHook": false,
              "skipped": false
            },
            {
              "title": "chunk a valid array with negavitve size, expect empty array",
              "fullTitle": "chunk.js test chunk a valid array with negavitve size, expect empty array",
              "timedOut": false,
              "duration": 0,
              "state": "passed",
              "speed": "fast",
              "pass": true,
              "fail": false,
              "pending": false,
              "context": null,
              "code": "assert.deepEqual((0, _chunk[\"default\"])([1, 2, 3], -100.55), []);",
              "err": {},
              "uuid": "c6ea4510-8efa-422d-b4dd-7a54cf437f75",
              "parentUUID": "425741d4-9cee-4363-8e4e-ff124d59278f",
              "isHook": false,
              "skipped": false
            },
            {
              "title": "chunk an empty array with valid size, expect empty array",
              "fullTitle": "chunk.js test chunk an empty array with valid size, expect empty array",
              "timedOut": false,
              "duration": 0,
              "state": "passed",
              "speed": "fast",
              "pass": true,
              "fail": false,
              "pending": false,
              "context": null,
              "code": "assert.deepEqual((0, _chunk[\"default\"])([], 10), []);",
              "err": {},
              "uuid": "cbc3a24d-ed77-4830-9a42-52e46f59f1a2",
              "parentUUID": "425741d4-9cee-4363-8e4e-ff124d59278f",
              "isHook": false,
              "skipped": false
            },
            {
              "title": "chunk an empty array with negative size, expect empty array",
              "fullTitle": "chunk.js test chunk an empty array with negative size, expect empty array",
              "timedOut": false,
              "duration": 0,
              "state": "passed",
              "speed": "fast",
              "pass": true,
              "fail": false,
              "pending": false,
              "context": null,
              "code": "assert.deepEqual((0, _chunk[\"default\"])([], -10), []);",
              "err": {},
              "uuid": "8b810641-1c24-4803-92a6-96c4fc6e33eb",
              "parentUUID": "425741d4-9cee-4363-8e4e-ff124d59278f",
              "isHook": false,
              "skipped": false
            },
            {
              "title": "chunk invalid type with valid size, expect thrown error",
              "fullTitle": "chunk.js test chunk invalid type with valid size, expect thrown error",
              "timedOut": false,
              "duration": 1,
              "state": "passed",
              "speed": "fast",
              "pass": true,
              "fail": false,
              "pending": false,
              "context": null,
              "code": "try {\n  assert[\"throws\"](function () {\n    (0, _chunk[\"default\"])(\"hello world\", 2);\n  }, 'Invalid input');\n} catch (error) {\n  console.warn('chunk invalid type with valid size, expect thrown error. Reason: ', error.message);\n}",
              "err": {},
              "uuid": "6861dc4a-0325-4d9a-b962-3aeeb63346a1",
              "parentUUID": "425741d4-9cee-4363-8e4e-ff124d59278f",
              "isHook": false,
              "skipped": false
            },
            {
              "title": "chunk valid type with valid size, expect valid sub arrays",
              "fullTitle": "chunk.js test chunk valid type with valid size, expect valid sub arrays",
              "timedOut": false,
              "duration": 1,
              "state": "passed",
              "speed": "fast",
              "pass": true,
              "fail": false,
              "pending": false,
              "context": null,
              "code": "try {\n  assert.deepEqual((0, _chunk[\"default\"])(['foo', 'doctor', 'hello'], 2), [['foo', 'doctor'], ['hello']]);\n} catch (error) {\n  console.warn('Unexpected fail test chunk valid type with valid size, expect valid sub arrays. Reason: ', error.message);\n}",
              "err": {},
              "uuid": "8fee2efd-1fcc-42b4-8d95-0a8897eb729d",
              "parentUUID": "425741d4-9cee-4363-8e4e-ff124d59278f",
              "isHook": false,
              "skipped": false
            }
          ],
          "suites": [],
          "passes": [
            "f5e4a88e-aa08-4b64-b38a-510e4a9fcf62",
            "c6ea4510-8efa-422d-b4dd-7a54cf437f75",
            "cbc3a24d-ed77-4830-9a42-52e46f59f1a2",
            "8b810641-1c24-4803-92a6-96c4fc6e33eb",
            "6861dc4a-0325-4d9a-b962-3aeeb63346a1",
            "8fee2efd-1fcc-42b4-8d95-0a8897eb729d"
          ],
          "failures": [],
          "pending": [],
          "skipped": [],
          "duration": 2,
          "root": false,
          "rootEmpty": false,
          "_timeout": 2000
        },
        {
          "uuid": "16e37daa-6fae-4046-8c6b-d069ca2fda34",
          "title": "clamp.js test",
          "fullFile": "/home/lazymies/Desktop/tuni/software_test_assignment/COMP.SE.200-2020-2021-1-Software-Testing/tests/clamp.test.js",
          "file": "/tests/clamp.test.js",
          "beforeHooks": [],
          "afterHooks": [],
          "tests": [
            {
              "title": "clamp null in range, should throw error",
              "fullTitle": "clamp.js test clamp null in range, should throw error",
              "timedOut": false,
              "duration": 0,
              "state": "failed",
              "speed": null,
              "pass": false,
              "fail": true,
              "pending": false,
              "context": null,
              "code": "assert[\"throws\"](function () {\n  (0, _clamp[\"default\"])(null, 1, 10);\n}, 'Invalid Argument');",
              "err": {
                "message": "AssertionError: expected [Function] to throw an error",
                "estack": "AssertionError: expected [Function] to throw an error\n    at Context.<anonymous> (tests/clamp.test.js:8:9)\n    at processImmediate (internal/timers.js:461:21)",
                "diff": null
              },
              "uuid": "3cb11e26-c6f1-49d5-9b19-5db3c4885cd2",
              "parentUUID": "16e37daa-6fae-4046-8c6b-d069ca2fda34",
              "isHook": false,
              "skipped": false
            },
            {
              "title": "clamp undefined in range, should throw error",
              "fullTitle": "clamp.js test clamp undefined in range, should throw error",
              "timedOut": false,
              "duration": 0,
              "state": "failed",
              "speed": null,
              "pass": false,
              "fail": true,
              "pending": false,
              "context": null,
              "code": "assert[\"throws\"](function () {\n  (0, _clamp[\"default\"])(undefined, 1, 10);\n}, 'Invalid Argument');",
              "err": {
                "message": "AssertionError: expected [Function] to throw an error",
                "estack": "AssertionError: expected [Function] to throw an error\n    at Context.<anonymous> (tests/clamp.test.js:14:9)\n    at processImmediate (internal/timers.js:461:21)",
                "diff": null
              },
              "uuid": "944d54f4-8244-4d13-a344-54bf57a06e91",
              "parentUUID": "16e37daa-6fae-4046-8c6b-d069ca2fda34",
              "isHook": false,
              "skipped": false
            },
            {
              "title": "clamp without parameters, should throw error",
              "fullTitle": "clamp.js test clamp without parameters, should throw error",
              "timedOut": false,
              "duration": 1,
              "state": "failed",
              "speed": null,
              "pass": false,
              "fail": true,
              "pending": false,
              "context": null,
              "code": "assert[\"throws\"](function () {\n  (0, _clamp[\"default\"])();\n}, 'Invalid Argument');",
              "err": {
                "message": "AssertionError: expected [Function] to throw an error",
                "estack": "AssertionError: expected [Function] to throw an error\n    at Context.<anonymous> (tests/clamp.test.js:20:9)\n    at processImmediate (internal/timers.js:461:21)",
                "diff": null
              },
              "uuid": "9cf4c9a2-7cce-4e44-8b20-7f2a659ee01c",
              "parentUUID": "16e37daa-6fae-4046-8c6b-d069ca2fda34",
              "isHook": false,
              "skipped": false
            },
            {
              "title": "clamp number in incorrect range, should thrown error",
              "fullTitle": "clamp.js test clamp number in incorrect range, should thrown error",
              "timedOut": false,
              "duration": 0,
              "state": "failed",
              "speed": null,
              "pass": false,
              "fail": true,
              "pending": false,
              "context": null,
              "code": "assert[\"throws\"](function () {\n  (0, _clamp[\"default\"])(10, 100, 1);\n}, 'Invalid Range');",
              "err": {
                "message": "AssertionError: expected [Function] to throw an error",
                "estack": "AssertionError: expected [Function] to throw an error\n    at Context.<anonymous> (tests/clamp.test.js:26:9)\n    at processImmediate (internal/timers.js:461:21)",
                "diff": null
              },
              "uuid": "fedfe548-b1a7-498a-9a32-b2a6377eadca",
              "parentUUID": "16e37daa-6fae-4046-8c6b-d069ca2fda34",
              "isHook": false,
              "skipped": false
            },
            {
              "title": "clamp number in range without lower, should thrown error",
              "fullTitle": "clamp.js test clamp number in range without lower, should thrown error",
              "timedOut": false,
              "duration": 0,
              "state": "failed",
              "speed": null,
              "pass": false,
              "fail": true,
              "pending": false,
              "context": null,
              "code": "assert[\"throws\"](function () {\n  (0, _clamp[\"default\"])(10, null, 1);\n}, 'Invalid Range');",
              "err": {
                "message": "AssertionError: expected [Function] to throw an error",
                "estack": "AssertionError: expected [Function] to throw an error\n    at Context.<anonymous> (tests/clamp.test.js:32:9)\n    at processImmediate (internal/timers.js:461:21)",
                "diff": null
              },
              "uuid": "98a5d07f-1171-4c83-8595-cf106d2283a7",
              "parentUUID": "16e37daa-6fae-4046-8c6b-d069ca2fda34",
              "isHook": false,
              "skipped": false
            },
            {
              "title": "clamp number in range without upper, should thrown error",
              "fullTitle": "clamp.js test clamp number in range without upper, should thrown error",
              "timedOut": false,
              "duration": 0,
              "state": "failed",
              "speed": null,
              "pass": false,
              "fail": true,
              "pending": false,
              "context": null,
              "code": "assert[\"throws\"](function () {\n  (0, _clamp[\"default\"])(10, 1);\n}, 'Invalid Range');",
              "err": {
                "message": "AssertionError: expected [Function] to throw an error",
                "estack": "AssertionError: expected [Function] to throw an error\n    at Context.<anonymous> (tests/clamp.test.js:38:9)\n    at processImmediate (internal/timers.js:461:21)",
                "diff": null
              },
              "uuid": "0a397c53-8739-41e2-bc82-24ec7e3bfc93",
              "parentUUID": "16e37daa-6fae-4046-8c6b-d069ca2fda34",
              "isHook": false,
              "skipped": false
            },
            {
              "title": "clamp number in range, return number itself",
              "fullTitle": "clamp.js test clamp number in range, return number itself",
              "timedOut": false,
              "duration": 0,
              "state": "failed",
              "speed": null,
              "pass": false,
              "fail": true,
              "pending": false,
              "context": null,
              "code": "assert.strictEqual((0, _clamp[\"default\"])(42, 0, 1337), 42);",
              "err": {
                "message": "AssertionError: expected 0 to equal 42",
                "estack": "AssertionError: expected 0 to equal 42\n    at Context.<anonymous> (tests/clamp.test.js:44:16)\n    at processImmediate (internal/timers.js:461:21)",
                "diff": "- 0\n+ 42\n"
              },
              "uuid": "303f86c7-d784-49bb-8235-3485a1df16af",
              "parentUUID": "16e37daa-6fae-4046-8c6b-d069ca2fda34",
              "isHook": false,
              "skipped": false
            },
            {
              "title": "clamp number less than range, return range lowest number",
              "fullTitle": "clamp.js test clamp number less than range, return range lowest number",
              "timedOut": false,
              "duration": 0,
              "state": "passed",
              "speed": "fast",
              "pass": true,
              "fail": false,
              "pending": false,
              "context": null,
              "code": "assert.strictEqual((0, _clamp[\"default\"])(42, 1337, 9000), 1337);",
              "err": {},
              "uuid": "a9956fd2-b069-4dc0-9f34-3d41c0ae35f5",
              "parentUUID": "16e37daa-6fae-4046-8c6b-d069ca2fda34",
              "isHook": false,
              "skipped": false
            },
            {
              "title": "clamp number greater than range, return range largest number",
              "fullTitle": "clamp.js test clamp number greater than range, return range largest number",
              "timedOut": false,
              "duration": 0,
              "state": "failed",
              "speed": null,
              "pass": false,
              "fail": true,
              "pending": false,
              "context": null,
              "code": "assert.strictEqual((0, _clamp[\"default\"])(42, 0, 10), 10);",
              "err": {
                "message": "AssertionError: expected 0 to equal 10",
                "estack": "AssertionError: expected 0 to equal 10\n    at Context.<anonymous> (tests/clamp.test.js:52:16)\n    at processImmediate (internal/timers.js:461:21)",
                "diff": "- 0\n+ 10\n"
              },
              "uuid": "ed7e5cbe-c300-4887-974f-15a6a1235d45",
              "parentUUID": "16e37daa-6fae-4046-8c6b-d069ca2fda34",
              "isHook": false,
              "skipped": false
            }
          ],
          "suites": [],
          "passes": [
            "a9956fd2-b069-4dc0-9f34-3d41c0ae35f5"
          ],
          "failures": [
            "3cb11e26-c6f1-49d5-9b19-5db3c4885cd2",
            "944d54f4-8244-4d13-a344-54bf57a06e91",
            "9cf4c9a2-7cce-4e44-8b20-7f2a659ee01c",
            "fedfe548-b1a7-498a-9a32-b2a6377eadca",
            "98a5d07f-1171-4c83-8595-cf106d2283a7",
            "0a397c53-8739-41e2-bc82-24ec7e3bfc93",
            "303f86c7-d784-49bb-8235-3485a1df16af",
            "ed7e5cbe-c300-4887-974f-15a6a1235d45"
          ],
          "pending": [],
          "skipped": [],
          "duration": 1,
          "root": false,
          "rootEmpty": false,
          "_timeout": 2000
        },
        {
          "uuid": "ac854d6e-5394-49d4-b6c8-13b2709faf97",
          "title": "compact.js test",
          "fullFile": "/home/lazymies/Desktop/tuni/software_test_assignment/COMP.SE.200-2020-2021-1-Software-Testing/tests/compact.test.js",
          "file": "/tests/compact.test.js",
          "beforeHooks": [],
          "afterHooks": [],
          "tests": [
            {
              "title": "compact an empty array, return empty array",
              "fullTitle": "compact.js test compact an empty array, return empty array",
              "timedOut": false,
              "duration": 1,
              "state": "passed",
              "speed": "fast",
              "pass": true,
              "fail": false,
              "pending": false,
              "context": null,
              "code": "assert.deepEqual((0, _compact[\"default\"])([]), []);",
              "err": {},
              "uuid": "c2e9ba39-c6ee-4eac-8fec-f67c488b1473",
              "parentUUID": "ac854d6e-5394-49d4-b6c8-13b2709faf97",
              "isHook": false,
              "skipped": false
            },
            {
              "title": "compact null, expect throws error",
              "fullTitle": "compact.js test compact null, expect throws error",
              "timedOut": false,
              "duration": 0,
              "state": "failed",
              "speed": null,
              "pass": false,
              "fail": true,
              "pending": false,
              "context": null,
              "code": "assert[\"throw\"](function () {\n  (0, _compact[\"default\"])(null);\n}, 'Invalid argument');",
              "err": {
                "message": "AssertionError: expected [Function] to throw error including 'Invalid argument' but got 'object null is not iterable (cannot read property Symbol(Symbol.iterator))'",
                "estack": "AssertionError: expected [Function] to throw error including 'Invalid argument' but got 'object null is not iterable (cannot read property Symbol(Symbol.iterator))'\n    at Context.<anonymous> (tests/compact.test.js:13:9)\n    at processImmediate (internal/timers.js:461:21)",
                "diff": "- object null is not iterable (cannot read property Symbol(Symbol.iterator))\n+ Invalid argument\n"
              },
              "uuid": "41b3ff36-2c83-42b4-9fff-544ac8de6619",
              "parentUUID": "ac854d6e-5394-49d4-b6c8-13b2709faf97",
              "isHook": false,
              "skipped": false
            },
            {
              "title": "compact undefined, expect throws error",
              "fullTitle": "compact.js test compact undefined, expect throws error",
              "timedOut": false,
              "duration": 1,
              "state": "failed",
              "speed": null,
              "pass": false,
              "fail": true,
              "pending": false,
              "context": null,
              "code": "assert[\"throw\"](function () {\n  (0, _compact[\"default\"])(undefined);\n}, 'Invalid argument');",
              "err": {
                "message": "AssertionError: expected [Function] to throw error including 'Invalid argument' but got 'undefined is not iterable (cannot read property Symbol(Symbol.iterator))'",
                "estack": "AssertionError: expected [Function] to throw error including 'Invalid argument' but got 'undefined is not iterable (cannot read property Symbol(Symbol.iterator))'\n    at Context.<anonymous> (tests/compact.test.js:19:9)\n    at processImmediate (internal/timers.js:461:21)",
                "diff": "- undefined is not iterable (cannot read property Symbol(Symbol.iterator))\n+ Invalid argument\n"
              },
              "uuid": "d31322d9-7085-4499-9658-03626109b2df",
              "parentUUID": "ac854d6e-5394-49d4-b6c8-13b2709faf97",
              "isHook": false,
              "skipped": false
            },
            {
              "title": "compact string, expect throws error",
              "fullTitle": "compact.js test compact string, expect throws error",
              "timedOut": false,
              "duration": 1,
              "state": "failed",
              "speed": null,
              "pass": false,
              "fail": true,
              "pending": false,
              "context": null,
              "code": "assert[\"throw\"](function () {\n  (0, _compact[\"default\"])(\"Hello\");\n}, 'Invalid argument');",
              "err": {
                "message": "AssertionError: expected [Function] to throw an error",
                "estack": "AssertionError: expected [Function] to throw an error\n    at Context.<anonymous> (tests/compact.test.js:25:9)\n    at processImmediate (internal/timers.js:461:21)",
                "diff": null
              },
              "uuid": "9c4d848b-4ec4-4876-93ff-328815ccad6a",
              "parentUUID": "ac854d6e-5394-49d4-b6c8-13b2709faf97",
              "isHook": false,
              "skipped": false
            },
            {
              "title": "compact object, expect throws error",
              "fullTitle": "compact.js test compact object, expect throws error",
              "timedOut": false,
              "duration": 1,
              "state": "failed",
              "speed": null,
              "pass": false,
              "fail": true,
              "pending": false,
              "context": null,
              "code": "assert[\"throw\"](function () {\n  (0, _compact[\"default\"])({\n    foo: 'bar'\n  });\n}, 'Invalid argument');",
              "err": {
                "message": "AssertionError: expected [Function] to throw error including 'Invalid argument' but got 'Invalid attempt to iterate non-iterable instance.\\nIn order to be iterable, non-array objects must have a [Symbol.iterator]() method.'",
                "estack": "AssertionError: expected [Function] to throw error including 'Invalid argument' but got 'Invalid attempt to iterate non-iterable instance.\\nIn order to be iterable, non-array objects must have a [Symbol.iterator]() method.'\n    at Context.<anonymous> (tests/compact.test.js:31:9)\n    at processImmediate (internal/timers.js:461:21)",
                "diff": "- Invalid attempt to iterate non-iterable instance.\n- In order to be iterable, non-array objects must have a [Symbol.iterator]() method.\n+ Invalid argument\n"
              },
              "uuid": "1808075a-730f-436b-9391-16ee8b40c512",
              "parentUUID": "ac854d6e-5394-49d4-b6c8-13b2709faf97",
              "isHook": false,
              "skipped": false
            },
            {
              "title": "compact an array with valid and falsey values, return array with valid values",
              "fullTitle": "compact.js test compact an array with valid and falsey values, return array with valid values",
              "timedOut": false,
              "duration": 1,
              "state": "failed",
              "speed": null,
              "pass": false,
              "fail": true,
              "pending": false,
              "context": null,
              "code": "assert.deepEqual((0, _compact[\"default\"])([123, undefined, 'Hello', null, '', false, {\n  foo: 'bar'\n}, 0, 5.55]), [123, 'Hello', {\n  foo: 'bar'\n}, 5.55]);",
              "err": {
                "message": "AssertionError: expected [ Array(3) ] to deeply equal [ 123, 'Hello', { foo: 'bar' }, 5.55 ]",
                "estack": "AssertionError: expected [ Array(3) ] to deeply equal [ 123, 'Hello', { foo: 'bar' }, 5.55 ]\n    at Context.<anonymous> (tests/compact.test.js:37:16)\n    at processImmediate (internal/timers.js:461:21)",
                "diff": " [\n+   123\n   \"Hello\"\n   {\n     \"foo\": \"bar\"\n   }\n"
              },
              "uuid": "eac00336-930d-42a4-b311-3005ca66d2a0",
              "parentUUID": "ac854d6e-5394-49d4-b6c8-13b2709faf97",
              "isHook": false,
              "skipped": false
            }
          ],
          "suites": [],
          "passes": [
            "c2e9ba39-c6ee-4eac-8fec-f67c488b1473"
          ],
          "failures": [
            "41b3ff36-2c83-42b4-9fff-544ac8de6619",
            "d31322d9-7085-4499-9658-03626109b2df",
            "9c4d848b-4ec4-4876-93ff-328815ccad6a",
            "1808075a-730f-436b-9391-16ee8b40c512",
            "eac00336-930d-42a4-b311-3005ca66d2a0"
          ],
          "pending": [],
          "skipped": [],
          "duration": 5,
          "root": false,
          "rootEmpty": false,
          "_timeout": 2000
        },
        {
          "uuid": "9c26e053-124c-4662-8e4d-ae79e526e2e5",
          "title": "countBy.js test",
          "fullFile": "/home/lazymies/Desktop/tuni/software_test_assignment/COMP.SE.200-2020-2021-1-Software-Testing/tests/countBy.test.js",
          "file": "/tests/countBy.test.js",
          "beforeHooks": [],
          "afterHooks": [],
          "tests": [
            {
              "title": "countBy a valid array with valid iteratee, expect return compacted object",
              "fullTitle": "countBy.js test countBy a valid array with valid iteratee, expect return compacted object",
              "timedOut": false,
              "duration": 1,
              "state": "failed",
              "speed": null,
              "pass": false,
              "fail": true,
              "pending": false,
              "context": null,
              "code": "var countedObject = (0, _countBy[\"default\"])(USERS, function (user) {\n  return user.active;\n});\nassert.equal(countedObject[\"true\"], 2);\nassert.equal(countedObject[\"false\"], 1);",
              "err": {
                "message": "AssertionError: expected 1 to equal 2",
                "estack": "AssertionError: expected 1 to equal 2\n    at Context.<anonymous> (tests/countBy.test.js:15:16)\n    at processImmediate (internal/timers.js:461:21)",
                "diff": "- 1\n+ 2\n"
              },
              "uuid": "c66dea99-d232-451a-ab37-8df6a523e054",
              "parentUUID": "9c26e053-124c-4662-8e4d-ae79e526e2e5",
              "isHook": false,
              "skipped": false
            },
            {
              "title": "countBy a valid array with invalid iteratee, expect return empty object",
              "fullTitle": "countBy.js test countBy a valid array with invalid iteratee, expect return empty object",
              "timedOut": false,
              "duration": 1,
              "state": "failed",
              "speed": null,
              "pass": false,
              "fail": true,
              "pending": false,
              "context": null,
              "code": "assert.deepEqual((0, _countBy[\"default\"])(USERS, function (user) {\n  return user.title;\n}), {});",
              "err": {
                "message": "AssertionError: expected { undefined: 2 } to deeply equal {}",
                "estack": "AssertionError: expected { undefined: 2 } to deeply equal {}\n    at Context.<anonymous> (tests/countBy.test.js:20:16)\n    at processImmediate (internal/timers.js:461:21)",
                "diff": "- {\n-   \"undefined\": 2\n- }\n+ {}\n"
              },
              "uuid": "a60957ad-ee9d-4961-bd9b-f3e6701b1c58",
              "parentUUID": "9c26e053-124c-4662-8e4d-ae79e526e2e5",
              "isHook": false,
              "skipped": false
            },
            {
              "title": "countBy a valid array with void return iteratee, expect return empty object",
              "fullTitle": "countBy.js test countBy a valid array with void return iteratee, expect return empty object",
              "timedOut": false,
              "duration": 1,
              "state": "failed",
              "speed": null,
              "pass": false,
              "fail": true,
              "pending": false,
              "context": null,
              "code": "assert.deepEqual((0, _countBy[\"default\"])(USERS, function (user) {}), {});",
              "err": {
                "message": "AssertionError: expected { undefined: 2 } to deeply equal {}",
                "estack": "AssertionError: expected { undefined: 2 } to deeply equal {}\n    at Context.<anonymous> (tests/countBy.test.js:24:16)\n    at processImmediate (internal/timers.js:461:21)",
                "diff": "- {\n-   \"undefined\": 2\n- }\n+ {}\n"
              },
              "uuid": "8eace929-e3e3-43be-8ac1-e55daf347405",
              "parentUUID": "9c26e053-124c-4662-8e4d-ae79e526e2e5",
              "isHook": false,
              "skipped": false
            },
            {
              "title": "countBy a valid array without iterator, expect thrown message",
              "fullTitle": "countBy.js test countBy a valid array without iterator, expect thrown message",
              "timedOut": false,
              "duration": 0,
              "state": "failed",
              "speed": null,
              "pass": false,
              "fail": true,
              "pending": false,
              "context": null,
              "code": "assert[\"throws\"](function () {\n  (0, _countBy[\"default\"])(USERS);\n}, 'Invalid Iteratee');",
              "err": {
                "message": "AssertionError: expected [Function] to throw error including 'Invalid Iteratee' but got 'iteratee is not a function'",
                "estack": "AssertionError: expected [Function] to throw error including 'Invalid Iteratee' but got 'iteratee is not a function'\n    at Context.<anonymous> (tests/countBy.test.js:28:9)\n    at processImmediate (internal/timers.js:461:21)",
                "diff": "- iteratee is not a function\n+ Invalid Iteratee\n"
              },
              "uuid": "b7b3c7ea-218f-416e-8024-3fdc8395412d",
              "parentUUID": "9c26e053-124c-4662-8e4d-ae79e526e2e5",
              "isHook": false,
              "skipped": false
            },
            {
              "title": "countBy invalid array with valid iterator, expect thrown message",
              "fullTitle": "countBy.js test countBy invalid array with valid iterator, expect thrown message",
              "timedOut": false,
              "duration": 0,
              "state": "failed",
              "speed": null,
              "pass": false,
              "fail": true,
              "pending": false,
              "context": null,
              "code": "assert[\"throws\"](function () {\n  (0, _countBy[\"default\"])(undefined, function (user) {\n    return user.active;\n  });\n}, 'Invalid Argument');",
              "err": {
                "message": "AssertionError: expected [Function] to throw an error",
                "estack": "AssertionError: expected [Function] to throw an error\n    at Context.<anonymous> (tests/countBy.test.js:34:9)\n    at processImmediate (internal/timers.js:461:21)",
                "diff": null
              },
              "uuid": "f44ce85a-695c-417d-994c-9a84be12dfc5",
              "parentUUID": "9c26e053-124c-4662-8e4d-ae79e526e2e5",
              "isHook": false,
              "skipped": false
            }
          ],
          "suites": [],
          "passes": [],
          "failures": [
            "c66dea99-d232-451a-ab37-8df6a523e054",
            "a60957ad-ee9d-4961-bd9b-f3e6701b1c58",
            "8eace929-e3e3-43be-8ac1-e55daf347405",
            "b7b3c7ea-218f-416e-8024-3fdc8395412d",
            "f44ce85a-695c-417d-994c-9a84be12dfc5"
          ],
          "pending": [],
          "skipped": [],
          "duration": 3,
          "root": false,
          "rootEmpty": false,
          "_timeout": 2000
        },
        {
          "uuid": "d0aaf244-d7d4-4b1d-abf1-a235070e3633",
          "title": "eq test",
          "fullFile": "/home/lazymies/Desktop/tuni/software_test_assignment/COMP.SE.200-2020-2021-1-Software-Testing/tests/eq.test.js",
          "file": "/tests/eq.test.js",
          "beforeHooks": [],
          "afterHooks": [],
          "tests": [
            {
              "title": "should return true if same objects are compared",
              "fullTitle": "eq test should return true if same objects are compared",
              "timedOut": false,
              "duration": 0,
              "state": "passed",
              "speed": "fast",
              "pass": true,
              "fail": false,
              "pending": false,
              "context": null,
              "code": "var object = {\n  'a': 1\n};\nvar result = (0, _eq[\"default\"])(object, object);\nexpect(result).to.be[\"true\"];",
              "err": {},
              "uuid": "50729c45-5375-44c5-a369-8cfd70446139",
              "parentUUID": "d0aaf244-d7d4-4b1d-abf1-a235070e3633",
              "isHook": false,
              "skipped": false
            },
            {
              "title": "should return true if same strings are compared",
              "fullTitle": "eq test should return true if same strings are compared",
              "timedOut": false,
              "duration": 1,
              "state": "passed",
              "speed": "fast",
              "pass": true,
              "fail": false,
              "pending": false,
              "context": null,
              "code": "expect((0, _eq[\"default\"])('a', 'a')).to.be[\"true\"];",
              "err": {},
              "uuid": "7be1ef49-8fc3-49b2-aae6-d1e60768004f",
              "parentUUID": "d0aaf244-d7d4-4b1d-abf1-a235070e3633",
              "isHook": false,
              "skipped": false
            },
            {
              "title": "should return true if same numbers are compared",
              "fullTitle": "eq test should return true if same numbers are compared",
              "timedOut": false,
              "duration": 0,
              "state": "passed",
              "speed": "fast",
              "pass": true,
              "fail": false,
              "pending": false,
              "context": null,
              "code": "expect((0, _eq[\"default\"])(123, 123)).to.be[\"true\"];",
              "err": {},
              "uuid": "fb504eda-c31c-43fa-a776-b44ea4ed575b",
              "parentUUID": "d0aaf244-d7d4-4b1d-abf1-a235070e3633",
              "isHook": false,
              "skipped": false
            },
            {
              "title": "should return false if values are not quivalent",
              "fullTitle": "eq test should return false if values are not quivalent",
              "timedOut": false,
              "duration": 0,
              "state": "passed",
              "speed": "fast",
              "pass": true,
              "fail": false,
              "pending": false,
              "context": null,
              "code": "expect((0, _eq[\"default\"])('a', NaN)).to.be[\"false\"];",
              "err": {},
              "uuid": "463f4a7b-2d04-40f2-a706-f4b93e6c4cb3",
              "parentUUID": "d0aaf244-d7d4-4b1d-abf1-a235070e3633",
              "isHook": false,
              "skipped": false
            },
            {
              "title": "should return false if string and object is compared",
              "fullTitle": "eq test should return false if string and object is compared",
              "timedOut": false,
              "duration": 0,
              "state": "passed",
              "speed": "fast",
              "pass": true,
              "fail": false,
              "pending": false,
              "context": null,
              "code": "var object = {\n  'a': 1\n};\nexpect((0, _eq[\"default\"])('a', object)).to.be[\"false\"];",
              "err": {},
              "uuid": "b09b3082-e02b-4935-9b04-958f2dcfdd19",
              "parentUUID": "d0aaf244-d7d4-4b1d-abf1-a235070e3633",
              "isHook": false,
              "skipped": false
            }
          ],
          "suites": [],
          "passes": [
            "50729c45-5375-44c5-a369-8cfd70446139",
            "7be1ef49-8fc3-49b2-aae6-d1e60768004f",
            "fb504eda-c31c-43fa-a776-b44ea4ed575b",
            "463f4a7b-2d04-40f2-a706-f4b93e6c4cb3",
            "b09b3082-e02b-4935-9b04-958f2dcfdd19"
          ],
          "failures": [],
          "pending": [],
          "skipped": [],
          "duration": 1,
          "root": false,
          "rootEmpty": false,
          "_timeout": 2000
        },
        {
          "uuid": "dd2461d9-5183-405e-9bd0-3dfbee4101c2",
          "title": "every test",
          "fullFile": "/home/lazymies/Desktop/tuni/software_test_assignment/COMP.SE.200-2020-2021-1-Software-Testing/tests/every.test.js",
          "file": "/tests/every.test.js",
          "beforeHooks": [],
          "afterHooks": [],
          "tests": [
            {
              "title": "should return true if all array elements pass the predicate check",
              "fullTitle": "every test should return true if all array elements pass the predicate check",
              "timedOut": false,
              "duration": 1,
              "state": "passed",
              "speed": "fast",
              "pass": true,
              "fail": false,
              "pending": false,
              "context": null,
              "code": "var array = ['1', 'yes'];\nvar result = (0, _every[\"default\"])(array, String);\nexpect(result).to.be[\"true\"];",
              "err": {},
              "uuid": "5c01c57c-1b85-4e70-920f-727593521870",
              "parentUUID": "dd2461d9-5183-405e-9bd0-3dfbee4101c2",
              "isHook": false,
              "skipped": false
            },
            {
              "title": "should return true for empty arrays",
              "fullTitle": "every test should return true for empty arrays",
              "timedOut": false,
              "duration": 0,
              "state": "passed",
              "speed": "fast",
              "pass": true,
              "fail": false,
              "pending": false,
              "context": null,
              "code": "var array = [];\nvar result = (0, _every[\"default\"])(array, String);\nexpect(result).to.be[\"true\"];",
              "err": {},
              "uuid": "f91c46ff-eae3-468b-88d5-3b69f8a835fa",
              "parentUUID": "dd2461d9-5183-405e-9bd0-3dfbee4101c2",
              "isHook": false,
              "skipped": false
            },
            {
              "title": "should return false if all array elements did not pass the predicate check",
              "fullTitle": "every test should return false if all array elements did not pass the predicate check",
              "timedOut": false,
              "duration": 0,
              "state": "passed",
              "speed": "fast",
              "pass": true,
              "fail": false,
              "pending": false,
              "context": null,
              "code": "var array = [true, 1, null, 'yes'];\nvar result = (0, _every[\"default\"])(array, Boolean);\nexpect(result).to.be[\"false\"];",
              "err": {},
              "uuid": "dc525db7-8524-4438-8db0-167f5e56075b",
              "parentUUID": "dd2461d9-5183-405e-9bd0-3dfbee4101c2",
              "isHook": false,
              "skipped": false
            },
            {
              "title": "should not return boolean if array is not passed",
              "fullTitle": "every test should not return boolean if array is not passed",
              "timedOut": false,
              "duration": 0,
              "state": "passed",
              "speed": "fast",
              "pass": true,
              "fail": false,
              "pending": false,
              "context": null,
              "code": "expect((0, _every[\"default\"])('abc', String)).to.not.equal('boolean');\nexpect((0, _every[\"default\"])(123, Number)).to.not.equal('boolean');",
              "err": {},
              "uuid": "605d94de-59fc-4e48-9994-db31f74ffb5a",
              "parentUUID": "dd2461d9-5183-405e-9bd0-3dfbee4101c2",
              "isHook": false,
              "skipped": false
            },
            {
              "title": "should not return boolean if null, NaN, undefined is passed",
              "fullTitle": "every test should not return boolean if null, NaN, undefined is passed",
              "timedOut": false,
              "duration": 1,
              "state": "passed",
              "speed": "fast",
              "pass": true,
              "fail": false,
              "pending": false,
              "context": null,
              "code": "expect((0, _every[\"default\"])(null, String)).to.not.equal('boolean');\nexpect((0, _every[\"default\"])(NaN, String)).to.not.equal('boolean');\nexpect((0, _every[\"default\"])(undefined, String)).to.not.equal('boolean');",
              "err": {},
              "uuid": "b5b54df7-7861-44da-8163-5dfe1f348224",
              "parentUUID": "dd2461d9-5183-405e-9bd0-3dfbee4101c2",
              "isHook": false,
              "skipped": false
            }
          ],
          "suites": [],
          "passes": [
            "5c01c57c-1b85-4e70-920f-727593521870",
            "f91c46ff-eae3-468b-88d5-3b69f8a835fa",
            "dc525db7-8524-4438-8db0-167f5e56075b",
            "605d94de-59fc-4e48-9994-db31f74ffb5a",
            "b5b54df7-7861-44da-8163-5dfe1f348224"
          ],
          "failures": [],
          "pending": [],
          "skipped": [],
          "duration": 2,
          "root": false,
          "rootEmpty": false,
          "_timeout": 2000
        },
        {
          "uuid": "ee40869e-0bac-4b09-b279-c4d420e4a4ad",
          "title": "isBoolean test",
          "fullFile": "/home/lazymies/Desktop/tuni/software_test_assignment/COMP.SE.200-2020-2021-1-Software-Testing/tests/isBoolean.test.js",
          "file": "/tests/isBoolean.test.js",
          "beforeHooks": [],
          "afterHooks": [],
          "tests": [
            {
              "title": "should return true if value is Boolean",
              "fullTitle": "isBoolean test should return true if value is Boolean",
              "timedOut": false,
              "duration": 0,
              "state": "passed",
              "speed": "fast",
              "pass": true,
              "fail": false,
              "pending": false,
              "context": null,
              "code": "expect((0, _isBoolean[\"default\"])(true)).to.be[\"true\"];\nexpect((0, _isBoolean[\"default\"])(false)).to.be[\"true\"];",
              "err": {},
              "uuid": "4ea9b910-fa4f-4330-906c-5b50b0f442f5",
              "parentUUID": "ee40869e-0bac-4b09-b279-c4d420e4a4ad",
              "isHook": false,
              "skipped": false
            },
            {
              "title": "should return false if value is not Boolean",
              "fullTitle": "isBoolean test should return false if value is not Boolean",
              "timedOut": false,
              "duration": 0,
              "state": "passed",
              "speed": "fast",
              "pass": true,
              "fail": false,
              "pending": false,
              "context": null,
              "code": "expect((0, _isBoolean[\"default\"])(null)).to.be[\"false\"];\nexpect((0, _isBoolean[\"default\"])(undefined)).to.be[\"false\"];\nexpect((0, _isBoolean[\"default\"])(12)).to.be[\"false\"];\nexpect((0, _isBoolean[\"default\"])('abc')).to.be[\"false\"];\nexpect((0, _isBoolean[\"default\"])([1, 2, 3])).to.be[\"false\"];\nexpect((0, _isBoolean[\"default\"])({\n  'a': 1\n})).to.be[\"false\"];",
              "err": {},
              "uuid": "24bd2c06-4ec7-48e9-a597-d9fe8daf124e",
              "parentUUID": "ee40869e-0bac-4b09-b279-c4d420e4a4ad",
              "isHook": false,
              "skipped": false
            }
          ],
          "suites": [],
          "passes": [
            "4ea9b910-fa4f-4330-906c-5b50b0f442f5",
            "24bd2c06-4ec7-48e9-a597-d9fe8daf124e"
          ],
          "failures": [],
          "pending": [],
          "skipped": [],
          "duration": 0,
          "root": false,
          "rootEmpty": false,
          "_timeout": 2000
        },
        {
          "uuid": "60488a73-d05c-468b-9379-60703481421b",
          "title": "isBuffer test",
          "fullFile": "/home/lazymies/Desktop/tuni/software_test_assignment/COMP.SE.200-2020-2021-1-Software-Testing/tests/isBuffer.test.js",
          "file": "/tests/isBuffer.test.js",
          "beforeHooks": [],
          "afterHooks": [],
          "tests": [
            {
              "title": "should return true if value is a Buffer",
              "fullTitle": "isBuffer test should return true if value is a Buffer",
              "timedOut": false,
              "duration": 0,
              "state": "passed",
              "speed": "fast",
              "pass": true,
[...]
              "err": {},
              "uuid": "1399f512-ab4f-4de4-a1f5-b416a8741df7",
              "parentUUID": "93e1f030-84d5-4558-90be-abe6f8d5316e",
              "isHook": false,
              "skipped": false
            }
          ],
          "suites": [],
          "passes": [
            "40d4bab9-6bb1-4b7d-b077-d487f42fb949",
            "6370a78b-9a28-4c0a-b261-852d2c18704a",
            "d5fca55f-2175-46f8-83d1-bfcc7a79e5d8",
            "e40934b0-3642-4cc0-8686-f2730fde7e53",
            "9c4c107e-a67b-46e9-8f38-a485d254dd49",
            "1399f512-ab4f-4de4-a1f5-b416a8741df7"
          ],
          "failures": [],
          "pending": [],
          "skipped": [],
          "duration": 1,
          "root": false,
          "rootEmpty": false,
          "_timeout": 2000
        },
        {
          "uuid": "2c67f29f-0021-4283-8bb7-b3c729d7f72e",
          "title": "Test toNumber.js function",
          "fullFile": "/home/lazymies/Desktop/tuni/software_test_assignment/COMP.SE.200-2020-2021-1-Software-Testing/tests/toNumber.test.js",
          "file": "/tests/toNumber.test.js",
          "beforeHooks": [],
          "afterHooks": [],
          "tests": [
            {
              "title": "Give null to method, return NAN",
              "fullTitle": "Test toNumber.js function Give null to method, return NAN",
              "timedOut": false,
              "duration": 1,
              "state": "failed",
              "speed": null,
              "pass": false,
              "fail": true,
              "pending": false,
              "context": null,
              "code": "expect((0, _toNumber[\"default\"])(null)).to.be.NaN;",
              "err": {
                "message": "AssertionError: expected 0 to be NaN",
                "estack": "AssertionError: expected 0 to be NaN\n    at Context.<anonymous> (tests/toNumber.test.js:11:9)\n    at processImmediate (internal/timers.js:461:21)",
                "diff": null
              },
              "uuid": "a10770df-9ea2-4850-82d2-dc46f090513d",
              "parentUUID": "2c67f29f-0021-4283-8bb7-b3c729d7f72e",
              "isHook": false,
              "skipped": false
            },
            {
              "title": "Give undefined to method, return NaN",
              "fullTitle": "Test toNumber.js function Give undefined to method, return NaN",
              "timedOut": false,
              "duration": 0,
              "state": "passed",
              "speed": "fast",
              "pass": true,
              "fail": false,
              "pending": false,
              "context": null,
              "code": "expect((0, _toNumber[\"default\"])(undefined)).to.be.NaN;",
              "err": {},
              "uuid": "2fc06560-21ca-45b0-9b9c-56d4d14bbc9e",
              "parentUUID": "2c67f29f-0021-4283-8bb7-b3c729d7f72e",
              "isHook": false,
              "skipped": false
            },
            {
              "title": "Give invalid number string to method, return NaN",
              "fullTitle": "Test toNumber.js function Give invalid number string to method, return NaN",
              "timedOut": false,
              "duration": 0,
              "state": "passed",
              "speed": "fast",
              "pass": true,
              "fail": false,
              "pending": false,
              "context": null,
              "code": "expect((0, _toNumber[\"default\"])('Hello world!')).to.be.NaN;",
              "err": {},
              "uuid": "6809d3a2-5e94-46b0-81e7-45485b5cd70f",
              "parentUUID": "2c67f29f-0021-4283-8bb7-b3c729d7f72e",
              "isHook": false,
              "skipped": false
            },
            {
              "title": "Give Hexadecimals number string to method, return converted base 10",
              "fullTitle": "Test toNumber.js function Give Hexadecimals number string to method, return converted base 10",
              "timedOut": false,
              "duration": 0,
              "state": "passed",
              "speed": "fast",
              "pass": true,
              "fail": false,
              "pending": false,
              "context": null,
              "code": "assert.equal((0, _toNumber[\"default\"])('0xabcdef'), 11259375);",
              "err": {},
              "uuid": "32c16c82-d477-44c6-ba24-34918b800c54",
              "parentUUID": "2c67f29f-0021-4283-8bb7-b3c729d7f72e",
              "isHook": false,
              "skipped": false
            },
            {
              "title": "Give valid number string to method, return number type and same value",
              "fullTitle": "Test toNumber.js function Give valid number string to method, return number type and same value",
              "timedOut": false,
              "duration": 0,
              "state": "passed",
              "speed": "fast",
              "pass": true,
              "fail": false,
              "pending": false,
              "context": null,
              "code": "var convertedValue = (0, _toNumber[\"default\"])(500);\nassert.isNumber(convertedValue);\nassert.equal(convertedValue, 500);",
              "err": {},
              "uuid": "8b4df267-844e-4a72-8761-531dfa3007b6",
              "parentUUID": "2c67f29f-0021-4283-8bb7-b3c729d7f72e",
              "isHook": false,
              "skipped": false
            }
          ],
          "suites": [],
          "passes": [
            "2fc06560-21ca-45b0-9b9c-56d4d14bbc9e",
            "6809d3a2-5e94-46b0-81e7-45485b5cd70f",
            "32c16c82-d477-44c6-ba24-34918b800c54",
            "8b4df267-844e-4a72-8761-531dfa3007b6"
          ],
          "failures": [
            "a10770df-9ea2-4850-82d2-dc46f090513d"
          ],
          "pending": [],
          "skipped": [],
          "duration": 1,
          "root": false,
          "rootEmpty": false,
          "_timeout": 2000
        },
        {
          "uuid": "1bf49a39-abba-4ac2-9dc4-721923df848d",
          "title": "toString test",
          "fullFile": "/home/lazymies/Desktop/tuni/software_test_assignment/COMP.SE.200-2020-2021-1-Software-Testing/tests/toString.test.js",
          "file": "/tests/toString.test.js",
          "beforeHooks": [],
          "afterHooks": [],
          "tests": [
            {
              "title": "should preserved -0",
              "fullTitle": "toString test should preserved -0",
              "timedOut": false,
              "duration": 0,
              "state": "passed",
              "speed": "fast",
              "pass": true,
              "fail": false,
              "pending": false,
              "context": null,
              "code": "expect((0, _toString[\"default\"])(-0)).to.equal('-0');",
              "err": {},
              "uuid": "9514ad5a-4b96-4e57-918f-afc34d8c9703",
              "parentUUID": "1bf49a39-abba-4ac2-9dc4-721923df848d",
              "isHook": false,
              "skipped": false
            },
            {
              "title": "should convert array into a string",
              "fullTitle": "toString test should convert array into a string",
              "timedOut": false,
              "duration": 0,
              "state": "passed",
              "speed": "fast",
              "pass": true,
              "fail": false,
              "pending": false,
              "context": null,
              "code": "expect((0, _toString[\"default\"])([1, 2, 3])).to.equal('1,2,3');",
              "err": {},
              "uuid": "8bddae29-a539-46f3-b5ba-597ebd5b62e6",
              "parentUUID": "1bf49a39-abba-4ac2-9dc4-721923df848d",
              "isHook": false,
              "skipped": false
            },
            {
              "title": "should not return string for null, undefined, boolean, NaN",
              "fullTitle": "toString test should not return string for null, undefined, boolean, NaN",
              "timedOut": false,
              "duration": 0,
              "state": "passed",
              "speed": "fast",
              "pass": true,
              "fail": false,
              "pending": false,
              "context": null,
              "code": "expect((0, _toString[\"default\"])(null)).to.not.equal('string');\nexpect((0, _toString[\"default\"])(undefined)).to.not.equal('string');\nexpect((0, _toString[\"default\"])(true)).to.not.equal('string');\nexpect((0, _toString[\"default\"])(NaN)).to.not.equal('string');",
              "err": {},
              "uuid": "baf081cb-aad3-46a6-ba6b-0f9c3d301409",
              "parentUUID": "1bf49a39-abba-4ac2-9dc4-721923df848d",
              "isHook": false,
              "skipped": false
            },
            {
              "title": "should return string for number, object, string",
              "fullTitle": "toString test should return string for number, object, string",
              "timedOut": false,
              "duration": 0,
              "state": "passed",
              "speed": "fast",
              "pass": true,
              "fail": false,
              "pending": false,
              "context": null,
              "code": "expect((0, _toString[\"default\"])(123)).to.be.a('string');\nexpect((0, _toString[\"default\"])({\n  'a': 1\n})).to.be.a('string');\nexpect((0, _toString[\"default\"])('abc')).to.be.a('string');",
              "err": {},
              "uuid": "1948d4d8-ecd1-4cde-a007-e90967e08f34",
              "parentUUID": "1bf49a39-abba-4ac2-9dc4-721923df848d",
              "isHook": false,
              "skipped": false
            }
          ],
          "suites": [],
          "passes": [
            "9514ad5a-4b96-4e57-918f-afc34d8c9703",
            "8bddae29-a539-46f3-b5ba-597ebd5b62e6",
            "baf081cb-aad3-46a6-ba6b-0f9c3d301409",
            "1948d4d8-ecd1-4cde-a007-e90967e08f34"
          ],
          "failures": [],
          "pending": [],
          "skipped": [],
          "duration": 0,
          "root": false,
          "rootEmpty": false,
          "_timeout": 2000
        },
        {
          "uuid": "3a2c9dfc-9b9e-4e6e-8f87-0973847a48dc",
          "title": "upperFirst test",
          "fullFile": "/home/lazymies/Desktop/tuni/software_test_assignment/COMP.SE.200-2020-2021-1-Software-Testing/tests/upperFirst.test.js",
          "file": "/tests/upperFirst.test.js",
          "beforeHooks": [],
          "afterHooks": [],
          "tests": [
            {
              "title": "should convert fred into Fred",
              "fullTitle": "upperFirst test should convert fred into Fred",
              "timedOut": false,
              "duration": 0,
              "state": "passed",
              "speed": "fast",
              "pass": true,
              "fail": false,
              "pending": false,
              "context": null,
              "code": "expect((0, _upperFirst[\"default\"])('fred')).to.equal('Fred');",
              "err": {},
              "uuid": "62167813-2964-4916-a18a-4d699455c1be",
              "parentUUID": "3a2c9dfc-9b9e-4e6e-8f87-0973847a48dc",
              "isHook": false,
              "skipped": false
            },
            {
              "title": "should convert FRED into FRED",
              "fullTitle": "upperFirst test should convert FRED into FRED",
              "timedOut": false,
              "duration": 0,
              "state": "passed",
              "speed": "fast",
              "pass": true,
              "fail": false,
              "pending": false,
              "context": null,
              "code": "expect((0, _upperFirst[\"default\"])('FRED')).to.equal('FRED');",
              "err": {},
              "uuid": "ec9ba9aa-57f7-4e17-8b9d-05ed2eb80ae9",
              "parentUUID": "3a2c9dfc-9b9e-4e6e-8f87-0973847a48dc",
              "isHook": false,
              "skipped": false
            },
            {
              "title": "upperFirst should return string",
              "fullTitle": "upperFirst test upperFirst should return string",
              "timedOut": false,
              "duration": 0,
              "state": "passed",
              "speed": "fast",
              "pass": true,
              "fail": false,
              "pending": false,
              "context": null,
              "code": "var result = (0, _upperFirst[\"default\"])('fred');\nexpect(result).to.be.a('string');",
              "err": {},
              "uuid": "38bc3d56-3eb8-44d8-8dd8-6ac86838a35d",
              "parentUUID": "3a2c9dfc-9b9e-4e6e-8f87-0973847a48dc",
              "isHook": false,
              "skipped": false
            },
            {
              "title": "should not return string for null, undefined, NaN",
              "fullTitle": "upperFirst test should not return string for null, undefined, NaN",
              "timedOut": false,
              "duration": 0,
              "state": "passed",
              "speed": "fast",
              "pass": true,
              "fail": false,
              "pending": false,
              "context": null,
              "code": "expect((0, _upperFirst[\"default\"])(null)).to.not.equal('string');\nexpect((0, _upperFirst[\"default\"])(undefined)).to.not.equal('string');\nexpect((0, _upperFirst[\"default\"])(NaN)).to.not.equal('string');",
              "err": {},
              "uuid": "c07dc333-6cf6-4841-ab05-15f37b23f734",
              "parentUUID": "3a2c9dfc-9b9e-4e6e-8f87-0973847a48dc",
              "isHook": false,
              "skipped": false
            }
          ],
          "suites": [],
          "passes": [
            "62167813-2964-4916-a18a-4d699455c1be",
            "ec9ba9aa-57f7-4e17-8b9d-05ed2eb80ae9",
            "38bc3d56-3eb8-44d8-8dd8-6ac86838a35d",
            "c07dc333-6cf6-4841-ab05-15f37b23f734"
          ],
          "failures": [],
          "pending": [],
          "skipped": [],
          "duration": 0,
          "root": false,
          "rootEmpty": false,
          "_timeout": 2000
        },
        {
          "uuid": "fc478969-3543-4caf-8458-db6a93577a81",
          "title": "Test word.js function",
          "fullFile": "/home/lazymies/Desktop/tuni/software_test_assignment/COMP.SE.200-2020-2021-1-Software-Testing/tests/words.test.js",
          "file": "/tests/words.test.js",
          "beforeHooks": [],
          "afterHooks": [],
          "tests": [
            {
              "title": "Give null to method, method is failed because match method of String is missing",
              "fullTitle": "Test word.js function Give null to method, method is failed because match method of String is missing",
              "timedOut": false,
              "duration": 0,
              "state": "passed",
              "speed": "fast",
              "pass": true,
              "fail": false,
              "pending": false,
              "context": null,
              "code": "expect(function () {\n  (0, _words[\"default\"])(null, null);\n}).to[\"throw\"](TypeError);",
              "err": {},
              "uuid": "f99dd544-3537-43b8-a301-569d4da12460",
              "parentUUID": "fc478969-3543-4caf-8458-db6a93577a81",
              "isHook": false,
              "skipped": false
            },
            {
              "title": "Give undefined to method, method is failed because match method of String is missing",
              "fullTitle": "Test word.js function Give undefined to method, method is failed because match method of String is missing",
              "timedOut": false,
              "duration": 0,
              "state": "passed",
              "speed": "fast",
              "pass": true,
              "fail": false,
              "pending": false,
              "context": null,
              "code": "expect(function () {\n  (0, _words[\"default\"])(undefined, null);\n}).to[\"throw\"](TypeError);",
              "err": {},
              "uuid": "c860315d-309a-43bf-a375-9d843764790a",
              "parentUUID": "fc478969-3543-4caf-8458-db6a93577a81",
              "isHook": false,
              "skipped": false
            },
            {
              "title": "Give empty string without pattern, return empty array",
              "fullTitle": "Test word.js function Give empty string without pattern, return empty array",
              "timedOut": false,
              "duration": 0,
              "state": "passed",
              "speed": "fast",
              "pass": true,
              "fail": false,
              "pending": false,
              "context": null,
              "code": "expect((0, _words[\"default\"])('')).to.be.instanceOf(Array).that.eql([]);",
              "err": {},
              "uuid": "73fed547-990f-4257-b75c-2e285a97c883",
              "parentUUID": "fc478969-3543-4caf-8458-db6a93577a81",
              "isHook": false,
              "skipped": false
            },
            {
              "title": "Give sample valid string, return array with splitted words and remove all special chars",
              "fullTitle": "Test word.js function Give sample valid string, return array with splitted words and remove all special chars",
              "timedOut": false,
              "duration": 0,
              "state": "passed",
              "speed": "fast",
              "pass": true,
              "fail": false,
              "pending": false,
              "context": null,
              "code": "expect((0, _words[\"default\"])('abc.a abc abb')).to.be.instanceOf(Array).that.eql(['abc', 'a', 'abc', 'abb']);\nexpect((0, _words[\"default\"])('abc.a a,bc ab|b')).to.be.instanceOf(Array).that.eql(['abc', 'a', 'a', 'bc', 'ab', 'b']);",
              "err": {},
              "uuid": "5a8931ec-cb4e-46e5-834d-267b9075faa3",
              "parentUUID": "fc478969-3543-4caf-8458-db6a93577a81",
              "isHook": false,
              "skipped": false
            },
            {
              "title": "Give sample valid string, return array with splitted words match patterns",
              "fullTitle": "Test word.js function Give sample valid string, return array with splitted words match patterns",
              "timedOut": false,
              "duration": 0,
              "state": "passed",
              "speed": "fast",
              "pass": true,
              "fail": false,
              "pending": false,
              "context": null,
              "code": "var SPLIT_WORDS_BY_SPACE_AND_COMMA = /[^, ]+/g;\nexpect((0, _words[\"default\"])('abc.a ab,c abb', SPLIT_WORDS_BY_SPACE_AND_COMMA)).to.be.instanceOf(Array).that.eql(['abc.a', 'ab', 'c', 'abb']);",
              "err": {},
              "uuid": "a6b8e5d5-16b2-4879-8125-9f3e9880958b",
              "parentUUID": "fc478969-3543-4caf-8458-db6a93577a81",
              "isHook": false,
              "skipped": false
            }
          ],
          "suites": [],
          "passes": [
            "f99dd544-3537-43b8-a301-569d4da12460",
            "c860315d-309a-43bf-a375-9d843764790a",
            "73fed547-990f-4257-b75c-2e285a97c883",
            "5a8931ec-cb4e-46e5-834d-267b9075faa3",
            "a6b8e5d5-16b2-4879-8125-9f3e9880958b"
          ],
          "failures": [],
          "pending": [],
          "skipped": [],
          "duration": 0,
          "root": false,
          "rootEmpty": false,
          "_timeout": 2000
        }
      ],
      "passes": [],
      "failures": [],
      "pending": [],
      "skipped": [],
      "duration": 0,
      "root": true,
      "rootEmpty": true,
      "_timeout": 2000
    }
  ],
  "meta": {
    "mocha": {
      "version": "8.2.1"
    },
    "mochawesome": {
      "options": {
        "quiet": false,
        "reportFilename": "index",
        "saveHtml": true,
        "saveJson": true,
        "consoleReporter": "spec",
        "useInlineDiffs": false,
        "code": true
      },
      "version": "6.2.1"
    },
    "marge": {
      "options": {
        "reportFilename": "index"
      },
      "version": "5.1.0"
    }
  }
}