{
  "stats": {
    "suites": 38,
    "tests": 172,
    "passes": 116,
    "pending": 0,
    "failures": 56,
    "start": "2020-12-03T20:43:05.621Z",
    "end": "2020-12-03T20:43:05.750Z",
    "duration": 129,
    "testsRegistered": 172,
    "passPercent": 67.44186046511628,
    "pendingPercent": 0,
    "other": 0,
    "hasOther": false,
    "skipped": 0,
    "hasSkipped": false
  },
  "results": [
    {
      "uuid": "38a0d04b-fc6d-4a77-9627-ed9016741559",
      "title": "",
      "fullFile": "",
      "file": "",
      "beforeHooks": [],
      "afterHooks": [],
      "tests": [],
      "suites": [
        {
          "uuid": "7cd16d77-9f0b-419c-bb0a-25caed8c7571",
          "title": "add.js test",
          "fullFile": "/Users/nghi.thanh/tuni/COMP.SE.200-2020-2021-1-Software-Testing/tests/add.test.js",
          "file": "/tests/add.test.js",
          "beforeHooks": [],
          "afterHooks": [],
          "tests": [
            {
              "title": "1 + 2 should return 3",
              "fullTitle": "add.js test 1 + 2 should return 3",
              "timedOut": false,
              "duration": 1,
              "state": "passed",
              "speed": "fast",
              "pass": true,
              "fail": false,
              "pending": false,
              "context": null,
              "code": "expect((0, _add[\"default\"])(1, 2)).to.equal(3);",
              "err": {},
              "uuid": "66ba51b9-989f-4cd0-ba66-3325935c6e2b",
              "parentUUID": "7cd16d77-9f0b-419c-bb0a-25caed8c7571",
              "isHook": false,
              "skipped": false
            },
            {
              "title": "'1' + 5 should return 6, number type",
              "fullTitle": "add.js test '1' + 5 should return 6, number type",
              "timedOut": false,
              "duration": 1,
              "state": "failed",
              "speed": null,
              "pass": false,
              "fail": true,
              "pending": false,
              "context": null,
              "code": "expect((0, _add[\"default\"])('1', 5)).to.equal(6);",
              "err": {
                "message": "AssertionError: expected '15' to equal 6",
                "estack": "AssertionError: expected '15' to equal 6\n    at Context.<anonymous> (tests/add.test.js:13:32)\n    at processImmediate (internal/timers.js:461:21)",
                "diff": null
              },
              "uuid": "d6fbe791-ecc8-4c21-afb3-11a5231b9387",
              "parentUUID": "7cd16d77-9f0b-419c-bb0a-25caed8c7571",
              "isHook": false,
              "skipped": false
            },
            {
              "title": "'1' + '5' should return 6, number type",
              "fullTitle": "add.js test '1' + '5' should return 6, number type",
              "timedOut": false,
              "duration": 0,
              "state": "failed",
              "speed": null,
              "pass": false,
              "fail": true,
              "pending": false,
              "context": null,
              "code": "expect((0, _add[\"default\"])('1', '5')).to.equal(6);",
              "err": {
                "message": "AssertionError: expected '15' to equal 6",
                "estack": "AssertionError: expected '15' to equal 6\n    at Context.<anonymous> (tests/add.test.js:18:34)\n    at processImmediate (internal/timers.js:461:21)",
                "diff": null
              },
              "uuid": "104178ff-0c45-430d-a58e-3c3f2a35a2be",
              "parentUUID": "7cd16d77-9f0b-419c-bb0a-25caed8c7571",
              "isHook": false,
              "skipped": false
            },
            {
              "title": "1 + '5' should return 6, number type",
              "fullTitle": "add.js test 1 + '5' should return 6, number type",
              "timedOut": false,
              "duration": 0,
              "state": "failed",
              "speed": null,
              "pass": false,
              "fail": true,
              "pending": false,
              "context": null,
              "code": "expect((0, _add[\"default\"])(1, '5')).to.equal(6);",
              "err": {
                "message": "AssertionError: expected '15' to equal 6",
                "estack": "AssertionError: expected '15' to equal 6\n    at Context.<anonymous> (tests/add.test.js:23:32)\n    at processImmediate (internal/timers.js:461:21)",
                "diff": null
              },
              "uuid": "cf60ee6f-e6ac-4969-9ddd-5dfadb7bebd7",
              "parentUUID": "7cd16d77-9f0b-419c-bb0a-25caed8c7571",
              "isHook": false,
              "skipped": false
            },
            {
              "title": "null + 5 should return 5",
              "fullTitle": "add.js test null + 5 should return 5",
              "timedOut": false,
              "duration": 0,
              "state": "passed",
              "speed": "fast",
              "pass": true,
              "fail": false,
              "pending": false,
              "context": null,
              "code": "expect((0, _add[\"default\"])(null, 5)).to.equal(5);",
              "err": {},
              "uuid": "533ad217-d41b-4672-b4a6-3bcb604e64a6",
              "parentUUID": "7cd16d77-9f0b-419c-bb0a-25caed8c7571",
              "isHook": false,
              "skipped": false
            },
            {
              "title": "5 + undefined should return 5",
              "fullTitle": "add.js test 5 + undefined should return 5",
              "timedOut": false,
              "duration": 0,
              "state": "passed",
              "speed": "fast",
              "pass": true,
              "fail": false,
              "pending": false,
              "context": null,
              "code": "expect((0, _add[\"default\"])(5, undefined)).to.equal(5);",
              "err": {},
              "uuid": "76fc7ab3-9736-4085-b450-0eb3e3d10b9d",
              "parentUUID": "7cd16d77-9f0b-419c-bb0a-25caed8c7571",
              "isHook": false,
              "skipped": false
            },
            {
              "title": "null + undefined should return",
              "fullTitle": "add.js test null + undefined should return",
              "timedOut": false,
              "duration": 0,
              "state": "failed",
              "speed": null,
              "pass": false,
              "fail": true,
              "pending": false,
              "context": null,
              "code": "expect((0, _add[\"default\"])(null, undefined)).to.equal(0);",
              "err": {
                "message": "AssertionError: expected null to equal 0",
                "estack": "AssertionError: expected null to equal 0\n    at Context.<anonymous> (tests/add.test.js:36:41)\n    at processImmediate (internal/timers.js:461:21)",
                "diff": null
              },
              "uuid": "a9ba4756-810c-41fc-8751-64221a968da7",
              "parentUUID": "7cd16d77-9f0b-419c-bb0a-25caed8c7571",
              "isHook": false,
              "skipped": false
            }
          ],
          "suites": [],
          "passes": [
            "66ba51b9-989f-4cd0-ba66-3325935c6e2b",
            "533ad217-d41b-4672-b4a6-3bcb604e64a6",
            "76fc7ab3-9736-4085-b450-0eb3e3d10b9d"
          ],
          "failures": [
            "d6fbe791-ecc8-4c21-afb3-11a5231b9387",
            "104178ff-0c45-430d-a58e-3c3f2a35a2be",
            "cf60ee6f-e6ac-4969-9ddd-5dfadb7bebd7",
            "a9ba4756-810c-41fc-8751-64221a968da7"
          ],
          "pending": [],
          "skipped": [],
          "duration": 2,
          "root": false,
          "rootEmpty": false,
          "_timeout": 2000
        },
        {
          "uuid": "a626f03e-4402-4894-8ee0-7746bf81b7a1",
          "title": "Test at.js function",
          "fullFile": "/Users/nghi.thanh/tuni/COMP.SE.200-2020-2021-1-Software-Testing/tests/at.test.js",
          "file": "/tests/at.test.js",
          "beforeHooks": [],
          "afterHooks": [],
          "tests": [
            {
              "title": "Give null to method, return empty array",
              "fullTitle": "Test at.js function Give null to method, return empty array",
              "timedOut": false,
              "duration": 1,
              "state": "passed",
              "speed": "fast",
              "pass": true,
              "fail": false,
              "pending": false,
              "context": null,
              "code": "expect((0, _at[\"default\"])(null)).to.be.instanceOf(Array).that.eql([]);",
              "err": {},
              "uuid": "564df0f4-11d2-4b4a-af81-1f37eed49b0b",
              "parentUUID": "a626f03e-4402-4894-8ee0-7746bf81b7a1",
              "isHook": false,
              "skipped": false
            },
            {
              "title": "Give undefined to method with correct path, return empty array",
              "fullTitle": "Test at.js function Give undefined to method with correct path, return empty array",
              "timedOut": false,
              "duration": 1,
              "state": "failed",
              "speed": null,
              "pass": false,
              "fail": true,
              "pending": false,
              "context": null,
              "code": "expect((0, _at[\"default\"])(undefined, ['title'])).to.be.instanceOf(Array).that.eql([]);",
              "err": {
                "message": "AssertionError: expected [ undefined ] to deeply equal []",
                "estack": "AssertionError: expected [ undefined ] to deeply equal []\n    at Context.<anonymous> (tests/at.test.js:24:71)\n    at processImmediate (internal/timers.js:461:21)",
                "diff": "- [\n-   [undefined]\n- ]\n+ []\n"
              },
              "uuid": "cf9477df-53a3-4ca9-a71b-2b41c09b07ed",
              "parentUUID": "a626f03e-4402-4894-8ee0-7746bf81b7a1",
              "isHook": false,
              "skipped": false
            },
            {
              "title": "Give valid to method, return empty array",
              "fullTitle": "Test at.js function Give valid to method, return empty array",
              "timedOut": false,
              "duration": 0,
              "state": "passed",
              "speed": "fast",
              "pass": true,
              "fail": false,
              "pending": false,
              "context": null,
              "code": "expect((0, _at[\"default\"])(VALID_OBJECT)).to.be.instanceOf(Array).that.eql([]);",
              "err": {},
              "uuid": "0b99e2a1-9f86-4f57-9cad-0a4adf54cc38",
              "parentUUID": "a626f03e-4402-4894-8ee0-7746bf81b7a1",
              "isHook": false,
              "skipped": false
            },
            {
              "title": "Give valid to method, with correct path. Return valid result",
              "fullTitle": "Test at.js function Give valid to method, with correct path. Return valid result",
              "timedOut": false,
              "duration": 0,
              "state": "passed",
              "speed": "fast",
              "pass": true,
              "fail": false,
              "pending": false,
              "context": null,
              "code": "expect((0, _at[\"default\"])(VALID_OBJECT, ['title'])).to.be.instanceOf(Array).that.eql([VALID_OBJECT.title]);",
              "err": {},
              "uuid": "b8d67912-db9b-4fc1-a690-52ba2262b3ee",
              "parentUUID": "a626f03e-4402-4894-8ee0-7746bf81b7a1",
              "isHook": false,
              "skipped": false
            },
            {
              "title": "Give valid to method, with correct paths. Return valid results",
              "fullTitle": "Test at.js function Give valid to method, with correct paths. Return valid results",
              "timedOut": false,
              "duration": 0,
              "state": "passed",
              "speed": "fast",
              "pass": true,
              "fail": false,
              "pending": false,
              "context": null,
              "code": "expect((0, _at[\"default\"])(VALID_OBJECT, ['title', 'tags[0]'])).to.be.instanceOf(Array).that.eql([VALID_OBJECT.title, VALID_OBJECT.tags[0]]);",
              "err": {},
              "uuid": "ec9c23ef-1281-4299-a3ae-0226dcc12577",
              "parentUUID": "a626f03e-4402-4894-8ee0-7746bf81b7a1",
              "isHook": false,
              "skipped": false
            }
          ],
          "suites": [],
          "passes": [
            "564df0f4-11d2-4b4a-af81-1f37eed49b0b",
            "0b99e2a1-9f86-4f57-9cad-0a4adf54cc38",
            "b8d67912-db9b-4fc1-a690-52ba2262b3ee",
            "ec9c23ef-1281-4299-a3ae-0226dcc12577"
          ],
          "failures": [
            "cf9477df-53a3-4ca9-a71b-2b41c09b07ed"
          ],
          "pending": [],
          "skipped": [],
          "duration": 2,
          "root": false,
          "rootEmpty": false,
          "_timeout": 2000
        },
        {
          "uuid": "2e8eb8bc-528d-41eb-a285-12da33ba4f23",
          "title": "camelCase.js test",
          "fullFile": "/Users/nghi.thanh/tuni/COMP.SE.200-2020-2021-1-Software-Testing/tests/camelCase.test.js",
          "file": "/tests/camelCase.test.js",
          "beforeHooks": [],
          "afterHooks": [],
          "tests": [
            {
              "title": "Test assigning an object to the method. Expect an empty string",
              "fullTitle": "camelCase.js test Test assigning an object to the method. Expect an empty string",
              "timedOut": false,
              "duration": 0,
              "state": "failed",
              "speed": null,
              "pass": false,
              "fail": true,
              "pending": false,
              "context": null,
              "code": "assert.strictEqual((0, _camelCase[\"default\"])({\n  foo: 'bar'\n}), '');",
              "err": {
                "message": "AssertionError: expected ' objectObject' to equal ''",
                "estack": "AssertionError: expected ' objectObject' to equal ''\n    at Context.<anonymous> (tests/camelCase.test.js:9:16)\n    at processImmediate (internal/timers.js:461:21)",
                "diff": "-  objectObject\n"
              },
              "uuid": "e8176146-bbbb-434a-8343-cc43c0b3d6f4",
              "parentUUID": "2e8eb8bc-528d-41eb-a285-12da33ba4f23",
              "isHook": false,
              "skipped": false
            },
            {
              "title": "Test assigning null to the method. Expect an empty string",
              "fullTitle": "camelCase.js test Test assigning null to the method. Expect an empty string",
              "timedOut": false,
              "duration": 0,
              "state": "failed",
              "speed": null,
              "pass": false,
              "fail": true,
              "pending": false,
              "context": null,
              "code": "assert.strictEqual((0, _camelCase[\"default\"])(null), '');",
              "err": {
                "message": "AssertionError: expected ' null' to equal ''",
                "estack": "AssertionError: expected ' null' to equal ''\n    at Context.<anonymous> (tests/camelCase.test.js:14:16)\n    at processImmediate (internal/timers.js:461:21)",
                "diff": "-  null\n"
              },
              "uuid": "eaffdd50-4d59-4854-b2df-00f0b6433d69",
              "parentUUID": "2e8eb8bc-528d-41eb-a285-12da33ba4f23",
              "isHook": false,
              "skipped": false
            },
            {
              "title": "Test assigning undefined to the method. Expect an empty string",
              "fullTitle": "camelCase.js test Test assigning undefined to the method. Expect an empty string",
              "timedOut": false,
              "duration": 0,
              "state": "failed",
              "speed": null,
              "pass": false,
              "fail": true,
              "pending": false,
              "context": null,
              "code": "assert.strictEqual((0, _camelCase[\"default\"])(undefined), '');",
              "err": {
                "message": "AssertionError: expected ' undefined' to equal ''",
                "estack": "AssertionError: expected ' undefined' to equal ''\n    at Context.<anonymous> (tests/camelCase.test.js:19:16)\n    at processImmediate (internal/timers.js:461:21)",
                "diff": "-  undefined\n"
              },
              "uuid": "8b8e7c8e-c9e7-46b1-b711-5579d5dbfe31",
              "parentUUID": "2e8eb8bc-528d-41eb-a285-12da33ba4f23",
              "isHook": false,
              "skipped": false
            },
            {
              "title": "Test assigning true to the method. Expect boolean in lowercase",
              "fullTitle": "camelCase.js test Test assigning true to the method. Expect boolean in lowercase",
              "timedOut": false,
              "duration": 0,
              "state": "failed",
              "speed": null,
              "pass": false,
              "fail": true,
              "pending": false,
              "context": null,
              "code": "assert.strictEqual((0, _camelCase[\"default\"])(true), 'true');",
              "err": {
                "message": "AssertionError: expected ' true' to equal 'true'",
                "estack": "AssertionError: expected ' true' to equal 'true'\n    at Context.<anonymous> (tests/camelCase.test.js:24:16)\n    at processImmediate (internal/timers.js:461:21)",
                "diff": "-  true\n+ true\n"
              },
              "uuid": "730afd98-1f26-461d-af40-9947cf2e540a",
              "parentUUID": "2e8eb8bc-528d-41eb-a285-12da33ba4f23",
              "isHook": false,
              "skipped": false
            },
            {
              "title": "Test assigning valid string to the method. Expect correctly converted value",
              "fullTitle": "camelCase.js test Test assigning valid string to the method. Expect correctly converted value",
              "timedOut": false,
              "duration": 1,
              "state": "failed",
              "speed": null,
              "pass": false,
              "fail": true,
              "pending": false,
              "context": null,
              "code": "assert.strictEqual((0, _camelCase[\"default\"])('hello world'), 'helloWorld');",
              "err": {
                "message": "AssertionError: expected ' helloWorld' to equal 'helloWorld'",
                "estack": "AssertionError: expected ' helloWorld' to equal 'helloWorld'\n    at Context.<anonymous> (tests/camelCase.test.js:29:16)\n    at processImmediate (internal/timers.js:461:21)",
                "diff": "-  helloWorld\n+ helloWorld\n"
              },
              "uuid": "fc46abaa-f951-492c-97c6-3d5017f44e30",
              "parentUUID": "2e8eb8bc-528d-41eb-a285-12da33ba4f23",
              "isHook": false,
              "skipped": false
            },
            {
              "title": "Test assigning valid string with special chars to the method. Expect correctly converted value",
              "fullTitle": "camelCase.js test Test assigning valid string with special chars to the method. Expect correctly converted value",
              "timedOut": false,
              "duration": 0,
              "state": "failed",
              "speed": null,
              "pass": false,
              "fail": true,
              "pending": false,
              "context": null,
              "code": "assert.strictEqual((0, _camelCase[\"default\"])('___hello-world! assignment^'), 'helloWorldAssignment');",
              "err": {
                "message": "AssertionError: expected ' helloWorldAssignment' to equal 'helloWorldAssignment'",
                "estack": "AssertionError: expected ' helloWorldAssignment' to equal 'helloWorldAssignment'\n    at Context.<anonymous> (tests/camelCase.test.js:34:16)\n    at processImmediate (internal/timers.js:461:21)",
                "diff": "-  helloWorldAssignment\n+ helloWorldAssignment\n"
              },
              "uuid": "a6320e81-6c46-4fc0-9ce7-d22f3770c280",
              "parentUUID": "2e8eb8bc-528d-41eb-a285-12da33ba4f23",
              "isHook": false,
              "skipped": false
            }
          ],
          "suites": [],
          "passes": [],
          "failures": [
            "e8176146-bbbb-434a-8343-cc43c0b3d6f4",
            "eaffdd50-4d59-4854-b2df-00f0b6433d69",
            "8b8e7c8e-c9e7-46b1-b711-5579d5dbfe31",
            "730afd98-1f26-461d-af40-9947cf2e540a",
            "fc46abaa-f951-492c-97c6-3d5017f44e30",
            "a6320e81-6c46-4fc0-9ce7-d22f3770c280"
          ],
          "pending": [],
          "skipped": [],
          "duration": 1,
          "root": false,
          "rootEmpty": false,
          "_timeout": 2000
        },
        {
          "uuid": "a7895fef-109b-46c0-895e-2762f807eb20",
          "title": "capitalize test",
          "fullFile": "/Users/nghi.thanh/tuni/COMP.SE.200-2020-2021-1-Software-Testing/tests/capitalize.test.js",
          "file": "/tests/capitalize.test.js",
          "beforeHooks": [],
          "afterHooks": [],
          "tests": [
            {
              "title": "should convert FRED into Fred",
              "fullTitle": "capitalize test should convert FRED into Fred",
              "timedOut": false,
              "duration": 0,
              "state": "passed",
              "speed": "fast",
              "pass": true,
              "fail": false,
              "pending": false,
              "context": null,
              "code": "expect((0, _capitalize[\"default\"])('FRED')).to.equal('Fred');",
              "err": {},
              "uuid": "aeeae2e9-66db-49db-a688-6380cb8dbd3f",
              "parentUUID": "a7895fef-109b-46c0-895e-2762f807eb20",
              "isHook": false,
              "skipped": false
            },
            {
              "title": "capitalize should return string",
              "fullTitle": "capitalize test capitalize should return string",
              "timedOut": false,
              "duration": 0,
              "state": "passed",
              "speed": "fast",
              "pass": true,
              "fail": false,
              "pending": false,
              "context": null,
              "code": "var result = (0, _capitalize[\"default\"])('fred');\nexpect(result).to.be.a('string');",
              "err": {},
              "uuid": "52d8d866-5a5a-4546-892b-3add28092053",
              "parentUUID": "a7895fef-109b-46c0-895e-2762f807eb20",
              "isHook": false,
              "skipped": false
            },
            {
              "title": "should not return string for null, boolean, undefined, number",
              "fullTitle": "capitalize test should not return string for null, boolean, undefined, number",
              "timedOut": false,
              "duration": 0,
              "state": "passed",
              "speed": "fast",
              "pass": true,
              "fail": false,
              "pending": false,
              "context": null,
              "code": "expect((0, _capitalize[\"default\"])(null)).to.not.equal('string');\nexpect((0, _capitalize[\"default\"])(true)).to.not.equal('string');\nexpect((0, _capitalize[\"default\"])(undefined)).to.not.equal('string');\nexpect((0, _capitalize[\"default\"])(123)).to.not.equal('string');",
              "err": {},
              "uuid": "a05f0d06-e58c-4236-abd1-62539a7f465a",
              "parentUUID": "a7895fef-109b-46c0-895e-2762f807eb20",
              "isHook": false,
              "skipped": false
            }
          ],
          "suites": [],
          "passes": [
            "aeeae2e9-66db-49db-a688-6380cb8dbd3f",
            "52d8d866-5a5a-4546-892b-3add28092053",
            "a05f0d06-e58c-4236-abd1-62539a7f465a"
          ],
          "failures": [],
          "pending": [],
          "skipped": [],
          "duration": 0,
          "root": false,
          "rootEmpty": false,
          "_timeout": 2000
        },
        {
          "uuid": "6dc336c3-06e4-40a9-a42c-a2987794aa7c",
          "title": "castArray.js test",
          "fullFile": "/Users/nghi.thanh/tuni/COMP.SE.200-2020-2021-1-Software-Testing/tests/castArray.test.js",
          "file": "/tests/castArray.test.js",
          "beforeHooks": [],
          "afterHooks": [],
          "tests": [
            {
              "title": "cast null should return array with null as first item",
              "fullTitle": "castArray.js test cast null should return array with null as first item",
              "timedOut": false,
              "duration": 0,
              "state": "passed",
              "speed": "fast",
              "pass": true,
              "fail": false,
              "pending": false,
              "context": null,
              "code": "assert.deepEqual([null], (0, _castArray[\"default\"])(null));",
              "err": {},
              "uuid": "0191edcc-b4ce-4e51-892b-6b1f42233401",
              "parentUUID": "6dc336c3-06e4-40a9-a42c-a2987794aa7c",
              "isHook": false,
              "skipped": false
            },
            {
              "title": "cast undefined should return array with undefined as first item",
              "fullTitle": "castArray.js test cast undefined should return array with undefined as first item",
              "timedOut": false,
              "duration": 0,
              "state": "passed",
              "speed": "fast",
              "pass": true,
              "fail": false,
              "pending": false,
              "context": null,
              "code": "assert.deepEqual([undefined], (0, _castArray[\"default\"])(undefined));",
              "err": {},
              "uuid": "771d45cc-cb27-4a1a-873c-557c6e73a489",
              "parentUUID": "6dc336c3-06e4-40a9-a42c-a2987794aa7c",
              "isHook": false,
              "skipped": false
            },
            {
              "title": "cast nothing should return an empty array",
              "fullTitle": "castArray.js test cast nothing should return an empty array",
              "timedOut": false,
              "duration": 1,
              "state": "passed",
              "speed": "fast",
              "pass": true,
              "fail": false,
              "pending": false,
              "context": null,
              "code": "try {\n  assert.deepEqual([], (0, _castArray[\"default\"])());\n} catch (error) {\n  console.warn('Fail test cast nothing should return an empty array. Reason: ', error.message);\n}",
              "err": {},
              "uuid": "f6ca9ef0-b02d-4129-824a-489dd2e2bebd",
              "parentUUID": "6dc336c3-06e4-40a9-a42c-a2987794aa7c",
              "isHook": false,
              "skipped": false
            },
            {
              "title": "cast parameters 1, 'a', 5 should return an array [1, 'a', 5] ",
              "fullTitle": "castArray.js test cast parameters 1, 'a', 5 should return an array [1, 'a', 5] ",
              "timedOut": false,
              "duration": 0,
              "state": "passed",
              "speed": "fast",
              "pass": true,
              "fail": false,
              "pending": false,
              "context": null,
              "code": "try {\n  assert.deepEqual((0, _castArray[\"default\"])(1, 'a', 5), [1, 'a', 5]);\n} catch (error) {\n  console.warn('Fail cast parameters 1, \\'a\\', 5 should return an array [1, \\'a\\', 5]. Reason: ', error.message);\n}",
              "err": {},
              "uuid": "4ffdd622-0709-4923-86ad-259a4b7f50a1",
              "parentUUID": "6dc336c3-06e4-40a9-a42c-a2987794aa7c",
              "isHook": false,
              "skipped": false
            },
            {
              "title": "cast a parameter 'abc' should return an array ['abc'] ",
              "fullTitle": "castArray.js test cast a parameter 'abc' should return an array ['abc'] ",
              "timedOut": false,
              "duration": 0,
              "state": "passed",
              "speed": "fast",
              "pass": true,
              "fail": false,
              "pending": false,
              "context": null,
              "code": "assert.deepEqual((0, _castArray[\"default\"])('abc'), ['abc']);",
              "err": {},
              "uuid": "97de3ea5-878a-44ad-a80e-898b791d8856",
              "parentUUID": "6dc336c3-06e4-40a9-a42c-a2987794aa7c",
              "isHook": false,
              "skipped": false
            },
            {
              "title": "cast a parameter {foo: 'abc'} should return an array [{foo: 'abc'}] ",
              "fullTitle": "castArray.js test cast a parameter {foo: 'abc'} should return an array [{foo: 'abc'}] ",
              "timedOut": false,
              "duration": 0,
              "state": "passed",
              "speed": "fast",
              "pass": true,
              "fail": false,
              "pending": false,
              "context": null,
              "code": "assert.deepEqual((0, _castArray[\"default\"])({\n  foo: 'abc'\n}), [{\n  foo: 'abc'\n}]);",
              "err": {},
              "uuid": "d83ef66b-fa6b-4640-8828-520f3a5d49a8",
              "parentUUID": "6dc336c3-06e4-40a9-a42c-a2987794aa7c",
              "isHook": false,
              "skipped": false
            },
            {
              "title": "cast parameters (3, [2, 3]) should return an array [3, 2, 3]",
              "fullTitle": "castArray.js test cast parameters (3, [2, 3]) should return an array [3, 2, 3]",
              "timedOut": false,
              "duration": 1,
              "state": "passed",
              "speed": "fast",
              "pass": true,
              "fail": false,
              "pending": false,
              "context": null,
              "code": "try {\n  assert.deepEqual((0, _castArray[\"default\"])(3, [2, 3]), [3, 2, 3]);\n} catch (error) {\n  console.warn('Fail test cast parameters (3, [2, 3]) should return an array [3, 2, 3]. Reason: ', error.message);\n}",
              "err": {},
              "uuid": "4e9dc1ce-e8d2-4810-a9c1-ed97c3b733d2",
              "parentUUID": "6dc336c3-06e4-40a9-a42c-a2987794aa7c",
              "isHook": false,
              "skipped": false
            }
          ],
          "suites": [],
          "passes": [
            "0191edcc-b4ce-4e51-892b-6b1f42233401",
            "771d45cc-cb27-4a1a-873c-557c6e73a489",
            "f6ca9ef0-b02d-4129-824a-489dd2e2bebd",
            "4ffdd622-0709-4923-86ad-259a4b7f50a1",
            "97de3ea5-878a-44ad-a80e-898b791d8856",
            "d83ef66b-fa6b-4640-8828-520f3a5d49a8",
            "4e9dc1ce-e8d2-4810-a9c1-ed97c3b733d2"
          ],
          "failures": [],
          "pending": [],
          "skipped": [],
          "duration": 2,
          "root": false,
          "rootEmpty": false,
          "_timeout": 2000
        },
        {
          "uuid": "8c79419d-0ca3-49ab-bb9b-6116fd0ddc12",
          "title": "ceil test",
          "fullFile": "/Users/nghi.thanh/tuni/COMP.SE.200-2020-2021-1-Software-Testing/tests/ceil.test.js",
          "file": "/tests/ceil.test.js",
          "beforeHooks": [],
          "afterHooks": [],
          "tests": [
            {
              "title": "4.006 with precision 0 should return 5",
              "fullTitle": "ceil test 4.006 with precision 0 should return 5",
              "timedOut": false,
              "duration": 0,
              "state": "passed",
              "speed": "fast",
              "pass": true,
              "fail": false,
              "pending": false,
              "context": null,
              "code": "expect((0, _ceil[\"default\"])(4.006)).to.equal(5);",
              "err": {},
              "uuid": "94667846-3930-47bb-8022-7745c712a92b",
              "parentUUID": "8c79419d-0ca3-49ab-bb9b-6116fd0ddc12",
              "isHook": false,
              "skipped": false
            },
            {
              "title": "6.004 with precision 2 should return 6.01",
              "fullTitle": "ceil test 6.004 with precision 2 should return 6.01",
              "timedOut": false,
              "duration": 0,
              "state": "passed",
              "speed": "fast",
              "pass": true,
              "fail": false,
              "pending": false,
              "context": null,
              "code": "expect((0, _ceil[\"default\"])(6.004, 2)).to.equal(6.01);",
              "err": {},
              "uuid": "642d013d-8661-44de-9841-600d2ede3dac",
              "parentUUID": "8c79419d-0ca3-49ab-bb9b-6116fd0ddc12",
              "isHook": false,
              "skipped": false
            },
            {
              "title": "6040 with precision -2 should return 6100",
              "fullTitle": "ceil test 6040 with precision -2 should return 6100",
              "timedOut": false,
              "duration": 0,
              "state": "passed",
              "speed": "fast",
              "pass": true,
              "fail": false,
              "pending": false,
              "context": null,
              "code": "expect((0, _ceil[\"default\"])(6040, -2)).to.equal(6100);",
              "err": {},
              "uuid": "fac0c2b2-12d5-4be2-9cb6-adc60d803c2b",
              "parentUUID": "8c79419d-0ca3-49ab-bb9b-6116fd0ddc12",
              "isHook": false,
              "skipped": false
            },
            {
              "title": "passing null, undefined, NaN, string should not give results",
              "fullTitle": "ceil test passing null, undefined, NaN, string should not give results",
              "timedOut": false,
              "duration": 1,
              "state": "passed",
              "speed": "fast",
              "pass": true,
              "fail": false,
              "pending": false,
              "context": null,
              "code": "expect((0, _ceil[\"default\"])(null)).to.not.equal('number');\nexpect((0, _ceil[\"default\"])(undefined)).to.not.equal('number');\nexpect((0, _ceil[\"default\"])(NaN)).to.not.equal('number');\nexpect((0, _ceil[\"default\"])('abc')).to.not.equal('number');",
              "err": {},
              "uuid": "124b054e-0d67-4e51-8101-6d73a27b1d5a",
              "parentUUID": "8c79419d-0ca3-49ab-bb9b-6116fd0ddc12",
              "isHook": false,
              "skipped": false
            }
          ],
          "suites": [],
          "passes": [
            "94667846-3930-47bb-8022-7745c712a92b",
            "642d013d-8661-44de-9841-600d2ede3dac",
            "fac0c2b2-12d5-4be2-9cb6-adc60d803c2b",
            "124b054e-0d67-4e51-8101-6d73a27b1d5a"
          ],
          "failures": [],
          "pending": [],
          "skipped": [],
          "duration": 1,
          "root": false,
          "rootEmpty": false,
          "_timeout": 2000
        },
        {
          "uuid": "e99a8e25-7e2a-4de2-9161-8b2c6d8d92e3",
          "title": "chunk.js test",
          "fullFile": "/Users/nghi.thanh/tuni/COMP.SE.200-2020-2021-1-Software-Testing/tests/chunk.test.js",
          "file": "/tests/chunk.test.js",
          "beforeHooks": [],
          "afterHooks": [],
          "tests": [
            {
              "title": "chunk a valid array with zero size, expect return unchanged array",
              "fullTitle": "chunk.js test chunk a valid array with zero size, expect return unchanged array",
              "timedOut": false,
              "duration": 0,
              "state": "passed",
              "speed": "fast",
              "pass": true,
              "fail": false,
              "pending": false,
              "context": null,
              "code": "try {\n  assert.deepEqual((0, _chunk[\"default\"])([1, 2, 3], 0), [1, 2, 3]);\n} catch (error) {\n  console.warn('Fail test chunk a valid array with zero size, expect return unchanged array. Reason: ', error.message);\n}",
              "err": {},
              "uuid": "141ad170-1fda-4f8e-ac51-09f2360231a1",
              "parentUUID": "e99a8e25-7e2a-4de2-9161-8b2c6d8d92e3",
              "isHook": false,
              "skipped": false
            },
            {
              "title": "chunk a valid array with negavitve size, expect empty array",
              "fullTitle": "chunk.js test chunk a valid array with negavitve size, expect empty array",
              "timedOut": false,
              "duration": 0,
              "state": "passed",
              "speed": "fast",
              "pass": true,
              "fail": false,
              "pending": false,
              "context": null,
              "code": "assert.deepEqual((0, _chunk[\"default\"])([1, 2, 3], -100.55), []);",
              "err": {},
              "uuid": "dd79e0ec-c655-45ce-aa66-33a9c0cf04fa",
              "parentUUID": "e99a8e25-7e2a-4de2-9161-8b2c6d8d92e3",
              "isHook": false,
              "skipped": false
            },
            {
              "title": "chunk an empty array with valid size, expect empty array",
              "fullTitle": "chunk.js test chunk an empty array with valid size, expect empty array",
              "timedOut": false,
              "duration": 0,
              "state": "passed",
              "speed": "fast",
              "pass": true,
              "fail": false,
              "pending": false,
              "context": null,
              "code": "assert.deepEqual((0, _chunk[\"default\"])([], 10), []);",
              "err": {},
              "uuid": "dd489e9c-a6a3-44b2-99be-3fadc757d230",
              "parentUUID": "e99a8e25-7e2a-4de2-9161-8b2c6d8d92e3",
              "isHook": false,
              "skipped": false
            },
            {
              "title": "chunk an empty array with negative size, expect empty array",
              "fullTitle": "chunk.js test chunk an empty array with negative size, expect empty array",
              "timedOut": false,
              "duration": 0,
              "state": "passed",
              "speed": "fast",
              "pass": true,
              "fail": false,
              "pending": false,
              "context": null,
              "code": "assert.deepEqual((0, _chunk[\"default\"])([], -10), []);",
              "err": {},
              "uuid": "5f890176-6701-4671-8aa8-584766506a75",
              "parentUUID": "e99a8e25-7e2a-4de2-9161-8b2c6d8d92e3",
              "isHook": false,
              "skipped": false
            },
            {
              "title": "chunk invalid type with valid size, expect thrown error",
              "fullTitle": "chunk.js test chunk invalid type with valid size, expect thrown error",
              "timedOut": false,
              "duration": 1,
              "state": "passed",
              "speed": "fast",
              "pass": true,
              "fail": false,
              "pending": false,
              "context": null,
              "code": "try {\n  assert[\"throws\"](function () {\n    (0, _chunk[\"default\"])(\"hello world\", 2);\n  }, 'Invalid input');\n} catch (error) {\n  console.warn('chunk invalid type with valid size, expect thrown error. Reason: ', error.message);\n}",
              "err": {},
              "uuid": "4bb6db25-18d1-4464-86e5-410bee6fd91c",
              "parentUUID": "e99a8e25-7e2a-4de2-9161-8b2c6d8d92e3",
              "isHook": false,
              "skipped": false
            },
            {
              "title": "chunk valid type with valid size, expect valid sub arrays",
              "fullTitle": "chunk.js test chunk valid type with valid size, expect valid sub arrays",
              "timedOut": false,
              "duration": 2,
              "state": "passed",
              "speed": "fast",
              "pass": true,
              "fail": false,
              "pending": false,
              "context": null,
              "code": "try {\n  assert.deepEqual((0, _chunk[\"default\"])(['foo', 'doctor', 'hello'], 2), [['foo', 'doctor'], ['hello']]);\n} catch (error) {\n  console.warn('Unexpected fail test chunk valid type with valid size, expect valid sub arrays. Reason: ', error.message);\n}",
              "err": {},
              "uuid": "e176bcf4-4112-4e0e-9f7f-e7869e949566",
              "parentUUID": "e99a8e25-7e2a-4de2-9161-8b2c6d8d92e3",
              "isHook": false,
              "skipped": false
            }
          ],
          "suites": [],
          "passes": [
            "141ad170-1fda-4f8e-ac51-09f2360231a1",
            "dd79e0ec-c655-45ce-aa66-33a9c0cf04fa",
            "dd489e9c-a6a3-44b2-99be-3fadc757d230",
            "5f890176-6701-4671-8aa8-584766506a75",
            "4bb6db25-18d1-4464-86e5-410bee6fd91c",
            "e176bcf4-4112-4e0e-9f7f-e7869e949566"
          ],
          "failures": [],
          "pending": [],
          "skipped": [],
          "duration": 3,
          "root": false,
          "rootEmpty": false,
          "_timeout": 2000
        },
        {
          "uuid": "37cb09b1-b754-41ac-b706-13fc02020783",
          "title": "clamp.js test",
          "fullFile": "/Users/nghi.thanh/tuni/COMP.SE.200-2020-2021-1-Software-Testing/tests/clamp.test.js",
          "file": "/tests/clamp.test.js",
          "beforeHooks": [],
          "afterHooks": [],
          "tests": [
            {
              "title": "clamp null in range, should throw error",
              "fullTitle": "clamp.js test clamp null in range, should throw error",
              "timedOut": false,
              "duration": 0,
              "state": "failed",
              "speed": null,
              "pass": false,
              "fail": true,
              "pending": false,
              "context": null,
              "code": "assert[\"throws\"](function () {\n  (0, _clamp[\"default\"])(null, 1, 10);\n}, 'Invalid Argument');",
              "err": {
                "message": "AssertionError: expected [Function] to throw an error",
                "estack": "AssertionError: expected [Function] to throw an error\n    at Context.<anonymous> (tests/clamp.test.js:8:9)\n    at processImmediate (internal/timers.js:461:21)",
                "diff": null
              },
              "uuid": "7b4f63c7-615b-46e8-9d4a-5251b6aca035",
              "parentUUID": "37cb09b1-b754-41ac-b706-13fc02020783",
              "isHook": false,
              "skipped": false
            },
            {
              "title": "clamp undefined in range, should throw error",
              "fullTitle": "clamp.js test clamp undefined in range, should throw error",
              "timedOut": false,
              "duration": 0,
              "state": "failed",
              "speed": null,
              "pass": false,
              "fail": true,
              "pending": false,
              "context": null,
              "code": "assert[\"throws\"](function () {\n  (0, _clamp[\"default\"])(undefined, 1, 10);\n}, 'Invalid Argument');",
              "err": {
                "message": "AssertionError: expected [Function] to throw an error",
                "estack": "AssertionError: expected [Function] to throw an error\n    at Context.<anonymous> (tests/clamp.test.js:14:9)\n    at processImmediate (internal/timers.js:461:21)",
                "diff": null
              },
              "uuid": "a90dff54-2391-43b2-a8a2-cc88cb892a88",
              "parentUUID": "37cb09b1-b754-41ac-b706-13fc02020783",
              "isHook": false,
              "skipped": false
            },
            {
              "title": "clamp without parameters, should throw error",
              "fullTitle": "clamp.js test clamp without parameters, should throw error",
              "timedOut": false,
              "duration": 0,
              "state": "failed",
              "speed": null,
              "pass": false,
              "fail": true,
              "pending": false,
              "context": null,
              "code": "assert[\"throws\"](function () {\n  (0, _clamp[\"default\"])();\n}, 'Invalid Argument');",
              "err": {
                "message": "AssertionError: expected [Function] to throw an error",
                "estack": "AssertionError: expected [Function] to throw an error\n    at Context.<anonymous> (tests/clamp.test.js:20:9)\n    at processImmediate (internal/timers.js:461:21)",
                "diff": null
              },
              "uuid": "7b81ae11-cba5-4f62-adec-af34df45874d",
              "parentUUID": "37cb09b1-b754-41ac-b706-13fc02020783",
              "isHook": false,
              "skipped": false
            },
            {
              "title": "clamp number in incorrect range, should thrown error",
              "fullTitle": "clamp.js test clamp number in incorrect range, should thrown error",
              "timedOut": false,
              "duration": 1,
              "state": "failed",
              "speed": null,
              "pass": false,
              "fail": true,
              "pending": false,
              "context": null,
              "code": "assert[\"throws\"](function () {\n  (0, _clamp[\"default\"])(10, 100, 1);\n}, 'Invalid Range');",
              "err": {
                "message": "AssertionError: expected [Function] to throw an error",
                "estack": "AssertionError: expected [Function] to throw an error\n    at Context.<anonymous> (tests/clamp.test.js:26:9)\n    at processImmediate (internal/timers.js:461:21)",
                "diff": null
              },
              "uuid": "4b731ccd-5336-4db7-8561-c96833541e88",
              "parentUUID": "37cb09b1-b754-41ac-b706-13fc02020783",
              "isHook": false,
              "skipped": false
            },
            {
              "title": "clamp number in range without lower, should thrown error",
              "fullTitle": "clamp.js test clamp number in range without lower, should thrown error",
              "timedOut": false,
              "duration": 0,
              "state": "failed",
              "speed": null,
              "pass": false,
              "fail": true,
              "pending": false,
              "context": null,
              "code": "assert[\"throws\"](function () {\n  (0, _clamp[\"default\"])(10, null, 1);\n}, 'Invalid Range');",
              "err": {
                "message": "AssertionError: expected [Function] to throw an error",
                "estack": "AssertionError: expected [Function] to throw an error\n    at Context.<anonymous> (tests/clamp.test.js:32:9)\n    at processImmediate (internal/timers.js:461:21)",
                "diff": null
              },
              "uuid": "52f354e3-d42d-4339-96bc-f259751f7fc7",
              "parentUUID": "37cb09b1-b754-41ac-b706-13fc02020783",
              "isHook": false,
              "skipped": false
            },
            {
              "title": "clamp number in range without upper, should thrown error",
              "fullTitle": "clamp.js test clamp number in range without upper, should thrown error",
              "timedOut": false,
              "duration": 0,
              "state": "failed",
              "speed": null,
              "pass": false,
              "fail": true,
              "pending": false,
              "context": null,
              "code": "assert[\"throws\"](function () {\n  (0, _clamp[\"default\"])(10, 1);\n}, 'Invalid Range');",
              "err": {
                "message": "AssertionError: expected [Function] to throw an error",
                "estack": "AssertionError: expected [Function] to throw an error\n    at Context.<anonymous> (tests/clamp.test.js:38:9)\n    at processImmediate (internal/timers.js:461:21)",
                "diff": null
              },
              "uuid": "15ea6111-b73d-46ff-a1fa-f3fa6914b0da",
              "parentUUID": "37cb09b1-b754-41ac-b706-13fc02020783",
              "isHook": false,
              "skipped": false
            },
            {
              "title": "clamp number in range, return number itself",
              "fullTitle": "clamp.js test clamp number in range, return number itself",
              "timedOut": false,
              "duration": 1,
              "state": "failed",
              "speed": null,
              "pass": false,
              "fail": true,
              "pending": false,
              "context": null,
              "code": "assert.strictEqual((0, _clamp[\"default\"])(42, 0, 1337), 42);",
              "err": {
                "message": "AssertionError: expected 0 to equal 42",
                "estack": "AssertionError: expected 0 to equal 42\n    at Context.<anonymous> (tests/clamp.test.js:44:16)\n    at processImmediate (internal/timers.js:461:21)",
                "diff": "- 0\n+ 42\n"
              },
              "uuid": "929e48ea-5fad-469b-a463-507ead7cfe24",
              "parentUUID": "37cb09b1-b754-41ac-b706-13fc02020783",
              "isHook": false,
              "skipped": false
            },
            {
              "title": "clamp number less than range, return range lowest number",
              "fullTitle": "clamp.js test clamp number less than range, return range lowest number",
              "timedOut": false,
              "duration": 0,
              "state": "passed",
              "speed": "fast",
              "pass": true,
              "fail": false,
              "pending": false,
              "context": null,
              "code": "assert.strictEqual((0, _clamp[\"default\"])(42, 1337, 9000), 1337);",
              "err": {},
              "uuid": "4309a78b-a579-4819-9af4-e759b251a017",
              "parentUUID": "37cb09b1-b754-41ac-b706-13fc02020783",
              "isHook": false,
              "skipped": false
            },
            {
              "title": "clamp number greater than range, return range largest number",
              "fullTitle": "clamp.js test clamp number greater than range, return range largest number",
              "timedOut": false,
              "duration": 0,
              "state": "failed",
              "speed": null,
              "pass": false,
              "fail": true,
              "pending": false,
              "context": null,
              "code": "assert.strictEqual((0, _clamp[\"default\"])(42, 0, 10), 10);",
              "err": {
                "message": "AssertionError: expected 0 to equal 10",
                "estack": "AssertionError: expected 0 to equal 10\n    at Context.<anonymous> (tests/clamp.test.js:52:16)\n    at processImmediate (internal/timers.js:461:21)",
                "diff": "- 0\n+ 10\n"
              },
              "uuid": "2585bb26-163e-4229-999e-0c1809bbd779",
              "parentUUID": "37cb09b1-b754-41ac-b706-13fc02020783",
              "isHook": false,
              "skipped": false
            }
          ],
          "suites": [],
          "passes": [
            "4309a78b-a579-4819-9af4-e759b251a017"
          ],
          "failures": [
            "7b4f63c7-615b-46e8-9d4a-5251b6aca035",
            "a90dff54-2391-43b2-a8a2-cc88cb892a88",
            "7b81ae11-cba5-4f62-adec-af34df45874d",
            "4b731ccd-5336-4db7-8561-c96833541e88",
            "52f354e3-d42d-4339-96bc-f259751f7fc7",
            "15ea6111-b73d-46ff-a1fa-f3fa6914b0da",
            "929e48ea-5fad-469b-a463-507ead7cfe24",
            "2585bb26-163e-4229-999e-0c1809bbd779"
          ],
          "pending": [],
          "skipped": [],
          "duration": 2,
          "root": false,
          "rootEmpty": false,
          "_timeout": 2000
        },
        {
          "uuid": "e578b3d9-07ed-4b5e-88f4-c99ccd1265e2",
          "title": "compact.js test",
          "fullFile": "/Users/nghi.thanh/tuni/COMP.SE.200-2020-2021-1-Software-Testing/tests/compact.test.js",
          "file": "/tests/compact.test.js",
          "beforeHooks": [],
          "afterHooks": [],
          "tests": [
            {
              "title": "compact an empty array, return empty array",
              "fullTitle": "compact.js test compact an empty array, return empty array",
              "timedOut": false,
              "duration": 1,
              "state": "passed",
              "speed": "fast",
              "pass": true,
              "fail": false,
              "pending": false,
              "context": null,
              "code": "assert.deepEqual((0, _compact[\"default\"])([]), []);",
              "err": {},
              "uuid": "016280f9-705a-4736-ac8d-a4d0eb89929b",
              "parentUUID": "e578b3d9-07ed-4b5e-88f4-c99ccd1265e2",
              "isHook": false,
              "skipped": false
            },
            {
              "title": "compact null, expect throws error",
              "fullTitle": "compact.js test compact null, expect throws error",
              "timedOut": false,
              "duration": 0,
              "state": "failed",
              "speed": null,
              "pass": false,
              "fail": true,
              "pending": false,
              "context": null,
              "code": "assert[\"throw\"](function () {\n  (0, _compact[\"default\"])(null);\n}, 'Invalid argument');",
              "err": {
                "message": "AssertionError: expected [Function] to throw error including 'Invalid argument' but got 'object null is not iterable (cannot read property Symbol(Symbol.iterator))'",
                "estack": "AssertionError: expected [Function] to throw error including 'Invalid argument' but got 'object null is not iterable (cannot read property Symbol(Symbol.iterator))'\n    at Context.<anonymous> (tests/compact.test.js:13:9)\n    at processImmediate (internal/timers.js:461:21)",
                "diff": "- object null is not iterable (cannot read property Symbol(Symbol.iterator))\n+ Invalid argument\n"
              },
              "uuid": "c3bb1a98-e7f5-42d0-b637-7829c960c235",
              "parentUUID": "e578b3d9-07ed-4b5e-88f4-c99ccd1265e2",
              "isHook": false,
              "skipped": false
            },
            {
              "title": "compact undefined, expect throws error",
              "fullTitle": "compact.js test compact undefined, expect throws error",
              "timedOut": false,
              "duration": 0,
              "state": "failed",
              "speed": null,
              "pass": false,
              "fail": true,
              "pending": false,
              "context": null,
              "code": "assert[\"throw\"](function () {\n  (0, _compact[\"default\"])(undefined);\n}, 'Invalid argument');",
              "err": {
                "message": "AssertionError: expected [Function] to throw error including 'Invalid argument' but got 'undefined is not iterable (cannot read property Symbol(Symbol.iterator))'",
                "estack": "AssertionError: expected [Function] to throw error including 'Invalid argument' but got 'undefined is not iterable (cannot read property Symbol(Symbol.iterator))'\n    at Context.<anonymous> (tests/compact.test.js:19:9)\n    at processImmediate (internal/timers.js:461:21)",
                "diff": "- undefined is not iterable (cannot read property Symbol(Symbol.iterator))\n+ Invalid argument\n"
              },
              "uuid": "4d660d50-8fbd-44a0-b93e-2339178e770d",
              "parentUUID": "e578b3d9-07ed-4b5e-88f4-c99ccd1265e2",
              "isHook": false,
              "skipped": false
            },
            {
              "title": "compact string, expect throws error",
              "fullTitle": "compact.js test compact string, expect throws error",
              "timedOut": false,
              "duration": 0,
              "state": "failed",
              "speed": null,
              "pass": false,
              "fail": true,
              "pending": false,
              "context": null,
              "code": "assert[\"throw\"](function () {\n  (0, _compact[\"default\"])(\"Hello\");\n}, 'Invalid argument');",
              "err": {
                "message": "AssertionError: expected [Function] to throw an error",
                "estack": "AssertionError: expected [Function] to throw an error\n    at Context.<anonymous> (tests/compact.test.js:25:9)\n    at processImmediate (internal/timers.js:461:21)",
                "diff": null
              },
              "uuid": "46f87ed8-a5d7-4f3e-9d5f-8022c6549b2b",
              "parentUUID": "e578b3d9-07ed-4b5e-88f4-c99ccd1265e2",
              "isHook": false,
              "skipped": false
            },
            {
              "title": "compact object, expect throws error",
              "fullTitle": "compact.js test compact object, expect throws error",
              "timedOut": false,
              "duration": 1,
              "state": "failed",
              "speed": null,
              "pass": false,
              "fail": true,
              "pending": false,
              "context": null,
              "code": "assert[\"throw\"](function () {\n  (0, _compact[\"default\"])({\n    foo: 'bar'\n  });\n}, 'Invalid argument');",
              "err": {
                "message": "AssertionError: expected [Function] to throw error including 'Invalid argument' but got 'Invalid attempt to iterate non-iterable instance.\\nIn order to be iterable, non-array objects must have a [Symbol.iterator]() method.'",
                "estack": "AssertionError: expected [Function] to throw error including 'Invalid argument' but got 'Invalid attempt to iterate non-iterable instance.\\nIn order to be iterable, non-array objects must have a [Symbol.iterator]() method.'\n    at Context.<anonymous> (tests/compact.test.js:31:9)\n    at processImmediate (internal/timers.js:461:21)",
                "diff": "- Invalid attempt to iterate non-iterable instance.\n- In order to be iterable, non-array objects must have a [Symbol.iterator]() method.\n+ Invalid argument\n"
              },
              "uuid": "03dccaf0-fbab-4b38-af07-97d8b0d5ce97",
              "parentUUID": "e578b3d9-07ed-4b5e-88f4-c99ccd1265e2",
              "isHook": false,
              "skipped": false
            },
            {
              "title": "compact an array with valid and falsey values, return array with valid values",
              "fullTitle": "compact.js test compact an array with valid and falsey values, return array with valid values",
              "timedOut": false,
              "duration": 1,
              "state": "failed",
              "speed": null,
              "pass": false,
              "fail": true,
              "pending": false,
              "context": null,
              "code": "assert.deepEqual((0, _compact[\"default\"])([123, undefined, 'Hello', null, '', false, {\n  foo: 'bar'\n}, 0, 5.55]), [123, 'Hello', {\n  foo: 'bar'\n}, 5.55]);",
              "err": {
                "message": "AssertionError: expected [ Array(3) ] to deeply equal [ 123, 'Hello', { foo: 'bar' }, 5.55 ]",
                "estack": "AssertionError: expected [ Array(3) ] to deeply equal [ 123, 'Hello', { foo: 'bar' }, 5.55 ]\n    at Context.<anonymous> (tests/compact.test.js:37:16)\n    at processImmediate (internal/timers.js:461:21)",
                "diff": " [\n+   123\n   \"Hello\"\n   {\n     \"foo\": \"bar\"\n   }\n"
              },
              "uuid": "0903d6f1-e2fd-4031-a93e-ad799d71fc94",
              "parentUUID": "e578b3d9-07ed-4b5e-88f4-c99ccd1265e2",
              "isHook": false,
              "skipped": false
            }
          ],
          "suites": [],
          "passes": [
            "016280f9-705a-4736-ac8d-a4d0eb89929b"
          ],
          "failures": [
            "c3bb1a98-e7f5-42d0-b637-7829c960c235",
            "4d660d50-8fbd-44a0-b93e-2339178e770d",
            "46f87ed8-a5d7-4f3e-9d5f-8022c6549b2b",
            "03dccaf0-fbab-4b38-af07-97d8b0d5ce97",
            "0903d6f1-e2fd-4031-a93e-ad799d71fc94"
          ],
          "pending": [],
          "skipped": [],
          "duration": 3,
          "root": false,
          "rootEmpty": false,
          "_timeout": 2000
        },
        {
          "uuid": "47d6e7e1-6355-4bd3-8017-4d51e410b3a2",
          "title": "countBy.js test",
          "fullFile": "/Users/nghi.thanh/tuni/COMP.SE.200-2020-2021-1-Software-Testing/tests/countBy.test.js",
          "file": "/tests/countBy.test.js",
          "beforeHooks": [],
          "afterHooks": [],
          "tests": [
            {
              "title": "countBy a valid array with valid iteratee, expect return compacted object",
              "fullTitle": "countBy.js test countBy a valid array with valid iteratee, expect return compacted object",
              "timedOut": false,
              "duration": 0,
              "state": "failed",
              "speed": null,
              "pass": false,
              "fail": true,
              "pending": false,
              "context": null,
              "code": "var countedObject = (0, _countBy[\"default\"])(USERS, function (user) {\n  return user.active;\n});\nassert.equal(countedObject[\"true\"], 2);\nassert.equal(countedObject[\"false\"], 1);",
              "err": {
                "message": "AssertionError: expected 1 to equal 2",
                "estack": "AssertionError: expected 1 to equal 2\n    at Context.<anonymous> (tests/countBy.test.js:15:16)\n    at processImmediate (internal/timers.js:461:21)",
                "diff": "- 1\n+ 2\n"
              },
              "uuid": "f7ef1cf7-22c4-4412-8a0f-aba2743c8f4e",
              "parentUUID": "47d6e7e1-6355-4bd3-8017-4d51e410b3a2",
              "isHook": false,
              "skipped": false
            },
            {
              "title": "countBy a valid array with invalid iteratee, expect return empty object",
              "fullTitle": "countBy.js test countBy a valid array with invalid iteratee, expect return empty object",
              "timedOut": false,
              "duration": 0,
              "state": "failed",
              "speed": null,
              "pass": false,
              "fail": true,
              "pending": false,
              "context": null,
              "code": "assert.deepEqual((0, _countBy[\"default\"])(USERS, function (user) {\n  return user.title;\n}), {});",
              "err": {
                "message": "AssertionError: expected { undefined: 2 } to deeply equal {}",
                "estack": "AssertionError: expected { undefined: 2 } to deeply equal {}\n    at Context.<anonymous> (tests/countBy.test.js:20:16)\n    at processImmediate (internal/timers.js:461:21)",
                "diff": "- {\n-   \"undefined\": 2\n- }\n+ {}\n"
              },
              "uuid": "064b773e-68f8-46b9-94b3-2359cab9014c",
              "parentUUID": "47d6e7e1-6355-4bd3-8017-4d51e410b3a2",
              "isHook": false,
              "skipped": false
            },
            {
              "title": "countBy a valid array with void return iteratee, expect return empty object",
              "fullTitle": "countBy.js test countBy a valid array with void return iteratee, expect return empty object",
              "timedOut": false,
              "duration": 0,
              "state": "failed",
              "speed": null,
              "pass": false,
              "fail": true,
              "pending": false,
              "context": null,
              "code": "assert.deepEqual((0, _countBy[\"default\"])(USERS, function (user) {}), {});",
              "err": {
                "message": "AssertionError: expected { undefined: 2 } to deeply equal {}",
                "estack": "AssertionError: expected { undefined: 2 } to deeply equal {}\n    at Context.<anonymous> (tests/countBy.test.js:24:16)\n    at processImmediate (internal/timers.js:461:21)",
                "diff": "- {\n-   \"undefined\": 2\n- }\n+ {}\n"
              },
              "uuid": "1935b068-574d-4dce-b551-bec895502bfc",
              "parentUUID": "47d6e7e1-6355-4bd3-8017-4d51e410b3a2",
              "isHook": false,
              "skipped": false
            },
            {
              "title": "countBy a valid array without iterator, expect thrown message",
              "fullTitle": "countBy.js test countBy a valid array without iterator, expect thrown message",
              "timedOut": false,
              "duration": 1,
              "state": "failed",
              "speed": null,
              "pass": false,
              "fail": true,
              "pending": false,
              "context": null,
              "code": "assert[\"throws\"](function () {\n  (0, _countBy[\"default\"])(USERS);\n}, 'Invalid Iteratee');",
              "err": {
                "message": "AssertionError: expected [Function] to throw error including 'Invalid Iteratee' but got 'iteratee is not a function'",
                "estack": "AssertionError: expected [Function] to throw error including 'Invalid Iteratee' but got 'iteratee is not a function'\n    at Context.<anonymous> (tests/countBy.test.js:28:9)\n    at processImmediate (internal/timers.js:461:21)",
                "diff": "- iteratee is not a function\n+ Invalid Iteratee\n"
              },
              "uuid": "50495d3b-e933-4fcc-906d-b6ab1162380c",
              "parentUUID": "47d6e7e1-6355-4bd3-8017-4d51e410b3a2",
              "isHook": false,
              "skipped": false
            },
            {
              "title": "countBy invalid array with valid iterator, expect thrown message",
              "fullTitle": "countBy.js test countBy invalid array with valid iterator, expect thrown message",
              "timedOut": false,
              "duration": 1,
              "state": "failed",
              "speed": null,
              "pass": false,
              "fail": true,
              "pending": false,
              "context": null,
              "code": "assert[\"throws\"](function () {\n  (0, _countBy[\"default\"])(undefined, function (user) {\n    return user.active;\n  });\n}, 'Invalid Argument');",
              "err": {
                "message": "AssertionError: expected [Function] to throw an error",
                "estack": "AssertionError: expected [Function] to throw an error\n    at Context.<anonymous> (tests/countBy.test.js:34:9)\n    at processImmediate (internal/timers.js:461:21)",
                "diff": null
              },
              "uuid": "f78cff1f-9e96-476e-943f-77d21083eb0a",
              "parentUUID": "47d6e7e1-6355-4bd3-8017-4d51e410b3a2",
              "isHook": false,
              "skipped": false
            }
          ],
          "suites": [],
          "passes": [],
          "failures": [
            "f7ef1cf7-22c4-4412-8a0f-aba2743c8f4e",
            "064b773e-68f8-46b9-94b3-2359cab9014c",
            "1935b068-574d-4dce-b551-bec895502bfc",
            "50495d3b-e933-4fcc-906d-b6ab1162380c",
            "f78cff1f-9e96-476e-943f-77d21083eb0a"
          ],
          "pending": [],
          "skipped": [],
          "duration": 2,
          "root": false,
          "rootEmpty": false,
          "_timeout": 2000
        },
        {
          "uuid": "ae2cbbfe-3248-4298-93a3-4242cc91753b",
          "title": "defaultTo.js test",
          "fullFile": "/Users/nghi.thanh/tuni/COMP.SE.200-2020-2021-1-Software-Testing/tests/defaultTo.test.js",
          "file": "/tests/defaultTo.test.js",
          "beforeHooks": [],
          "afterHooks": [],
          "tests": [
            {
              "title": "defaultTo null, expect return 2nd parameter",
              "fullTitle": "defaultTo.js test defaultTo null, expect return 2nd parameter",
              "timedOut": false,
              "duration": 0,
              "state": "passed",
              "speed": "fast",
              "pass": true,
              "fail": false,
              "pending": false,
              "context": null,
              "code": "assert.strictEqual((0, _defaultTo[\"default\"])(null, 100), 100);",
              "err": {},
              "uuid": "c64b1800-7861-4ded-a2be-a6596fd5d3f7",
              "parentUUID": "ae2cbbfe-3248-4298-93a3-4242cc91753b",
              "isHook": false,
              "skipped": false
            },
            {
              "title": "defaultTo NaN, expect return 2nd parameter",
              "fullTitle": "defaultTo.js test defaultTo NaN, expect return 2nd parameter",
              "timedOut": false,
              "duration": 0,
              "state": "failed",
              "speed": null,
              "pass": false,
              "fail": true,
              "pending": false,
              "context": null,
              "code": "assert.strictEqual((0, _defaultTo[\"default\"])(NaN, 100), 100);",
              "err": {
                "message": "AssertionError: expected NaN to equal 100",
                "estack": "AssertionError: expected NaN to equal 100\n    at Context.<anonymous> (tests/defaultTo.test.js:12:16)\n    at processImmediate (internal/timers.js:461:21)",
                "diff": "- NaN\n+ 100\n"
              },
              "uuid": "0f440a37-e56b-444e-9c2e-dff833e21ca5",
              "parentUUID": "ae2cbbfe-3248-4298-93a3-4242cc91753b",
              "isHook": false,
              "skipped": false
            },
            {
              "title": "defaultTo undefined, expect return 2nd parameter",
              "fullTitle": "defaultTo.js test defaultTo undefined, expect return 2nd parameter",
              "timedOut": false,
              "duration": 0,
              "state": "passed",
              "speed": "fast",
              "pass": true,
              "fail": false,
              "pending": false,
              "context": null,
              "code": "assert.strictEqual((0, _defaultTo[\"default\"])(undefined, 100), 100);",
              "err": {},
              "uuid": "cda946b0-1089-4ce2-98f9-0cef729762bb",
              "parentUUID": "ae2cbbfe-3248-4298-93a3-4242cc91753b",
              "isHook": false,
              "skipped": false
            },
            {
              "title": "defaultTo valid 1st parameter , expect return 1st parameter",
              "fullTitle": "defaultTo.js test defaultTo valid 1st parameter , expect return 1st parameter",
              "timedOut": false,
              "duration": 0,
              "state": "passed",
              "speed": "fast",
              "pass": true,
              "fail": false,
              "pending": false,
              "context": null,
              "code": "assert.strictEqual((0, _defaultTo[\"default\"])('foo', 100), 'foo');",
              "err": {},
              "uuid": "c29d05a9-7b67-4fa3-b650-14fa2574fad1",
              "parentUUID": "ae2cbbfe-3248-4298-93a3-4242cc91753b",
              "isHook": false,
              "skipped": false
            }
          ],
          "suites": [],
          "passes": [
            "c64b1800-7861-4ded-a2be-a6596fd5d3f7",
            "cda946b0-1089-4ce2-98f9-0cef729762bb",
            "c29d05a9-7b67-4fa3-b650-14fa2574fad1"
          ],
          "failures": [
            "0f440a37-e56b-444e-9c2e-dff833e21ca5"
          ],
          "pending": [],
          "skipped": [],
          "duration": 0,
          "root": false,
          "rootEmpty": false,
          "_timeout": 2000
        },
        {
          "uuid": "8d9636e6-8224-428e-b9ed-e69ef979cf19",
          "title": "defaultToAny.js test",
          "fullFile": "/Users/nghi.thanh/tuni/COMP.SE.200-2020-2021-1-Software-Testing/tests/defaultToAny.test.js",
          "file": "/tests/defaultToAny.test.js",
          "beforeHooks": [],
          "afterHooks": [],
          "tests": [
            {
              "title": "defaultToAny null as 1st and 2nd parameters expect return last parameter",
              "fullTitle": "defaultToAny.js test defaultToAny null as 1st and 2nd parameters expect return last parameter",
              "timedOut": false,
              "duration": 1,
              "state": "passed",
              "speed": "fast",
              "pass": true,
              "fail": false,
              "pending": false,
              "context": null,
              "code": "assert.strictEqual((0, _defaultToAny[\"default\"])(null, null, 100), 100);",
              "err": {},
              "uuid": "af556342-5f5c-4523-bbbe-1c6f33359241",
              "parentUUID": "8d9636e6-8224-428e-b9ed-e69ef979cf19",
              "isHook": false,
              "skipped": false
            },
            {
              "title": "defaultToAny NaN, null as 2nd paramter, expect return last parameter",
              "fullTitle": "defaultToAny.js test defaultToAny NaN, null as 2nd paramter, expect return last parameter",
              "timedOut": false,
              "duration": 0,
              "state": "failed",
              "speed": null,
              "pass": false,
              "fail": true,
              "pending": false,
              "context": null,
              "code": "assert.strictEqual((0, _defaultToAny[\"default\"])(NaN, null, 100), 100);",
              "err": {
                "message": "AssertionError: expected NaN to equal 100",
                "estack": "AssertionError: expected NaN to equal 100\n    at Context.<anonymous> (tests/defaultToAny.test.js:12:16)\n    at processImmediate (internal/timers.js:461:21)",
                "diff": "- NaN\n+ 100\n"
              },
              "uuid": "082fd8d5-d78e-4d99-a244-4caf4b880463",
              "parentUUID": "8d9636e6-8224-428e-b9ed-e69ef979cf19",
              "isHook": false,
              "skipped": false
            },
            {
              "title": "defaultToAny undefined as 1st parameter, null as 2nd paramter, NaN as 3rd parameter, expect return last parameter",
              "fullTitle": "defaultToAny.js test defaultToAny undefined as 1st parameter, null as 2nd paramter, NaN as 3rd parameter, expect return last parameter",
              "timedOut": false,
              "duration": 0,
              "state": "failed",
              "speed": null,
              "pass": false,
              "fail": true,
              "pending": false,
              "context": null,
              "code": "assert.strictEqual((0, _defaultToAny[\"default\"])(undefined, null, NaN, 100), 100);",
              "err": {
                "message": "AssertionError: expected NaN to equal 100",
                "estack": "AssertionError: expected NaN to equal 100\n    at Context.<anonymous> (tests/defaultToAny.test.js:16:16)\n    at processImmediate (internal/timers.js:461:21)",
                "diff": "- NaN\n+ 100\n"
              },
              "uuid": "3ff19d6f-f06d-45b5-a275-ff69a5eab795",
              "parentUUID": "8d9636e6-8224-428e-b9ed-e69ef979cf19",
              "isHook": false,
              "skipped": false
            },
            {
              "title": "defaultToAny valid 1st parameter, return 1st parameter",
              "fullTitle": "defaultToAny.js test defaultToAny valid 1st parameter, return 1st parameter",
              "timedOut": false,
              "duration": 1,
              "state": "passed",
              "speed": "fast",
              "pass": true,
              "fail": false,
              "pending": false,
              "context": null,
              "code": "assert.strictEqual((0, _defaultToAny[\"default\"])(5.55, null, undefined), 5.55);",
              "err": {},
              "uuid": "4c5fc987-6f1c-437e-9e9f-ce3e79719f31",
              "parentUUID": "8d9636e6-8224-428e-b9ed-e69ef979cf19",
              "isHook": false,
              "skipped": false
            }
          ],
          "suites": [],
          "passes": [
            "af556342-5f5c-4523-bbbe-1c6f33359241",
            "4c5fc987-6f1c-437e-9e9f-ce3e79719f31"
          ],
          "failures": [
            "082fd8d5-d78e-4d99-a244-4caf4b880463",
            "3ff19d6f-f06d-45b5-a275-ff69a5eab795"
          ],
          "pending": [],
          "skipped": [],
          "duration": 2,
          "root": false,
          "rootEmpty": false,
          "_timeout": 2000
        },
        {
          "uuid": "12dffcae-11f3-4d5f-b42b-2ad3eb9172bf",
          "title": "difference.js test",
          "fullFile": "/Users/nghi.thanh/tuni/COMP.SE.200-2020-2021-1-Software-Testing/tests/difference.test.js",
          "file": "/tests/difference.test.js",
          "beforeHooks": [],
          "afterHooks": [],
          "tests": [
            {
              "title": "difference [2, 1] and [2, 3], expect return [1]",
              "fullTitle": "difference.js test difference [2, 1] and [2, 3], expect return [1]",
              "timedOut": false,
              "duration": 1,
              "state": "passed",
              "speed": "fast",
              "pass": true,
              "fail": false,
              "pending": false,
              "context": null,
              "code": "assert.deepEqual((0, _difference[\"default\"])([2, 1], [2, 3]), [1]);",
              "err": {},
              "uuid": "12fa0875-24a1-4c32-baa7-6c8044150732",
              "parentUUID": "12dffcae-11f3-4d5f-b42b-2ad3eb9172bf",
              "isHook": false,
              "skipped": false
            },
            {
              "title": "difference [2, null] and [1, 2, null, 3], expect return []",
              "fullTitle": "difference.js test difference [2, null] and [1, 2, null, 3], expect return []",
              "timedOut": false,
              "duration": 0,
              "state": "passed",
              "speed": "fast",
              "pass": true,
              "fail": false,
              "pending": false,
              "context": null,
              "code": "assert.deepEqual((0, _difference[\"default\"])([2, null], [1, 2, null, 3]), []);",
              "err": {},
              "uuid": "cb50269f-1b97-4ddd-902a-19645cd9fa16",
              "parentUUID": "12dffcae-11f3-4d5f-b42b-2ad3eb9172bf",
              "isHook": false,
              "skipped": false
            },
            {
              "title": "difference [] and [3, 4, 5], expect return []",
              "fullTitle": "difference.js test difference [] and [3, 4, 5], expect return []",
              "timedOut": false,
              "duration": 0,
              "state": "passed",
              "speed": "fast",
              "pass": true,
              "fail": false,
              "pending": false,
              "context": null,
              "code": "assert.deepEqual((0, _difference[\"default\"])([], [3, 4, 5]), []);",
              "err": {},
              "uuid": "413f5320-090c-44fd-bca8-3bcdeebd6bee",
              "parentUUID": "12dffcae-11f3-4d5f-b42b-2ad3eb9172bf",
              "isHook": false,
              "skipped": false
            },
            {
              "title": "difference null and [3, 4, 5], expect return []",
              "fullTitle": "difference.js test difference null and [3, 4, 5], expect return []",
              "timedOut": false,
              "duration": 0,
              "state": "passed",
              "speed": "fast",
              "pass": true,
              "fail": false,
              "pending": false,
              "context": null,
              "code": "assert.deepEqual((0, _difference[\"default\"])(null, [3, 4, 5]), []);",
              "err": {},
              "uuid": "7723fc76-1218-47b9-bbcc-fbab3b824af6",
              "parentUUID": "12dffcae-11f3-4d5f-b42b-2ad3eb9172bf",
              "isHook": false,
              "skipped": false
            },
            {
              "title": "difference undefined and [3, 4, 5], expect return []",
              "fullTitle": "difference.js test difference undefined and [3, 4, 5], expect return []",
              "timedOut": false,
              "duration": 0,
              "state": "passed",
              "speed": "fast",
              "pass": true,
              "fail": false,
              "pending": false,
              "context": null,
              "code": "assert.deepEqual((0, _difference[\"default\"])(undefined, [3, 4, 5]), []);",
              "err": {},
              "uuid": "cd700f73-4370-426e-8178-a2931dea5a65",
              "parentUUID": "12dffcae-11f3-4d5f-b42b-2ad3eb9172bf",
              "isHook": false,
              "skipped": false
            },
            {
              "title": "difference not array type and [3, 4, 5], expect return []",
[...]
              "pending": false,
              "context": null,
              "code": "var convertedValue = (0, _toFinite[\"default\"])(Infinity);\nassert.isNumber(convertedValue);\nassert.equal(convertedValue, 1.7976931348623157e+308);",
              "err": {},
              "uuid": "ecc51bf1-ef85-42a8-924f-82b14621e29f",
              "parentUUID": "6829272c-f4d1-4f2d-b846-322f1d3ddb08",
              "isHook": false,
              "skipped": false
            }
          ],
          "suites": [],
          "passes": [
            "f1b107c5-4b4e-4179-b7b5-110b24cfbd27",
            "a67f052e-cd07-46b5-857d-9d2ecd93871f",
            "bdd56dae-c8ea-4dae-b075-56702e3e8409",
            "b50e0239-dcb6-4b62-b274-7ffbfc218481",
            "808c094a-8ae1-4ff2-b80d-8641d14dfd88",
            "ecc51bf1-ef85-42a8-924f-82b14621e29f"
          ],
          "failures": [],
          "pending": [],
          "skipped": [],
          "duration": 2,
          "root": false,
          "rootEmpty": false,
          "_timeout": 2000
        },
        {
          "uuid": "2497c83a-21fe-48d9-9cf0-25cb0fe741fd",
          "title": "Test toNumber.js function",
          "fullFile": "/Users/nghi.thanh/tuni/COMP.SE.200-2020-2021-1-Software-Testing/tests/toNumber.test.js",
          "file": "/tests/toNumber.test.js",
          "beforeHooks": [],
          "afterHooks": [],
          "tests": [
            {
              "title": "Give null to method, return NAN",
              "fullTitle": "Test toNumber.js function Give null to method, return NAN",
              "timedOut": false,
              "duration": 0,
              "state": "failed",
              "speed": null,
              "pass": false,
              "fail": true,
              "pending": false,
              "context": null,
              "code": "expect((0, _toNumber[\"default\"])(null)).to.be.NaN;",
              "err": {
                "message": "AssertionError: expected 0 to be NaN",
                "estack": "AssertionError: expected 0 to be NaN\n    at Context.<anonymous> (tests/toNumber.test.js:11:9)\n    at processImmediate (internal/timers.js:461:21)",
                "diff": null
              },
              "uuid": "bf70f066-69a6-4d0f-98a9-a64fd46b5f68",
              "parentUUID": "2497c83a-21fe-48d9-9cf0-25cb0fe741fd",
              "isHook": false,
              "skipped": false
            },
            {
              "title": "Give undefined to method, return NaN",
              "fullTitle": "Test toNumber.js function Give undefined to method, return NaN",
              "timedOut": false,
              "duration": 0,
              "state": "passed",
              "speed": "fast",
              "pass": true,
              "fail": false,
              "pending": false,
              "context": null,
              "code": "expect((0, _toNumber[\"default\"])(undefined)).to.be.NaN;",
              "err": {},
              "uuid": "ea2c61f4-0f36-4ba6-bdfe-adef9c326a13",
              "parentUUID": "2497c83a-21fe-48d9-9cf0-25cb0fe741fd",
              "isHook": false,
              "skipped": false
            },
            {
              "title": "Give invalid number string to method, return NaN",
              "fullTitle": "Test toNumber.js function Give invalid number string to method, return NaN",
              "timedOut": false,
              "duration": 0,
              "state": "passed",
              "speed": "fast",
              "pass": true,
              "fail": false,
              "pending": false,
              "context": null,
              "code": "expect((0, _toNumber[\"default\"])('Hello world!')).to.be.NaN;",
              "err": {},
              "uuid": "4f89a22a-eef7-465c-a2da-b90aaed34b1a",
              "parentUUID": "2497c83a-21fe-48d9-9cf0-25cb0fe741fd",
              "isHook": false,
              "skipped": false
            },
            {
              "title": "Give Hexadecimals number string to method, return converted base 10",
              "fullTitle": "Test toNumber.js function Give Hexadecimals number string to method, return converted base 10",
              "timedOut": false,
              "duration": 0,
              "state": "passed",
              "speed": "fast",
              "pass": true,
              "fail": false,
              "pending": false,
              "context": null,
              "code": "assert.equal((0, _toNumber[\"default\"])('0xabcdef'), 11259375);",
              "err": {},
              "uuid": "11c09506-8942-4b0c-a6f8-564a1ef58596",
              "parentUUID": "2497c83a-21fe-48d9-9cf0-25cb0fe741fd",
              "isHook": false,
              "skipped": false
            },
            {
              "title": "Give valid number string to method, return number type and same value",
              "fullTitle": "Test toNumber.js function Give valid number string to method, return number type and same value",
              "timedOut": false,
              "duration": 0,
              "state": "passed",
              "speed": "fast",
              "pass": true,
              "fail": false,
              "pending": false,
              "context": null,
              "code": "var convertedValue = (0, _toNumber[\"default\"])(500);\nassert.isNumber(convertedValue);\nassert.equal(convertedValue, 500);",
              "err": {},
              "uuid": "ce4801ba-5073-47f5-96ae-21a5f3679ccb",
              "parentUUID": "2497c83a-21fe-48d9-9cf0-25cb0fe741fd",
              "isHook": false,
              "skipped": false
            }
          ],
          "suites": [],
          "passes": [
            "ea2c61f4-0f36-4ba6-bdfe-adef9c326a13",
            "4f89a22a-eef7-465c-a2da-b90aaed34b1a",
            "11c09506-8942-4b0c-a6f8-564a1ef58596",
            "ce4801ba-5073-47f5-96ae-21a5f3679ccb"
          ],
          "failures": [
            "bf70f066-69a6-4d0f-98a9-a64fd46b5f68"
          ],
          "pending": [],
          "skipped": [],
          "duration": 0,
          "root": false,
          "rootEmpty": false,
          "_timeout": 2000
        },
        {
          "uuid": "14375f7c-5191-460b-9e50-f0d12692d5b2",
          "title": "toString test",
          "fullFile": "/Users/nghi.thanh/tuni/COMP.SE.200-2020-2021-1-Software-Testing/tests/toString.test.js",
          "file": "/tests/toString.test.js",
          "beforeHooks": [],
          "afterHooks": [],
          "tests": [
            {
              "title": "should preserved -0",
              "fullTitle": "toString test should preserved -0",
              "timedOut": false,
              "duration": 0,
              "state": "passed",
              "speed": "fast",
              "pass": true,
              "fail": false,
              "pending": false,
              "context": null,
              "code": "expect((0, _toString[\"default\"])(-0)).to.equal('-0');",
              "err": {},
              "uuid": "7d60ef60-76f9-4680-a482-588621cd9c5e",
              "parentUUID": "14375f7c-5191-460b-9e50-f0d12692d5b2",
              "isHook": false,
              "skipped": false
            },
            {
              "title": "should convert array into a string",
              "fullTitle": "toString test should convert array into a string",
              "timedOut": false,
              "duration": 0,
              "state": "passed",
              "speed": "fast",
              "pass": true,
              "fail": false,
              "pending": false,
              "context": null,
              "code": "expect((0, _toString[\"default\"])([1, 2, 3])).to.equal('1,2,3');",
              "err": {},
              "uuid": "14d70403-3de2-4188-8863-7e2c99b34a16",
              "parentUUID": "14375f7c-5191-460b-9e50-f0d12692d5b2",
              "isHook": false,
              "skipped": false
            },
            {
              "title": "should not return string for null, undefined, boolean, NaN",
              "fullTitle": "toString test should not return string for null, undefined, boolean, NaN",
              "timedOut": false,
              "duration": 0,
              "state": "passed",
              "speed": "fast",
              "pass": true,
              "fail": false,
              "pending": false,
              "context": null,
              "code": "expect((0, _toString[\"default\"])(null)).to.not.equal('string');\nexpect((0, _toString[\"default\"])(undefined)).to.not.equal('string');\nexpect((0, _toString[\"default\"])(true)).to.not.equal('string');\nexpect((0, _toString[\"default\"])(NaN)).to.not.equal('string');",
              "err": {},
              "uuid": "b76b6aa5-54d8-435b-8ed0-14c37978238e",
              "parentUUID": "14375f7c-5191-460b-9e50-f0d12692d5b2",
              "isHook": false,
              "skipped": false
            },
            {
              "title": "should return string for number, object, string",
              "fullTitle": "toString test should return string for number, object, string",
              "timedOut": false,
              "duration": 0,
              "state": "passed",
              "speed": "fast",
              "pass": true,
              "fail": false,
              "pending": false,
              "context": null,
              "code": "expect((0, _toString[\"default\"])(123)).to.be.a('string');\nexpect((0, _toString[\"default\"])({\n  'a': 1\n})).to.be.a('string');\nexpect((0, _toString[\"default\"])('abc')).to.be.a('string');",
              "err": {},
              "uuid": "2576e9ef-1ce9-4722-9ea4-9d484a5a08e6",
              "parentUUID": "14375f7c-5191-460b-9e50-f0d12692d5b2",
              "isHook": false,
              "skipped": false
            }
          ],
          "suites": [],
          "passes": [
            "7d60ef60-76f9-4680-a482-588621cd9c5e",
            "14d70403-3de2-4188-8863-7e2c99b34a16",
            "b76b6aa5-54d8-435b-8ed0-14c37978238e",
            "2576e9ef-1ce9-4722-9ea4-9d484a5a08e6"
          ],
          "failures": [],
          "pending": [],
          "skipped": [],
          "duration": 0,
          "root": false,
          "rootEmpty": false,
          "_timeout": 2000
        },
        {
          "uuid": "da8ad8de-ce34-4eb5-a34c-96610cca42c2",
          "title": "upperFirst test",
          "fullFile": "/Users/nghi.thanh/tuni/COMP.SE.200-2020-2021-1-Software-Testing/tests/upperFirst.test.js",
          "file": "/tests/upperFirst.test.js",
          "beforeHooks": [],
          "afterHooks": [],
          "tests": [
            {
              "title": "should convert fred into Fred",
              "fullTitle": "upperFirst test should convert fred into Fred",
              "timedOut": false,
              "duration": 0,
              "state": "passed",
              "speed": "fast",
              "pass": true,
              "fail": false,
              "pending": false,
              "context": null,
              "code": "expect((0, _upperFirst[\"default\"])('fred')).to.equal('Fred');",
              "err": {},
              "uuid": "4b459c7d-7d6e-4dc7-9b0f-dd1cea50cbdd",
              "parentUUID": "da8ad8de-ce34-4eb5-a34c-96610cca42c2",
              "isHook": false,
              "skipped": false
            },
            {
              "title": "should convert FRED into FRED",
              "fullTitle": "upperFirst test should convert FRED into FRED",
              "timedOut": false,
              "duration": 0,
              "state": "passed",
              "speed": "fast",
              "pass": true,
              "fail": false,
              "pending": false,
              "context": null,
              "code": "expect((0, _upperFirst[\"default\"])('FRED')).to.equal('FRED');",
              "err": {},
              "uuid": "a277cd51-e3d3-49fc-bfcb-8d11a42c75b4",
              "parentUUID": "da8ad8de-ce34-4eb5-a34c-96610cca42c2",
              "isHook": false,
              "skipped": false
            },
            {
              "title": "upperFirst should return string",
              "fullTitle": "upperFirst test upperFirst should return string",
              "timedOut": false,
              "duration": 1,
              "state": "passed",
              "speed": "fast",
              "pass": true,
              "fail": false,
              "pending": false,
              "context": null,
              "code": "var result = (0, _upperFirst[\"default\"])('fred');\nexpect(result).to.be.a('string');",
              "err": {},
              "uuid": "7a3fb852-49c6-41d3-989f-d2aa1e3e5f8a",
              "parentUUID": "da8ad8de-ce34-4eb5-a34c-96610cca42c2",
              "isHook": false,
              "skipped": false
            },
            {
              "title": "should not return string for null, undefined, NaN",
              "fullTitle": "upperFirst test should not return string for null, undefined, NaN",
              "timedOut": false,
              "duration": 0,
              "state": "passed",
              "speed": "fast",
              "pass": true,
              "fail": false,
              "pending": false,
              "context": null,
              "code": "expect((0, _upperFirst[\"default\"])(null)).to.not.equal('string');\nexpect((0, _upperFirst[\"default\"])(undefined)).to.not.equal('string');\nexpect((0, _upperFirst[\"default\"])(NaN)).to.not.equal('string');",
              "err": {},
              "uuid": "60097e51-218b-4413-b4e6-ab8b0da0c2ea",
              "parentUUID": "da8ad8de-ce34-4eb5-a34c-96610cca42c2",
              "isHook": false,
              "skipped": false
            }
          ],
          "suites": [],
          "passes": [
            "4b459c7d-7d6e-4dc7-9b0f-dd1cea50cbdd",
            "a277cd51-e3d3-49fc-bfcb-8d11a42c75b4",
            "7a3fb852-49c6-41d3-989f-d2aa1e3e5f8a",
            "60097e51-218b-4413-b4e6-ab8b0da0c2ea"
          ],
          "failures": [],
          "pending": [],
          "skipped": [],
          "duration": 1,
          "root": false,
          "rootEmpty": false,
          "_timeout": 2000
        },
        {
          "uuid": "f3ebc821-67a6-4b56-9ff1-9f5238479a50",
          "title": "Test word.js function",
          "fullFile": "/Users/nghi.thanh/tuni/COMP.SE.200-2020-2021-1-Software-Testing/tests/words.test.js",
          "file": "/tests/words.test.js",
          "beforeHooks": [],
          "afterHooks": [],
          "tests": [
            {
              "title": "Give null to method, method is failed because match method of String is missing",
              "fullTitle": "Test word.js function Give null to method, method is failed because match method of String is missing",
              "timedOut": false,
              "duration": 1,
              "state": "passed",
              "speed": "fast",
              "pass": true,
              "fail": false,
              "pending": false,
              "context": null,
              "code": "expect(function () {\n  (0, _words[\"default\"])(null, null);\n}).to[\"throw\"](TypeError);",
              "err": {},
              "uuid": "be6f6c04-b9f3-4f0f-8256-1bfa8015f601",
              "parentUUID": "f3ebc821-67a6-4b56-9ff1-9f5238479a50",
              "isHook": false,
              "skipped": false
            },
            {
              "title": "Give undefined to method, method is failed because match method of String is missing",
              "fullTitle": "Test word.js function Give undefined to method, method is failed because match method of String is missing",
              "timedOut": false,
              "duration": 0,
              "state": "passed",
              "speed": "fast",
              "pass": true,
              "fail": false,
              "pending": false,
              "context": null,
              "code": "expect(function () {\n  (0, _words[\"default\"])(undefined, null);\n}).to[\"throw\"](TypeError);",
              "err": {},
              "uuid": "9d11acde-7ac9-4ae4-af48-02ae62a1f449",
              "parentUUID": "f3ebc821-67a6-4b56-9ff1-9f5238479a50",
              "isHook": false,
              "skipped": false
            },
            {
              "title": "Give empty string without pattern, return empty array",
              "fullTitle": "Test word.js function Give empty string without pattern, return empty array",
              "timedOut": false,
              "duration": 1,
              "state": "passed",
              "speed": "fast",
              "pass": true,
              "fail": false,
              "pending": false,
              "context": null,
              "code": "expect((0, _words[\"default\"])('')).to.be.instanceOf(Array).that.eql([]);",
              "err": {},
              "uuid": "d782207c-dc51-42b6-aaaf-1b564c0e008e",
              "parentUUID": "f3ebc821-67a6-4b56-9ff1-9f5238479a50",
              "isHook": false,
              "skipped": false
            },
            {
              "title": "Give sample valid string, return array with splitted words and remove all special chars",
              "fullTitle": "Test word.js function Give sample valid string, return array with splitted words and remove all special chars",
              "timedOut": false,
              "duration": 0,
              "state": "passed",
              "speed": "fast",
              "pass": true,
              "fail": false,
              "pending": false,
              "context": null,
              "code": "expect((0, _words[\"default\"])('abc.a abc abb')).to.be.instanceOf(Array).that.eql(['abc', 'a', 'abc', 'abb']);\nexpect((0, _words[\"default\"])('abc.a a,bc ab|b')).to.be.instanceOf(Array).that.eql(['abc', 'a', 'a', 'bc', 'ab', 'b']);",
              "err": {},
              "uuid": "dfc432c8-c401-43d2-8d48-e8bc174f51fa",
              "parentUUID": "f3ebc821-67a6-4b56-9ff1-9f5238479a50",
              "isHook": false,
              "skipped": false
            },
            {
              "title": "Give sample valid string, return array with splitted words match patterns",
              "fullTitle": "Test word.js function Give sample valid string, return array with splitted words match patterns",
              "timedOut": false,
              "duration": 0,
              "state": "passed",
              "speed": "fast",
              "pass": true,
              "fail": false,
              "pending": false,
              "context": null,
              "code": "var SPLIT_WORDS_BY_SPACE_AND_COMMA = /[^, ]+/g;\nexpect((0, _words[\"default\"])('abc.a ab,c abb', SPLIT_WORDS_BY_SPACE_AND_COMMA)).to.be.instanceOf(Array).that.eql(['abc.a', 'ab', 'c', 'abb']);",
              "err": {},
              "uuid": "2106227a-0f75-4c25-a8e9-4467f45b24c4",
              "parentUUID": "f3ebc821-67a6-4b56-9ff1-9f5238479a50",
              "isHook": false,
              "skipped": false
            }
          ],
          "suites": [],
          "passes": [
            "be6f6c04-b9f3-4f0f-8256-1bfa8015f601",
            "9d11acde-7ac9-4ae4-af48-02ae62a1f449",
            "d782207c-dc51-42b6-aaaf-1b564c0e008e",
            "dfc432c8-c401-43d2-8d48-e8bc174f51fa",
            "2106227a-0f75-4c25-a8e9-4467f45b24c4"
          ],
          "failures": [],
          "pending": [],
          "skipped": [],
          "duration": 2,
          "root": false,
          "rootEmpty": false,
          "_timeout": 2000
        }
      ],
      "passes": [],
      "failures": [],
      "pending": [],
      "skipped": [],
      "duration": 0,
      "root": true,
      "rootEmpty": true,
      "_timeout": 2000
    }
  ],
  "meta": {
    "mocha": {
      "version": "8.2.1"
    },
    "mochawesome": {
      "options": {
        "quiet": false,
        "reportFilename": "index",
        "saveHtml": true,
        "saveJson": true,
        "consoleReporter": "spec",
        "useInlineDiffs": false,
        "code": true
      },
      "version": "6.2.1"
    },
    "marge": {
      "options": {
        "reportFilename": "index"
      },
      "version": "5.1.0"
    }
  }
}