<?xml version="1.0" ?>
<!DOCTYPE coverage SYSTEM "http://cobertura.sourceforge.net/xml/coverage-04.dtd">
<coverage lines-valid="201" lines-covered="96" line-rate="0.47759999999999997" branches-valid="224" branches-covered="99" branch-rate="0.442" timestamp="1606780414260" complexity="0" version="0.1">
  <sources>
    <source>/Users/nghi.thanh/tuni/COMP.SE.200-2020-2021-1-Software-Testing</source>
  </sources>
  <packages>
    <class name="add.js" filename="src/add.js" line-rate="1" branch-rate="1">
      <methods>
        <method name="(anonymous_0)" hits="5" signature="()V">
          <lines>
            <line number="16" hits="5"/>
          </lines>
        </method>
      </methods>
      <lines>
        <line number="16" hits="5" branch="false"/>
      </lines>
    </class>
    <class name="at.js" filename="src/at.js" line-rate="1" branch-rate="1">
      <methods>
        <method name="(anonymous_0)" hits="5" signature="()V">
          <lines>
            <line number="19" hits="5"/>
          </lines>
        </method>
      </methods>
      <lines>
        <line number="19" hits="5" branch="false"/>
      </lines>
    </class>
    <class name="camelCase.js" filename="src/camelCase.js" line-rate="1" branch-rate="1">
      <methods>
        <method name="(anonymous_0)" hits="6" signature="()V">
          <lines>
            <line number="24" hits="6"/>
          </lines>
        </method>
        <method name="(anonymous_1)" hits="10" signature="()V">
          <lines>
            <line number="25" hits="10"/>
          </lines>
        </method>
      </methods>
      <lines>
        <line number="24" hits="1" branch="false"/>
        <line number="25" hits="6" branch="false"/>
        <line number="26" hits="10" branch="false"/>
        <line number="27" hits="10" branch="true" condition-coverage="100% (2/2)"/>
      </lines>
    </class>
    <class name="capitalize.js" filename="src/capitalize.js" line-rate="1" branch-rate="1">
      <methods>
        <method name="(anonymous_0)" hits="6" signature="()V">
          <lines>
            <line number="17" hits="6"/>
          </lines>
        </method>
      </methods>
      <lines>
        <line number="17" hits="6" branch="false"/>
      </lines>
    </class>
    <class name="castArray.js" filename="src/castArray.js" line-rate="0" branch-rate="0">
      <methods>
        <method name="castArray" hits="0" signature="()V">
          <lines>
            <line number="33" hits="0"/>
          </lines>
        </method>
      </methods>
      <lines>
        <line number="34" hits="0" branch="false"/>
        <line number="35" hits="0" branch="true" condition-coverage="0% (0/2)"/>
      </lines>
    </class>
    <class name="ceil.js" filename="src/ceil.js" line-rate="1" branch-rate="1">
      <methods>
      </methods>
      <lines>
        <line number="22" hits="1" branch="false"/>
      </lines>
    </class>
    <class name="chunk.js" filename="src/chunk.js" line-rate="0" branch-rate="0">
      <methods>
        <method name="chunk" hits="0" signature="()V">
          <lines>
            <line number="22" hits="0"/>
          </lines>
        </method>
      </methods>
      <lines>
        <line number="23" hits="0" branch="false"/>
        <line number="24" hits="0" branch="true" condition-coverage="0% (0/2)"/>
        <line number="25" hits="0" branch="true" condition-coverage="0% (0/4)"/>
        <line number="26" hits="0" branch="false"/>
        <line number="28" hits="0" branch="false"/>
        <line number="29" hits="0" branch="false"/>
        <line number="30" hits="0" branch="false"/>
        <line number="32" hits="0" branch="false"/>
        <line number="33" hits="0" branch="false"/>
        <line number="35" hits="0" branch="false"/>
      </lines>
    </class>
    <class name="clamp.js" filename="src/clamp.js" line-rate="0" branch-rate="0">
      <methods>
        <method name="clamp" hits="0" signature="()V">
          <lines>
            <line number="18" hits="0"/>
          </lines>
        </method>
      </methods>
      <lines>
        <line number="19" hits="0" branch="false"/>
        <line number="20" hits="0" branch="false"/>
        <line number="21" hits="0" branch="false"/>
        <line number="22" hits="0" branch="true" condition-coverage="0% (0/2)"/>
        <line number="23" hits="0" branch="true" condition-coverage="0% (0/2)"/>
        <line number="24" hits="0" branch="true" condition-coverage="0% (0/2)"/>
        <line number="25" hits="0" branch="true" condition-coverage="0% (0/2)"/>
        <line number="26" hits="0" branch="true" condition-coverage="0% (0/2)"/>
        <line number="28" hits="0" branch="false"/>
      </lines>
    </class>
    <class name="compact.js" filename="src/compact.js" line-rate="0" branch-rate="0">
      <methods>
        <method name="compact" hits="0" signature="()V">
          <lines>
            <line number="14" hits="0"/>
          </lines>
        </method>
      </methods>
      <lines>
        <line number="15" hits="0" branch="false"/>
        <line number="16" hits="0" branch="false"/>
        <line number="18" hits="0" branch="false"/>
        <line number="19" hits="0" branch="true" condition-coverage="0% (0/2)"/>
        <line number="20" hits="0" branch="false"/>
        <line number="23" hits="0" branch="false"/>
      </lines>
    </class>
    <class name="countBy.js" filename="src/countBy.js" line-rate="0" branch-rate="0">
      <methods>
        <method name="countBy" hits="0" signature="()V">
          <lines>
            <line number="29" hits="0"/>
          </lines>
        </method>
        <method name="(anonymous_1)" hits="0" signature="()V">
          <lines>
            <line number="30" hits="0"/>
          </lines>
        </method>
      </methods>
      <lines>
        <line number="5" hits="0" branch="false"/>
        <line number="30" hits="0" branch="false"/>
        <line number="31" hits="0" branch="false"/>
        <line number="32" hits="0" branch="true" condition-coverage="0% (0/2)"/>
        <line number="33" hits="0" branch="false"/>
        <line number="35" hits="0" branch="false"/>
        <line number="37" hits="0" branch="false"/>
      </lines>
    </class>
    <class name="defaultTo.js" filename="src/defaultTo.js" line-rate="0" branch-rate="0">
      <methods>
        <method name="defaultTo" hits="0" signature="()V">
          <lines>
            <line number="19" hits="0"/>
          </lines>
        </method>
      </methods>
      <lines>
        <line number="20" hits="0" branch="true" condition-coverage="0% (0/2)"/>
      </lines>
    </class>
    <class name="defaultToAny.js" filename="src/defaultToAny.js" line-rate="0" branch-rate="1">
      <methods>
        <method name="defaultToAny" hits="0" signature="()V">
          <lines>
            <line number="28" hits="0"/>
          </lines>
        </method>
      </methods>
      <lines>
        <line number="29" hits="0" branch="false"/>
      </lines>
    </class>
    <class name="difference.js" filename="src/difference.js" line-rate="0" branch-rate="0">
      <methods>
        <method name="difference" hits="0" signature="()V">
          <lines>
            <line number="24" hits="0"/>
          </lines>
        </method>
      </methods>
      <lines>
        <line number="25" hits="0" branch="true" condition-coverage="0% (0/2)"/>
      </lines>
    </class>
    <class name="divide.js" filename="src/divide.js" line-rate="0" branch-rate="1">
      <methods>
        <method name="(anonymous_0)" hits="0" signature="()V">
          <lines>
            <line number="16" hits="0"/>
          </lines>
        </method>
      </methods>
      <lines>
        <line number="16" hits="0" branch="false"/>
      </lines>
    </class>
    <class name="drop.js" filename="src/drop.js" line-rate="0" branch-rate="0">
      <methods>
        <method name="drop" hits="0" signature="()V">
          <lines>
            <line number="26" hits="0"/>
          </lines>
        </method>
      </methods>
      <lines>
        <line number="27" hits="0" branch="true" condition-coverage="0% (0/2)"/>
        <line number="28" hits="0" branch="true" condition-coverage="0% (0/2)"/>
      </lines>
    </class>
    <class name="endsWith.js" filename="src/endsWith.js" line-rate="0" branch-rate="0">
      <methods>
        <method name="endsWith" hits="0" signature="()V">
          <lines>
            <line number="23" hits="0"/>
          </lines>
        </method>
      </methods>
      <lines>
        <line number="24" hits="0" branch="false"/>
        <line number="25" hits="0" branch="true" condition-coverage="0% (0/2)"/>
        <line number="26" hits="0" branch="true" condition-coverage="0% (0/4)"/>
        <line number="27" hits="0" branch="false"/>
        <line number="29" hits="0" branch="true" condition-coverage="0% (0/2)"/>
        <line number="30" hits="0" branch="false"/>
        <line number="32" hits="0" branch="false"/>
        <line number="33" hits="0" branch="false"/>
        <line number="34" hits="0" branch="true" condition-coverage="0% (0/2)"/>
      </lines>
    </class>
    <class name="eq.js" filename="src/eq.js" line-rate="1" branch-rate="0.6667000000000001">
      <methods>
        <method name="eq" hits="5" signature="()V">
          <lines>
            <line number="31" hits="5"/>
          </lines>
        </method>
      </methods>
      <lines>
        <line number="32" hits="5" branch="true" condition-coverage="66.66666666666666% (2/3)"/>
      </lines>
    </class>
    <class name="every.js" filename="src/every.js" line-rate="1" branch-rate="1">
      <methods>
        <method name="every" hits="8" signature="()V">
          <lines>
            <line number="22" hits="8"/>
          </lines>
        </method>
      </methods>
      <lines>
        <line number="23" hits="8" branch="false"/>
        <line number="24" hits="8" branch="true" condition-coverage="100% (2/2)"/>
        <line number="26" hits="8" branch="false"/>
        <line number="27" hits="8" branch="true" condition-coverage="100% (2/2)"/>
        <line number="28" hits="1" branch="false"/>
        <line number="31" hits="7" branch="false"/>
      </lines>
    </class>
    <class name="filter.js" filename="src/filter.js" line-rate="0" branch-rate="0">
      <methods>
        <method name="filter" hits="0" signature="()V">
          <lines>
            <line number="24" hits="0"/>
          </lines>
        </method>
      </methods>
      <lines>
        <line number="25" hits="0" branch="false"/>
        <line number="26" hits="0" branch="false"/>
        <line number="27" hits="0" branch="true" condition-coverage="0% (0/2)"/>
        <line number="28" hits="0" branch="false"/>
        <line number="30" hits="0" branch="false"/>
        <line number="31" hits="0" branch="false"/>
        <line number="32" hits="0" branch="true" condition-coverage="0% (0/2)"/>
        <line number="33" hits="0" branch="false"/>
        <line number="36" hits="0" branch="false"/>
      </lines>
    </class>
    <class name="get.js" filename="src/get.js" line-rate="1" branch-rate="0.5">
      <methods>
        <method name="get" hits="3" signature="()V">
          <lines>
            <line number="27" hits="3"/>
          </lines>
        </method>
      </methods>
      <lines>
        <line number="28" hits="3" branch="true" condition-coverage="50% (1/2)"/>
        <line number="29" hits="3" branch="true" condition-coverage="50% (1/2)"/>
      </lines>
    </class>
    <class name="isArguments.js" filename="src/isArguments.js" line-rate="0" branch-rate="0">
      <methods>
        <method name="isArguments" hits="0" signature="()V">
          <lines>
            <line number="19" hits="0"/>
          </lines>
        </method>
      </methods>
      <lines>
        <line number="20" hits="0" branch="true" condition-coverage="0% (0/2)"/>
      </lines>
    </class>
    <class name="isArrayLike.js" filename="src/isArrayLike.js" line-rate="1" branch-rate="1">
      <methods>
        <method name="isArrayLike" hits="5" signature="()V">
          <lines>
            <line number="26" hits="5"/>
          </lines>
        </method>
      </methods>
      <lines>
        <line number="27" hits="5" branch="true" condition-coverage="100% (3/3)"/>
      </lines>
    </class>
    <class name="isArrayLikeObject.js" filename="src/isArrayLikeObject.js" line-rate="0" branch-rate="0">
      <methods>
        <method name="isArrayLikeObject" hits="0" signature="()V">
          <lines>
            <line number="27" hits="0"/>
          </lines>
        </method>
      </methods>
      <lines>
        <line number="28" hits="0" branch="true" condition-coverage="0% (0/2)"/>
      </lines>
    </class>
    <class name="isBoolean.js" filename="src/isBoolean.js" line-rate="0" branch-rate="0">
      <methods>
        <method name="isBoolean" hits="0" signature="()V">
          <lines>
            <line number="19" hits="0"/>
          </lines>
        </method>
      </methods>
      <lines>
        <line number="20" hits="0" branch="true" condition-coverage="0% (0/4)"/>
      </lines>
    </class>
    <class name="isBuffer.js" filename="src/isBuffer.js" line-rate="1" branch-rate="0.8234999999999999">
      <methods>
        <method name="(anonymous_0)" hits="0" signature="()V">
          <lines>
            <line number="33" hits="0"/>
          </lines>
        </method>
      </methods>
      <lines>
        <line number="4" hits="1" branch="true" condition-coverage="100% (4/4)"/>
        <line number="7" hits="1" branch="true" condition-coverage="100% (5/5)"/>
        <line number="10" hits="1" branch="true" condition-coverage="100% (2/2)"/>
        <line number="13" hits="1" branch="true" condition-coverage="50% (1/2)"/>
        <line number="16" hits="1" branch="true" condition-coverage="50% (1/2)"/>
        <line number="33" hits="1" branch="true" condition-coverage="50% (1/2)"/>
      </lines>
    </class>
    <class name="isDate.js" filename="src/isDate.js" line-rate="0" branch-rate="0">
      <methods>
        <method name="(anonymous_0)" hits="0" signature="()V">
          <lines>
            <line number="24" hits="0"/>
          </lines>
        </method>
        <method name="(anonymous_1)" hits="0" signature="()V">
          <lines>
            <line number="25" hits="0"/>
          </lines>
        </method>
      </methods>
      <lines>
        <line number="6" hits="0" branch="true" condition-coverage="0% (0/2)"/>
        <line number="23" hits="0" branch="true" condition-coverage="0% (0/2)"/>
        <line number="24" hits="0" branch="false"/>
        <line number="25" hits="0" branch="true" condition-coverage="0% (0/2)"/>
      </lines>
    </class>
    <class name="isEmpty.js" filename="src/isEmpty.js" line-rate="0.8571" branch-rate="0.6315999999999999">
      <methods>
        <method name="isEmpty" hits="7" signature="()V">
          <lines>
            <line number="45" hits="7"/>
          </lines>
        </method>
      </methods>
      <lines>
        <line number="9" hits="1" branch="false"/>
        <line number="46" hits="7" branch="true" condition-coverage="100% (2/2)"/>
        <line number="47" hits="2" branch="false"/>
        <line number="49" hits="5" branch="true" condition-coverage="55.55555555555556% (5/9)"/>
        <line number="52" hits="2" branch="false"/>
        <line number="54" hits="3" branch="false"/>
        <line number="55" hits="3" branch="true" condition-coverage="75% (3/4)"/>
        <line number="56" hits="0" branch="false"/>
        <line number="58" hits="3" branch="true" condition-coverage="50% (1/2)"/>
        <line number="59" hits="0" branch="false"/>
        <line number="61" hits="3" branch="false"/>
        <line number="62" hits="1" branch="true" condition-coverage="50% (1/2)"/>
        <line number="63" hits="1" branch="false"/>
        <line number="66" hits="2" branch="false"/>
      </lines>
    </class>
    <class name="isLength.js" filename="src/isLength.js" line-rate="1" branch-rate="1">
      <methods>
        <method name="isLength" hits="5" signature="()V">
          <lines>
            <line number="28" hits="5"/>
          </lines>
        </method>
      </methods>
      <lines>
        <line number="2" hits="1" branch="false"/>
        <line number="29" hits="5" branch="true" condition-coverage="100% (4/4)"/>
      </lines>
    </class>
    <class name="isObject.js" filename="src/isObject.js" line-rate="1" branch-rate="1">
      <methods>
        <method name="isObject" hits="6" signature="()V">
          <lines>
            <line number="24" hits="6"/>
          </lines>
        </method>
      </methods>
      <lines>
        <line number="25" hits="6" branch="false"/>
        <line number="26" hits="6" branch="true" condition-coverage="100% (3/3)"/>
      </lines>
    </class>
    <class name="isObjectLike.js" filename="src/isObjectLike.js" line-rate="0" branch-rate="0">
      <methods>
        <method name="isObjectLike" hits="0" signature="()V">
          <lines>
            <line number="23" hits="0"/>
          </lines>
        </method>
      </methods>
      <lines>
        <line number="24" hits="0" branch="true" condition-coverage="0% (0/2)"/>
      </lines>
    </class>
    <class name="isSymbol.js" filename="src/isSymbol.js" line-rate="1" branch-rate="1">
      <methods>
        <method name="isSymbol" hits="30" signature="()V">
          <lines>
            <line number="18" hits="30"/>
          </lines>
        </method>
      </methods>
      <lines>
        <line number="19" hits="30" branch="false"/>
        <line number="20" hits="30" branch="true" condition-coverage="100% (4/4)"/>
      </lines>
    </class>
    <class name="isTypedArray.js" filename="src/isTypedArray.js" line-rate="0.6" branch-rate="0.5">
      <methods>
        <method name="(anonymous_0)" hits="0" signature="()V">
          <lines>
            <line number="27" hits="0"/>
          </lines>
        </method>
        <method name="(anonymous_1)" hits="0" signature="()V">
          <lines>
            <line number="28" hits="0"/>
          </lines>
        </method>
      </methods>
      <lines>
        <line number="6" hits="1" branch="false"/>
        <line number="9" hits="1" branch="true" condition-coverage="100% (2/2)"/>
        <line number="26" hits="1" branch="true" condition-coverage="50% (1/2)"/>
        <line number="27" hits="0" branch="false"/>
        <line number="28" hits="0" branch="true" condition-coverage="0% (0/2)"/>
      </lines>
    </class>
    <class name="keys.js" filename="src/keys.js" line-rate="0" branch-rate="0">
      <methods>
        <method name="keys" hits="0" signature="()V">
          <lines>
            <line number="31" hits="0"/>
          </lines>
        </method>
      </methods>
      <lines>
        <line number="32" hits="0" branch="true" condition-coverage="0% (0/2)"/>
      </lines>
    </class>
    <class name="map.js" filename="src/map.js" line-rate="0" branch-rate="0">
      <methods>
        <method name="map" hits="0" signature="()V">
          <lines>
            <line number="19" hits="0"/>
          </lines>
        </method>
      </methods>
      <lines>
        <line number="20" hits="0" branch="false"/>
        <line number="21" hits="0" branch="true" condition-coverage="0% (0/2)"/>
        <line number="22" hits="0" branch="false"/>
        <line number="24" hits="0" branch="false"/>
        <line number="25" hits="0" branch="false"/>
        <line number="27" hits="0" branch="false"/>
      </lines>
    </class>
    <class name="memoize.js" filename="src/memoize.js" line-rate="0.8462000000000001" branch-rate="0.6154">
      <methods>
        <method name="memoize" hits="1" signature="()V">
          <lines>
            <line number="43" hits="1"/>
          </lines>
        </method>
        <method name="(anonymous_1)" hits="1" signature="()V">
          <lines>
            <line number="47" hits="1"/>
          </lines>
        </method>
      </methods>
      <lines>
        <line number="44" hits="1" branch="true" condition-coverage="80% (4/5)"/>
        <line number="45" hits="0" branch="false"/>
        <line number="47" hits="1" branch="false"/>
        <line number="48" hits="1" branch="true" condition-coverage="50% (1/2)"/>
        <line number="49" hits="1" branch="false"/>
        <line number="51" hits="1" branch="true" condition-coverage="50% (1/2)"/>
        <line number="52" hits="0" branch="false"/>
        <line number="54" hits="1" branch="false"/>
        <line number="55" hits="1" branch="true" condition-coverage="50% (1/2)"/>
        <line number="56" hits="1" branch="false"/>
        <line number="58" hits="1" branch="true" condition-coverage="50% (1/2)"/>
        <line number="59" hits="1" branch="false"/>
        <line number="62" hits="1" branch="false"/>
      </lines>
    </class>
    <class name="reduce.js" filename="src/reduce.js" line-rate="0" branch-rate="0">
      <methods>
        <method name="reduce" hits="0" signature="()V">
          <lines>
            <line number="38" hits="0"/>
          </lines>
        </method>
      </methods>
      <lines>
        <line number="39" hits="0" branch="true" condition-coverage="0% (0/2)"/>
        <line number="40" hits="0" branch="false"/>
        <line number="41" hits="0" branch="false"/>
      </lines>
    </class>
    <class name="slice.js" filename="src/slice.js" line-rate="0" branch-rate="0">
      <methods>
        <method name="slice" hits="0" signature="()V">
          <lines>
            <line number="21" hits="0"/>
          </lines>
        </method>
      </methods>
      <lines>
        <line number="22" hits="0" branch="true" condition-coverage="0% (0/2)"/>
        <line number="23" hits="0" branch="true" condition-coverage="0% (0/2)"/>
        <line number="24" hits="0" branch="false"/>
        <line number="26" hits="0" branch="true" condition-coverage="0% (0/2)"/>
        <line number="27" hits="0" branch="true" condition-coverage="0% (0/2)"/>
        <line number="29" hits="0" branch="true" condition-coverage="0% (0/2)"/>
        <line number="30" hits="0" branch="true" condition-coverage="0% (0/2)"/>
        <line number="32" hits="0" branch="true" condition-coverage="0% (0/2)"/>
        <line number="33" hits="0" branch="false"/>
        <line number="35" hits="0" branch="true" condition-coverage="0% (0/2)"/>
        <line number="36" hits="0" branch="false"/>
        <line number="38" hits="0" branch="false"/>
        <line number="39" hits="0" branch="false"/>
        <line number="40" hits="0" branch="false"/>
        <line number="41" hits="0" branch="false"/>
        <line number="43" hits="0" branch="false"/>
      </lines>
    </class>
    <class name="toFinite.js" filename="src/toFinite.js" line-rate="1" branch-rate="0.8332999999999999">
      <methods>
        <method name="toFinite" hits="6" signature="()V">
          <lines>
            <line number="28" hits="6"/>
          </lines>
        </method>
      </methods>
      <lines>
        <line number="4" hits="1" branch="false"/>
        <line number="5" hits="1" branch="false"/>
        <line number="29" hits="6" branch="true" condition-coverage="100% (2/2)"/>
        <line number="30" hits="2" branch="true" condition-coverage="50% (1/2)"/>
        <line number="32" hits="4" branch="false"/>
        <line number="33" hits="4" branch="true" condition-coverage="100% (4/4)"/>
        <line number="34" hits="1" branch="true" condition-coverage="50% (1/2)"/>
        <line number="35" hits="1" branch="false"/>
        <line number="37" hits="3" branch="true" condition-coverage="100% (2/2)"/>
      </lines>
    </class>
    <class name="toInteger.js" filename="src/toInteger.js" line-rate="0" branch-rate="0">
      <methods>
        <method name="toInteger" hits="0" signature="()V">
          <lines>
            <line number="28" hits="0"/>
          </lines>
        </method>
      </methods>
      <lines>
        <line number="29" hits="0" branch="false"/>
        <line number="30" hits="0" branch="false"/>
        <line number="32" hits="0" branch="true" condition-coverage="0% (0/2)"/>
      </lines>
    </class>
    <class name="toNumber.js" filename="src/toNumber.js" line-rate="0.8332999999999999" branch-rate="0.5">
      <methods>
        <method name="toNumber" hits="9" signature="()V">
          <lines>
            <line number="44" hits="9"/>
          </lines>
        </method>
      </methods>
      <lines>
        <line number="5" hits="1" branch="false"/>
        <line number="8" hits="1" branch="false"/>
        <line number="11" hits="1" branch="false"/>
        <line number="14" hits="1" branch="false"/>
        <line number="17" hits="1" branch="false"/>
        <line number="20" hits="1" branch="false"/>
        <line number="45" hits="9" branch="true" condition-coverage="100% (2/2)"/>
        <line number="46" hits="3" branch="false"/>
        <line number="48" hits="6" branch="true" condition-coverage="50% (1/2)"/>
        <line number="49" hits="0" branch="false"/>
        <line number="51" hits="6" branch="true" condition-coverage="50% (1/2)"/>
        <line number="52" hits="0" branch="true" condition-coverage="0% (0/2)"/>
        <line number="53" hits="0" branch="true" condition-coverage="0% (0/2)"/>
        <line number="55" hits="6" branch="true" condition-coverage="100% (2/2)"/>
        <line number="56" hits="2" branch="true" condition-coverage="50% (1/2)"/>
        <line number="58" hits="4" branch="false"/>
        <line number="59" hits="4" branch="false"/>
        <line number="60" hits="4" branch="true" condition-coverage="75% (3/4)"/>
      </lines>
    </class>
    <class name="toString.js" filename="src/toString.js" line-rate="0.8889" branch-rate="0.8332999999999999">
      <methods>
        <method name="toString" hits="24" signature="()V">
          <lines>
            <line number="25" hits="24"/>
          </lines>
        </method>
        <method name="(anonymous_1)" hits="3" signature="()V">
          <lines>
            <line number="33" hits="3"/>
          </lines>
        </method>
      </methods>
      <lines>
        <line number="4" hits="1" branch="false"/>
        <line number="28" hits="24" branch="true" condition-coverage="100% (2/2)"/>
        <line number="29" hits="5" branch="false"/>
        <line number="31" hits="19" branch="true" condition-coverage="100% (2/2)"/>
        <line number="33" hits="3" branch="true" condition-coverage="50% (1/2)"/>
        <line number="35" hits="18" branch="true" condition-coverage="50% (1/2)"/>
        <line number="36" hits="0" branch="false"/>
        <line number="38" hits="18" branch="false"/>
        <line number="39" hits="18" branch="true" condition-coverage="100% (4/4)"/>
      </lines>
    </class>
    <class name="upperFirst.js" filename="src/upperFirst.js" line-rate="1" branch-rate="1">
      <methods>
      </methods>
      <lines>
        <line number="19" hits="1" branch="false"/>
      </lines>
    </class>
    <class name="words.js" filename="src/words.js" line-rate="1" branch-rate="0.875">
      <methods>
        <method name="asciiWords" hits="5" signature="()V">
          <lines>
            <line number="10" hits="5"/>
          </lines>
        </method>
        <method name="words" hits="12" signature="()V">
          <lines>
            <line number="30" hits="12"/>
          </lines>
        </method>
      </methods>
      <lines>
        <line number="3" hits="1" branch="false"/>
        <line number="8" hits="1" branch="false"/>
        <line number="11" hits="5" branch="false"/>
        <line number="31" hits="12" branch="true" condition-coverage="100% (2/2)"/>
        <line number="32" hits="9" branch="true" condition-coverage="100% (2/2)"/>
        <line number="33" hits="9" branch="true" condition-coverage="100% (2/2)"/>
        <line number="35" hits="3" branch="true" condition-coverage="50% (1/2)"/>
      </lines>
    </class>
  </packages>
</coverage>
