TN:
SF:src/add.js
FN:16,(anonymous_0)
FNF:1
FNH:1
FNDA:5,(anonymous_0)
DA:16,5
LF:1
LH:1
BRF:0
BRH:0
end_of_record
TN:
SF:src/at.js
FN:19,(anonymous_0)
FNF:1
FNH:1
FNDA:5,(anonymous_0)
DA:19,5
LF:1
LH:1
BRF:0
BRH:0
end_of_record
TN:
SF:src/camelCase.js
FN:24,(anonymous_0)
FN:25,(anonymous_1)
FNF:2
FNH:2
FNDA:6,(anonymous_0)
FNDA:10,(anonymous_1)
DA:24,1
DA:25,6
DA:26,10
DA:27,10
LF:4
LH:4
BRDA:27,0,0,4
BRDA:27,0,1,6
BRF:2
BRH:2
end_of_record
TN:
SF:src/capitalize.js
FN:17,(anonymous_0)
FNF:1
FNH:1
FNDA:6,(anonymous_0)
DA:17,6
LF:1
LH:1
BRF:0
BRH:0
end_of_record
TN:
SF:src/castArray.js
FN:33,castArray
FNF:1
FNH:1
FNDA:9,castArray
DA:34,9
DA:35,9
LF:2
LH:2
BRDA:35,0,0,1
BRDA:35,0,1,8
BRF:2
BRH:2
end_of_record
TN:
SF:src/ceil.js
FNF:0
FNH:0
DA:22,1
LF:1
LH:1
BRF:0
BRH:0
end_of_record
TN:
SF:src/chunk.js
FN:22,chunk
FNF:1
FNH:1
FNDA:8,chunk
DA:23,8
DA:24,8
DA:25,8
DA:26,5
DA:28,3
DA:29,3
DA:30,3
DA:32,3
DA:33,12
DA:35,3
LF:10
LH:10
BRDA:22,0,0,1
BRDA:24,1,0,1
BRDA:24,1,1,7
BRDA:25,2,0,5
BRDA:25,2,1,3
BRDA:25,3,0,8
BRDA:25,3,1,5
BRF:7
BRH:7
end_of_record
TN:
SF:src/clamp.js
FN:18,clamp
FNF:1
FNH:1
FNDA:9,clamp
DA:19,9
DA:20,9
DA:21,9
DA:22,9
DA:23,9
DA:24,9
DA:25,7
DA:26,7
DA:28,9
LF:9
LH:9
BRDA:22,0,0,8
BRDA:22,0,1,1
BRDA:23,1,0,7
BRDA:23,1,1,2
BRDA:24,2,0,7
BRDA:24,2,1,2
BRDA:25,3,0,4
BRDA:25,3,1,3
BRDA:26,4,0,1
BRDA:26,4,1,6
BRF:10
BRH:10
end_of_record
TN:
SF:src/compact.js
FN:14,compact
FNF:1
FNH:1
FNDA:6,compact
DA:15,6
DA:16,6
DA:18,6
DA:19,14
DA:20,9
DA:23,3
LF:6
LH:6
BRDA:19,0,0,9
BRDA:19,0,1,5
BRF:2
BRH:2
end_of_record
TN:
SF:src/countBy.js
FN:29,countBy
FN:30,(anonymous_1)
FNF:2
FNH:2
FNDA:5,countBy
FNDA:10,(anonymous_1)
DA:5,1
DA:30,5
DA:31,10
DA:32,9
DA:33,5
DA:35,4
DA:37,9
LF:7
LH:7
BRDA:32,0,0,5
BRDA:32,0,1,4
BRF:2
BRH:2
end_of_record
TN:
SF:src/defaultTo.js
FN:19,defaultTo
FNF:1
FNH:1
FNDA:13,defaultTo
DA:20,13
LF:1
LH:1
BRDA:20,0,0,6
BRDA:20,0,1,7
BRF:2
BRH:2
end_of_record
TN:
SF:src/defaultToAny.js
FN:28,defaultToAny
FNF:1
FNH:1
FNDA:4,defaultToAny
DA:29,4
LF:1
LH:1
BRF:0
BRH:0
end_of_record
TN:
SF:src/difference.js
FN:24,difference
FNF:1
FNH:1
FNDA:6,difference
DA:25,6
LF:1
LH:1
BRDA:25,0,0,3
BRDA:25,0,1,3
BRF:2
BRH:2
end_of_record
TN:
SF:src/divide.js
FN:16,(anonymous_0)
FNF:1
FNH:1
FNDA:6,(anonymous_0)
DA:16,6
LF:1
LH:1
BRF:0
BRH:0
end_of_record
TN:
SF:src/drop.js
FN:26,drop
FNF:1
FNH:1
FNDA:8,drop
DA:27,8
DA:28,8
LF:2
LH:2
BRDA:26,0,0,1
BRDA:27,1,0,1
BRDA:27,1,1,7
BRDA:28,2,0,5
BRDA:28,2,1,3
BRDA:29,3,0,1
BRDA:29,3,1,4
BRF:7
BRH:7
end_of_record
TN:
SF:src/endsWith.js
FN:23,endsWith
FNF:1
FNH:1
FNDA:8,endsWith
DA:24,8
DA:25,6
DA:26,6
DA:27,1
DA:29,5
DA:30,1
DA:32,6
DA:33,6
DA:34,5
LF:9
LH:9
BRDA:25,0,0,3
BRDA:25,0,1,3
BRDA:26,1,0,1
BRDA:26,1,1,5
BRDA:26,2,0,6
BRDA:26,2,1,5
BRDA:29,3,0,1
BRDA:29,3,1,4
BRDA:34,4,0,5
BRDA:34,4,1,4
BRF:10
BRH:10
end_of_record
TN:
SF:src/eq.js
FN:31,eq
FNF:1
FNH:1
FNDA:5,eq
DA:32,5
LF:1
LH:1
BRDA:32,0,0,5
BRDA:32,0,1,2
BRDA:32,0,2,0
BRF:3
BRH:2
end_of_record
TN:
SF:src/every.js
FN:22,every
FNF:1
FNH:1
FNDA:8,every
DA:23,8
DA:24,8
DA:26,8
DA:27,8
DA:28,1
DA:31,7
LF:6
LH:6
BRDA:24,0,0,2
BRDA:24,0,1,6
BRDA:27,1,0,1
BRDA:27,1,1,7
BRF:4
BRH:4
end_of_record
TN:
SF:src/filter.js
FN:24,filter
FNF:1
FNH:1
FNDA:6,filter
DA:25,6
DA:26,6
DA:27,6
DA:28,6
DA:30,6
DA:31,8
DA:32,8
DA:33,1
DA:36,5
LF:9
LH:9
BRDA:27,0,0,2
BRDA:27,0,1,4
BRDA:32,1,0,1
BRDA:32,1,1,6
BRF:4
BRH:4
end_of_record
TN:
SF:src/get.js
FN:27,get
FNF:1
FNH:1
FNDA:3,get
DA:28,3
DA:29,3
LF:2
LH:2
BRDA:28,0,0,0
BRDA:28,0,1,3
BRDA:29,1,0,0
BRDA:29,1,1,3
BRF:4
BRH:2
end_of_record
TN:
SF:src/isArguments.js
FN:19,isArguments
FNF:1
FNH:1
FNDA:8,isArguments
DA:20,8
LF:1
LH:1
BRDA:20,0,0,8
BRDA:20,0,1,2
BRF:2
BRH:2
end_of_record
TN:
SF:src/isArrayLike.js
FN:26,isArrayLike
FNF:1
FNH:1
FNDA:31,isArrayLike
DA:27,31
LF:1
LH:1
BRDA:27,0,0,31
BRDA:27,0,1,26
BRDA:27,0,2,25
BRF:3
BRH:3
end_of_record
TN:
SF:src/isArrayLikeObject.js
FN:27,isArrayLikeObject
FNF:1
FNH:1
FNDA:18,isArrayLikeObject
DA:28,18
LF:1
LH:1
BRDA:28,0,0,18
BRDA:28,0,1,10
BRF:2
BRH:2
end_of_record
TN:
SF:src/isBoolean.js
FN:19,isBoolean
FNF:1
FNH:1
FNDA:8,isBoolean
DA:20,8
LF:1
LH:1
BRDA:20,0,0,8
BRDA:20,0,1,7
BRDA:20,0,2,6
BRDA:20,0,3,2
BRF:4
BRH:4
end_of_record
TN:
SF:src/isBuffer.js
FN:33,(anonymous_0)
FNF:1
FNH:0
FNDA:0,(anonymous_0)
DA:4,1
DA:7,1
DA:10,1
DA:13,1
DA:16,1
DA:33,1
LF:6
LH:6
BRDA:4,0,0,1
BRDA:4,0,1,1
BRDA:4,0,2,1
BRDA:4,0,3,1
BRDA:7,1,0,1
BRDA:7,1,1,1
BRDA:7,1,2,1
BRDA:7,1,3,1
BRDA:7,1,4,1
BRDA:10,2,0,1
BRDA:10,2,1,1
BRDA:13,3,0,1
BRDA:13,3,1,0
BRDA:16,4,0,1
BRDA:16,4,1,0
BRDA:33,5,0,1
BRDA:33,5,1,0
BRF:17
BRH:14
end_of_record
TN:
SF:src/isDate.js
FN:24,(anonymous_0)
FN:25,(anonymous_1)
FNF:2
FNH:1
FNDA:16,(anonymous_0)
FNDA:0,(anonymous_1)
DA:6,1
DA:23,1
DA:24,16
DA:25,0
LF:4
LH:3
BRDA:6,0,0,1
BRDA:6,0,1,1
BRDA:23,1,0,1
BRDA:23,1,1,0
BRDA:25,2,0,0
BRDA:25,2,1,0
BRF:6
BRH:3
end_of_record
TN:
SF:src/isEmpty.js
FN:45,isEmpty
FNF:1
FNH:1
FNDA:7,isEmpty
DA:9,1
DA:46,7
DA:47,2
DA:49,5
DA:52,2
DA:54,3
DA:55,3
DA:56,0
DA:58,3
DA:59,0
DA:61,3
DA:62,1
DA:63,1
DA:66,2
LF:14
LH:12
BRDA:46,0,0,2
BRDA:46,0,1,5
BRDA:49,1,0,2
BRDA:49,1,1,3
BRDA:49,2,0,5
BRDA:49,2,1,2
BRDA:49,2,2,1
BRDA:49,2,3,0
BRDA:49,2,4,0
BRDA:49,2,5,0
BRDA:49,2,6,0
BRDA:55,3,0,0
BRDA:55,3,1,3
BRDA:55,4,0,3
BRDA:55,4,1,3
BRDA:58,5,0,0
BRDA:58,5,1,3
BRDA:62,6,0,1
BRDA:62,6,1,0
BRF:19
BRH:12
end_of_record
TN:
SF:src/isLength.js
FN:28,isLength
FNF:1
FNH:1
FNDA:35,isLength
DA:2,1
DA:29,35
LF:2
LH:2
BRDA:29,0,0,35
BRDA:29,0,1,21
BRDA:29,0,2,20
BRDA:29,0,3,18
BRF:4
BRH:4
end_of_record
TN:
SF:src/isObject.js
FN:24,isObject
FNF:1
FNH:1
FNDA:20,isObject
DA:25,20
DA:26,20
LF:2
LH:2
BRDA:26,0,0,20
BRDA:26,0,1,16
BRDA:26,0,2,9
BRF:3
BRH:3
end_of_record
TN:
SF:src/isObjectLike.js
FN:23,isObjectLike
FNF:1
FNH:1
FNDA:42,isObjectLike
DA:24,42
LF:1
LH:1
BRDA:24,0,0,42
BRDA:24,0,1,24
BRF:2
BRH:2
end_of_record
TN:
SF:src/isSymbol.js
FN:18,isSymbol
FNF:1
FNH:1
FNDA:46,isSymbol
DA:19,46
DA:20,46
LF:2
LH:2
BRDA:20,0,0,46
BRDA:20,0,1,44
BRDA:20,0,2,11
BRDA:20,0,3,4
BRF:4
BRH:4
end_of_record
TN:
SF:src/isTypedArray.js
FN:27,(anonymous_0)
FN:28,(anonymous_1)
FNF:2
FNH:1
FNDA:17,(anonymous_0)
FNDA:0,(anonymous_1)
DA:6,1
DA:9,1
DA:26,1
DA:27,17
DA:28,0
LF:5
LH:4
BRDA:9,0,0,1
BRDA:9,0,1,1
BRDA:26,1,0,1
BRDA:26,1,1,0
BRDA:28,2,0,0
BRDA:28,2,1,0
BRF:6
BRH:3
end_of_record
TN:
SF:src/keys.js
FN:31,keys
FNF:1
FNH:1
FNDA:7,keys
DA:32,7
LF:1
LH:1
BRDA:32,0,0,1
BRDA:32,0,1,6
BRF:2
BRH:2
end_of_record
TN:
SF:src/map.js
FN:19,map
FNF:1
FNH:1
FNDA:7,map
DA:20,7
DA:21,7
DA:22,7
DA:24,7
DA:25,8
DA:27,6
LF:6
LH:6
BRDA:21,0,0,2
BRDA:21,0,1,5
BRF:2
BRH:2
end_of_record
TN:
SF:src/memoize.js
FN:43,memoize
FN:47,(anonymous_1)
FNF:2
FNH:2
FNDA:1,memoize
FNDA:1,(anonymous_1)
DA:44,1
DA:45,0
DA:47,1
DA:48,1
DA:49,1
DA:51,1
DA:52,0
DA:54,1
DA:55,1
DA:56,1
DA:58,1
DA:59,1
DA:62,1
LF:13
LH:11
BRDA:44,0,0,0
BRDA:44,0,1,1
BRDA:44,1,0,1
BRDA:44,1,1,1
BRDA:44,1,2,1
BRDA:48,2,0,1
BRDA:48,2,1,0
BRDA:51,3,0,0
BRDA:51,3,1,1
BRDA:55,4,0,1
BRDA:55,4,1,0
BRDA:58,5,0,1
BRDA:58,5,1,0
BRF:13
BRH:8
end_of_record
TN:
SF:src/reduce.js
FN:38,reduce
FNF:1
FNH:1
FNDA:5,reduce
DA:39,5
DA:40,5
DA:41,5
LF:3
LH:3
BRDA:39,0,0,4
BRDA:39,0,1,1
BRF:2
BRH:2
end_of_record
TN:
SF:src/slice.js
FN:21,slice
FNF:1
FNH:1
FNDA:17,slice
DA:22,17
DA:23,17
DA:24,0
DA:26,17
DA:27,17
DA:29,17
DA:30,0
DA:32,17
DA:33,0
DA:35,17
DA:36,17
DA:38,17
DA:39,17
DA:40,17
DA:41,29
DA:43,17
LF:16
LH:13
BRDA:22,0,0,0
BRDA:22,0,1,17
BRDA:23,1,0,0
BRDA:23,1,1,17
BRDA:26,2,0,0
BRDA:26,2,1,17
BRDA:27,3,0,0
BRDA:27,3,1,17
BRDA:29,4,0,0
BRDA:29,4,1,17
BRDA:30,5,0,0
BRDA:30,5,1,0
BRDA:32,6,0,0
BRDA:32,6,1,17
BRDA:35,7,0,1
BRDA:35,7,1,16
BRF:16
BRH:8
end_of_record
TN:
SF:src/toFinite.js
FN:28,toFinite
FNF:1
FNH:1
FNDA:18,toFinite
DA:4,1
DA:5,1
DA:29,18
DA:30,4
DA:32,14
DA:33,14
DA:34,1
DA:35,1
DA:37,13
LF:9
LH:9
BRDA:29,0,0,4
BRDA:29,0,1,14
BRDA:30,1,0,2
BRDA:30,1,1,2
BRDA:33,2,0,1
BRDA:33,2,1,13
BRDA:33,3,0,14
BRDA:33,3,1,13
BRDA:34,4,0,0
BRDA:34,4,1,1
BRDA:37,5,0,12
BRDA:37,5,1,1
BRF:12
BRH:11
end_of_record
TN:
SF:src/toInteger.js
FN:28,toInteger
FNF:1
FNH:1
FNDA:12,toInteger
DA:29,12
DA:30,12
DA:32,12
LF:3
LH:3
BRDA:32,0,0,1
BRDA:32,0,1,11
BRF:2
BRH:2
end_of_record
TN:
SF:src/toNumber.js
FN:44,toNumber
FNF:1
FNH:1
FNDA:22,toNumber
DA:5,1
DA:8,1
DA:11,1
DA:14,1
DA:17,1
DA:20,1
DA:45,22
DA:46,13
DA:48,9
DA:49,0
DA:51,9
DA:52,1
DA:53,1
DA:55,9
DA:56,2
DA:58,7
DA:59,7
DA:60,7
LF:18
LH:17
BRDA:45,0,0,13
BRDA:45,0,1,9
BRDA:48,1,0,0
BRDA:48,1,1,9
BRDA:51,2,0,1
BRDA:51,2,1,8
BRDA:52,3,0,1
BRDA:52,3,1,0
BRDA:53,4,0,1
BRDA:53,4,1,0
BRDA:55,5,0,2
BRDA:55,5,1,7
BRDA:56,6,0,0
BRDA:56,6,1,2
BRDA:60,7,0,0
BRDA:60,7,1,7
BRDA:60,8,0,7
BRDA:60,8,1,7
BRDA:61,9,0,0
BRDA:61,9,1,0
BRDA:62,10,0,1
BRDA:62,10,1,6
BRF:22
BRH:15
end_of_record
TN:
SF:src/toString.js
FN:25,toString
FN:33,(anonymous_1)
FNF:2
FNH:2
FNDA:24,toString
FNDA:3,(anonymous_1)
DA:4,1
DA:28,24
DA:29,5
DA:31,19
DA:33,3
DA:35,18
DA:36,0
DA:38,18
DA:39,18
LF:9
LH:8
BRDA:28,0,0,5
BRDA:28,0,1,19
BRDA:31,1,0,1
BRDA:31,1,1,18
BRDA:33,2,0,0
BRDA:33,2,1,3
BRDA:35,3,0,0
BRDA:35,3,1,18
BRDA:39,4,0,1
BRDA:39,4,1,17
BRDA:39,5,0,18
BRDA:39,5,1,1
BRF:12
BRH:10
end_of_record
TN:
SF:src/upperFirst.js
FNF:0
FNH:0
DA:19,1
LF:1
LH:1
BRF:0
BRH:0
end_of_record
TN:
SF:src/words.js
FN:10,asciiWords
FN:30,words
FNF:2
FNH:2
FNDA:5,asciiWords
FNDA:12,words
DA:3,1
DA:8,1
DA:11,5
DA:31,12
DA:32,9
DA:33,9
DA:35,3
LF:7
LH:7
BRDA:31,0,0,9
BRDA:31,0,1,3
BRDA:32,1,0,4
BRDA:32,1,1,5
BRDA:33,2,0,9
BRDA:33,2,1,1
BRDA:35,3,0,3
BRDA:35,3,1,0
BRF:8
BRH:7
end_of_record
